This file contains any messages produced by compilers while
running configure, to aid debugging if configure makes a mistake.

It was created by Shore-Storage-Manager configure 6.0.1, which was
generated by GNU Autoconf 2.71.  Invocation command line was

  $ ./configure --enable-dora --enable-dbgsymbols 'CXXFLAGS=-std=c++98 -g' --no-create --no-recursion

## --------- ##
## Platform. ##
## --------- ##

hostname = galaxy03-mars
uname -m = x86_64
uname -r = 6.14.0-rc5+
uname -s = Linux
uname -v = #1 SMP PREEMPT_DYNAMIC Tue Aug 12 11:34:15 CST 2025

/usr/bin/uname -p = x86_64
/bin/uname -X     = unknown

/bin/arch              = x86_64
/usr/bin/arch -k       = unknown
/usr/convex/getsysinfo = unknown
/usr/bin/hostinfo      = unknown
/bin/machine           = unknown
/usr/bin/oslevel       = unknown
/bin/universe          = unknown

PATH: /usr/local/sbin/
PATH: /usr/local/bin/
PATH: /usr/sbin/
PATH: /usr/bin/
PATH: /sbin/
PATH: /bin/
PATH: /snap/bin/


## ----------- ##
## Core tests. ##
## ----------- ##

configure:3144: looking for aux files: compile missing install-sh
configure:3157:  trying ./config/
configure:3186:   ./config/compile found
configure:3186:   ./config/missing found
configure:3168:   ./config/install-sh found
configure:3331: checking for a BSD-compatible install
configure:3404: result: /usr/bin/install -c
configure:3415: checking whether build environment is sane
configure:3470: result: yes
configure:3505: WARNING: 'missing' script is too old or missing
configure:3629: checking for a race-free mkdir -p
configure:3673: result: /usr/bin/mkdir -p
configure:3680: checking for gawk
configure:3701: found /usr/bin/gawk
configure:3712: result: gawk
configure:3723: checking whether make sets $(MAKE)
configure:3746: result: yes
configure:3776: checking whether make supports nested variables
configure:3794: result: yes
configure:3946: checking whether make supports the include directive
configure:3961: make -f confmf.GNU && cat confinc.out
make[1]: Entering directory '/home/wjy/SComet/benchmarks/Tailbench/tailbench/shore/shore-mt'
make[1]: Leaving directory '/home/wjy/SComet/benchmarks/Tailbench/tailbench/shore/shore-mt'
this is the am__doit target
configure:3964: $? = 0
configure:3983: result: yes (GNU style)
configure:4059: checking for gcc
configure:4080: found /usr/bin/gcc
configure:4091: result: gcc
configure:4444: checking for C compiler version
configure:4453: gcc --version >&5
gcc (Ubuntu 13.3.0-6ubuntu2~24.04) 13.3.0
Copyright (C) 2023 Free Software Foundation, Inc.
This is free software; see the source for copying conditions.  There is NO
warranty; not even for MERCHANTABILITY or FITNESS FOR A PARTICULAR PURPOSE.

configure:4464: $? = 0
configure:4453: gcc -v >&5
Using built-in specs.
COLLECT_GCC=gcc
COLLECT_LTO_WRAPPER=/usr/libexec/gcc/x86_64-linux-gnu/13/lto-wrapper
OFFLOAD_TARGET_NAMES=nvptx-none:amdgcn-amdhsa
OFFLOAD_TARGET_DEFAULT=1
Target: x86_64-linux-gnu
Configured with: ../src/configure -v --with-pkgversion='Ubuntu 13.3.0-6ubuntu2~24.04' --with-bugurl=file:///usr/share/doc/gcc-13/README.Bugs --enable-languages=c,ada,c++,go,d,fortran,objc,obj-c++,m2 --prefix=/usr --with-gcc-major-version-only --program-suffix=-13 --program-prefix=x86_64-linux-gnu- --enable-shared --enable-linker-build-id --libexecdir=/usr/libexec --without-included-gettext --enable-threads=posix --libdir=/usr/lib --enable-nls --enable-bootstrap --enable-clocale=gnu --enable-libstdcxx-debug --enable-libstdcxx-time=yes --with-default-libstdcxx-abi=new --enable-libstdcxx-backtrace --enable-gnu-unique-object --disable-vtable-verify --enable-plugin --enable-default-pie --with-system-zlib --enable-libphobos-checking=release --with-target-system-zlib=auto --enable-objc-gc=auto --enable-multiarch --disable-werror --enable-cet --with-arch-32=i686 --with-abi=m64 --with-multilib-list=m32,m64,mx32 --enable-multilib --with-tune=generic --enable-offload-targets=nvptx-none=/build/gcc-13-fG75Ri/gcc-13-13.3.0/debian/tmp-nvptx/usr,amdgcn-amdhsa=/build/gcc-13-fG75Ri/gcc-13-13.3.0/debian/tmp-gcn/usr --enable-offload-defaulted --without-cuda-driver --enable-checking=release --build=x86_64-linux-gnu --host=x86_64-linux-gnu --target=x86_64-linux-gnu --with-build-config=bootstrap-lto-lean --enable-link-serialization=2
Thread model: posix
Supported LTO compression algorithms: zlib zstd
gcc version 13.3.0 (Ubuntu 13.3.0-6ubuntu2~24.04) 
... rest of stderr output deleted ...
configure:4464: $? = 0
configure:4453: gcc -V >&5
gcc: error: unrecognized command-line option '-V'
gcc: fatal error: no input files
compilation terminated.
configure:4464: $? = 1
configure:4453: gcc -qversion >&5
gcc: error: unrecognized command-line option '-qversion'; did you mean '--version'?
gcc: fatal error: no input files
compilation terminated.
configure:4464: $? = 1
configure:4453: gcc -version >&5
gcc: error: unrecognized command-line option '-version'
gcc: fatal error: no input files
compilation terminated.
configure:4464: $? = 1
configure:4484: checking whether the C compiler works
configure:4506: gcc    conftest.c  >&5
configure:4510: $? = 0
configure:4560: result: yes
configure:4563: checking for C compiler default output file name
configure:4565: result: a.out
configure:4571: checking for suffix of executables
configure:4578: gcc -o conftest    conftest.c  >&5
configure:4582: $? = 0
configure:4605: result: 
configure:4627: checking whether we are cross compiling
configure:4635: gcc -o conftest    conftest.c  >&5
configure:4639: $? = 0
configure:4646: ./conftest
configure:4650: $? = 0
configure:4665: result: no
configure:4670: checking for suffix of object files
configure:4693: gcc -c   conftest.c >&5
configure:4697: $? = 0
configure:4719: result: o
configure:4723: checking whether the compiler supports GNU C
configure:4743: gcc -c   conftest.c >&5
configure:4743: $? = 0
configure:4753: result: yes
configure:4764: checking whether gcc accepts -g
configure:4785: gcc -c -g  conftest.c >&5
configure:4785: $? = 0
configure:4829: result: yes
configure:4849: checking for gcc option to enable C11 features
configure:4864: gcc  -c -g -O2  conftest.c >&5
configure:4864: $? = 0
configure:4882: result: none needed
configure:4998: checking whether gcc understands -c and -o together
configure:5021: gcc -c conftest.c -o conftest2.o
configure:5024: $? = 0
configure:5021: gcc -c conftest.c -o conftest2.o
configure:5024: $? = 0
configure:5036: result: yes
configure:5055: checking dependency style of gcc
configure:5167: result: gcc3
configure:5191: checking dependency style of gcc
configure:5301: result: gcc3
configure:5388: checking for g++
configure:5409: found /usr/bin/g++
configure:5420: result: g++
configure:5447: checking for C++ compiler version
configure:5456: g++ --version >&5
g++ (Ubuntu 13.3.0-6ubuntu2~24.04) 13.3.0
Copyright (C) 2023 Free Software Foundation, Inc.
This is free software; see the source for copying conditions.  There is NO
warranty; not even for MERCHANTABILITY or FITNESS FOR A PARTICULAR PURPOSE.

configure:5467: $? = 0
configure:5456: g++ -v >&5
Using built-in specs.
COLLECT_GCC=g++
COLLECT_LTO_WRAPPER=/usr/libexec/gcc/x86_64-linux-gnu/13/lto-wrapper
OFFLOAD_TARGET_NAMES=nvptx-none:amdgcn-amdhsa
OFFLOAD_TARGET_DEFAULT=1
Target: x86_64-linux-gnu
Configured with: ../src/configure -v --with-pkgversion='Ubuntu 13.3.0-6ubuntu2~24.04' --with-bugurl=file:///usr/share/doc/gcc-13/README.Bugs --enable-languages=c,ada,c++,go,d,fortran,objc,obj-c++,m2 --prefix=/usr --with-gcc-major-version-only --program-suffix=-13 --program-prefix=x86_64-linux-gnu- --enable-shared --enable-linker-build-id --libexecdir=/usr/libexec --without-included-gettext --enable-threads=posix --libdir=/usr/lib --enable-nls --enable-bootstrap --enable-clocale=gnu --enable-libstdcxx-debug --enable-libstdcxx-time=yes --with-default-libstdcxx-abi=new --enable-libstdcxx-backtrace --enable-gnu-unique-object --disable-vtable-verify --enable-plugin --enable-default-pie --with-system-zlib --enable-libphobos-checking=release --with-target-system-zlib=auto --enable-objc-gc=auto --enable-multiarch --disable-werror --enable-cet --with-arch-32=i686 --with-abi=m64 --with-multilib-list=m32,m64,mx32 --enable-multilib --with-tune=generic --enable-offload-targets=nvptx-none=/build/gcc-13-fG75Ri/gcc-13-13.3.0/debian/tmp-nvptx/usr,amdgcn-amdhsa=/build/gcc-13-fG75Ri/gcc-13-13.3.0/debian/tmp-gcn/usr --enable-offload-defaulted --without-cuda-driver --enable-checking=release --build=x86_64-linux-gnu --host=x86_64-linux-gnu --target=x86_64-linux-gnu --with-build-config=bootstrap-lto-lean --enable-link-serialization=2
Thread model: posix
Supported LTO compression algorithms: zlib zstd
gcc version 13.3.0 (Ubuntu 13.3.0-6ubuntu2~24.04) 
... rest of stderr output deleted ...
configure:5467: $? = 0
configure:5456: g++ -V >&5
g++: error: unrecognized command-line option '-V'
g++: fatal error: no input files
compilation terminated.
configure:5467: $? = 1
configure:5456: g++ -qversion >&5
g++: error: unrecognized command-line option '-qversion'; did you mean '--version'?
g++: fatal error: no input files
compilation terminated.
configure:5467: $? = 1
configure:5471: checking whether the compiler supports GNU C++
configure:5491: g++ -c -std=c++98 -g  conftest.cpp >&5
configure:5491: $? = 0
configure:5501: result: yes
configure:5512: checking whether g++ accepts -g
configure:5533: g++ -c -g  conftest.cpp >&5
configure:5533: $? = 0
configure:5577: result: yes
configure:5597: checking for g++ option to enable C++11 features
configure:5612: g++  -c -std=c++98 -g  conftest.cpp >&5
conftest.cpp:57:3: error: #error "Compiler does not advertise C++11 conformance"
   57 | # error "Compiler does not advertise C++11 conformance"
      |   ^~~~~
conftest.cpp:62:3: error: 'constexpr' does not name a type
   62 |   constexpr int get_val() { return 20; }
      |   ^~~~~~~~~
conftest.cpp:62:3: note: C++11 'constexpr' only available with '-std=c++11' or '-std=gnu++11'
conftest.cpp: In constructor 'cxx11test::delegate::delegate()':
conftest.cpp:74:30: warning: delegating constructors only available with '-std=c++11' or '-std=gnu++11' [-Wc++11-extensions]
   74 |     delegate(): delegate(2354) {}
      |                              ^
conftest.cpp: At global scope:
conftest.cpp:85:24: warning: override controls (override/final) only available with '-std=c++11' or '-std=gnu++11' [-Wc++11-extensions]
   85 |     virtual int getval() override final { return this->n * 2; }
      |                        ^
conftest.cpp:85:26: warning: override controls (override/final) only available with '-std=c++11' or '-std=gnu++11' [-Wc++11-extensions]
   85 |     virtual int getval() override final { return this->n * 2; }
      |                          ^~~~~~~~
conftest.cpp:92:16: warning: defaulted and deleted functions only available with '-std=c++11' or '-std=gnu++11' [-Wc++11-extensions]
   92 |     nocopy() = default;
      |                ^~~~~~~
conftest.cpp:93:29: warning: defaulted and deleted functions only available with '-std=c++11' or '-std=gnu++11' [-Wc++11-extensions]
   93 |     nocopy(const nocopy&) = delete;
      |                             ^~~~~~
conftest.cpp:94:41: warning: defaulted and deleted functions only available with '-std=c++11' or '-std=gnu++11' [-Wc++11-extensions]
   94 |     nocopy & operator=(const nocopy&) = delete;
      |                                         ^~~~~~
conftest.cpp:106:30: error: ISO C++ forbids declaration of 'sum' with no type [-fpermissive]
  106 |   template <typename V> auto sum(V first) -> V
      |                              ^~~
conftest.cpp:106:25: error: top-level declaration of 'sum' specifies 'auto'
  106 |   template <typename V> auto sum(V first) -> V
      |                         ^~~~
conftest.cpp:106:46: error: trailing return type only available with '-std=c++11' or '-std=gnu++11'
  106 |   template <typename V> auto sum(V first) -> V
      |                                              ^
conftest.cpp:110:33: warning: variadic templates only available with '-std=c++11' or '-std=gnu++11' [-Wc++11-extensions]
  110 |   template <typename V, typename... Args> auto sum(V first, Args... rest) -> V
      |                                 ^~~
conftest.cpp:110:69: warning: variadic templates only available with '-std=c++11' or '-std=gnu++11' [-Wc++11-extensions]
  110 |   template <typename V, typename... Args> auto sum(V first, Args... rest) -> V
      |                                                                     ^~~~
conftest.cpp:110:48: error: ISO C++ forbids declaration of 'sum' with no type [-fpermissive]
  110 |   template <typename V, typename... Args> auto sum(V first, Args... rest) -> V
      |                                                ^~~
conftest.cpp:110:43: error: top-level declaration of 'sum' specifies 'auto'
  110 |   template <typename V, typename... Args> auto sum(V first, Args... rest) -> V
      |                                           ^~~~
conftest.cpp:110:78: error: trailing return type only available with '-std=c++11' or '-std=gnu++11'
  110 |   template <typename V, typename... Args> auto sum(V first, Args... rest) -> V
      |                                                                              ^
conftest.cpp: In function 'int main(int, char**)':
conftest.cpp:134:8: error: 'a1' does not name a type
  134 |   auto a1 = 6538;
      |        ^~
conftest.cpp:135:8: error: 'a2' does not name a type
  135 |   auto a2 = 48573953.4;
      |        ^~
conftest.cpp:136:8: error: 'a3' does not name a type
  136 |   auto a3 = "String literal";
      |        ^~
conftest.cpp:139:13: error: 'i' does not name a type
  139 |   for (auto i = a3; *i; ++i) { total += *i; }
      |             ^
conftest.cpp:139:20: error: expected ';' before '*' token
  139 |   for (auto i = a3; *i; ++i) { total += *i; }
      |                    ^~
      |                    ;
conftest.cpp:139:22: error: 'i' was not declared in this scope
  139 |   for (auto i = a3; *i; ++i) { total += *i; }
      |                      ^
conftest.cpp:141:12: error: 'a2' was not declared in this scope
  141 |   decltype(a2) a4 = 34895.034;
      |            ^~
conftest.cpp:141:3: error: 'decltype' was not declared in this scope
  141 |   decltype(a2) a4 = 34895.034;
      |   ^~~~~~~~
conftest.cpp:145:23: error: 'get_val' is not a member of 'cxx11test'; did you mean 'eval'?
  145 |   short sa[cxx11test::get_val()] = { 0 };
      |                       ^~~~~~~
      |                       eval
conftest.cpp:155:14: error: ISO C++ forbids declaration of 'x' with no type [-fpermissive]
  155 |   for (auto &x : array) { x += 23; }
      |              ^
conftest.cpp:155:18: warning: range-based 'for' loops only available with '-std=c++11' or '-std=gnu++11' [-Wc++11-extensions]
  155 |   for (auto &x : array) { x += 23; }
      |                  ^~~~~
conftest.cpp:155:18: error: forming reference to reference type 'int (&)[20]'
conftest.cpp:160:41: warning: lambda expressions only available with '-std=c++11' or '-std=gnu++11' [-Wc++11-extensions]
  160 |   assert (eval ([](int x) { return x*2; }, 21) == 42);
      |                                         ^
conftest.cpp:160:16: error: no matching function for call to 'eval(main(int, char**)::<lambda(int)>, int)'
  160 |   assert (eval ([](int x) { return x*2; }, 21) == 42);
      |           ~~~~~^~~~~~~~~~~~~~~~~~~~~~~~~~~~~~~
conftest.cpp:100:44: note: candidate: 'template<class Ret, class Fn> Ret cxx11test::eval(Fn, Ret)'
  100 |   template <typename Ret, typename Fn> Ret eval(Fn f, Ret v)
      |                                            ^~~~
conftest.cpp:100:44: note:   template argument deduction/substitution failed:
conftest.cpp: In substitution of 'template<class Ret, class Fn> Ret cxx11test::eval(Fn, Ret) [with Ret = int; Fn = main(int, char**)::<lambda(int)>]':
conftest.cpp:160:16:   required from here
conftest.cpp:160:16: error: template argument for 'template<class Ret, class Fn> Ret cxx11test::eval(Fn, Ret)' uses local type 'main(int, char**)::<lambda(int)>'
  160 |   assert (eval ([](int x) { return x*2; }, 21) == 42);
      |           ~~~~~^~~~~~~~~~~~~~~~~~~~~~~~~~~~~~~
conftest.cpp:160:16: error:   trying to instantiate 'template<class Ret, class Fn> Ret cxx11test::eval(Fn, Ret)'
conftest.cpp:162:48: warning: lambda expressions only available with '-std=c++11' or '-std=gnu++11' [-Wc++11-extensions]
  162 |   assert (eval ([&](double x) { return d += x; }, 3.0) == 5.0);
      |                                                ^
conftest.cpp:162:16: error: no matching function for call to 'eval(main(int, char**)::<lambda(double)>, double)'
  162 |   assert (eval ([&](double x) { return d += x; }, 3.0) == 5.0);
      |           ~~~~~^~~~~~~~~~~~~~~~~~~~~~~~~~~~~~~~~~~~~~~
conftest.cpp:100:44: note: candidate: 'template<class Ret, class Fn> Ret cxx11test::eval(Fn, Ret)'
  100 |   template <typename Ret, typename Fn> Ret eval(Fn f, Ret v)
      |                                            ^~~~
conftest.cpp:100:44: note:   template argument deduction/substitution failed:
conftest.cpp: In substitution of 'template<class Ret, class Fn> Ret cxx11test::eval(Fn, Ret) [with Ret = double; Fn = main(int, char**)::<lambda(double)>]':
conftest.cpp:162:16:   required from here
conftest.cpp:162:16: error: template argument for 'template<class Ret, class Fn> Ret cxx11test::eval(Fn, Ret)' uses local type 'main(int, char**)::<lambda(double)>'
  162 |   assert (eval ([&](double x) { return d += x; }, 3.0) == 5.0);
      |           ~~~~~^~~~~~~~~~~~~~~~~~~~~~~~~~~~~~~~~~~~~~~
conftest.cpp:162:16: error:   trying to instantiate 'template<class Ret, class Fn> Ret cxx11test::eval(Fn, Ret)'
conftest.cpp:164:56: warning: lambda expressions only available with '-std=c++11' or '-std=gnu++11' [-Wc++11-extensions]
  164 |   assert (eval ([=](double x) mutable { return d += x; }, 4.0) == 9.0);
      |                                                        ^
conftest.cpp:164:16: error: no matching function for call to 'eval(main(int, char**)::<lambda(double)>, double)'
  164 |   assert (eval ([=](double x) mutable { return d += x; }, 4.0) == 9.0);
      |           ~~~~~^~~~~~~~~~~~~~~~~~~~~~~~~~~~~~~~~~~~~~~~~~~~~~~
conftest.cpp:100:44: note: candidate: 'template<class Ret, class Fn> Ret cxx11test::eval(Fn, Ret)'
  100 |   template <typename Ret, typename Fn> Ret eval(Fn f, Ret v)
      |                                            ^~~~
conftest.cpp:100:44: note:   template argument deduction/substitution failed:
conftest.cpp: In substitution of 'template<class Ret, class Fn> Ret cxx11test::eval(Fn, Ret) [with Ret = double; Fn = main(int, char**)::<lambda(double)>]':
conftest.cpp:164:16:   required from here
conftest.cpp:164:16: error: template argument for 'template<class Ret, class Fn> Ret cxx11test::eval(Fn, Ret)' uses local type 'main(int, char**)::<lambda(double)>'
  164 |   assert (eval ([=](double x) mutable { return d += x; }, 4.0) == 9.0);
      |           ~~~~~^~~~~~~~~~~~~~~~~~~~~~~~~~~~~~~~~~~~~~~~~~~~~~~
conftest.cpp:164:16: error:   trying to instantiate 'template<class Ret, class Fn> Ret cxx11test::eval(Fn, Ret)'
conftest.cpp:169:20: error: 'sum' has not been declared in 'cxx11test'
  169 |   using cxx11test::sum;
      |                    ^~~
conftest.cpp:170:8: error: 'a' does not name a type
  170 |   auto a = sum(1);
      |        ^
conftest.cpp:171:8: error: 'b' does not name a type
  171 |   auto b = sum(1, 2);
      |        ^
conftest.cpp:172:8: error: 'c' does not name a type
  172 |   auto c = sum(1.0, 2.0, 3.0);
      |        ^
conftest.cpp:177:25: warning: empty parentheses were disambiguated as a function declaration [-Wvexing-parse]
  177 |   cxx11test::delegate d2();
      |                         ^~
conftest.cpp:177:25: note: remove parentheses to default-initialize a variable
  177 |   cxx11test::delegate d2();
      |                         ^~
      |                         --
conftest.cpp:186:13: error: 'nullptr' was not declared in this scope
  186 |   char *c = nullptr;
      |             ^~~~~~~
conftest.cpp:190:36: error: '>>' should be '> >' within a nested template argument list
  190 |   test_template<::test_template<int>> v(test_template<int>(12));
      |                                    ^~
      |                                    > >
conftest.cpp:190:16: error: '<::' cannot begin a template-argument list [-fpermissive]
  190 |   test_template<::test_template<int>> v(test_template<int>(12));
      |                ^~
conftest.cpp:190:16: note: '<:' is an alternate spelling for '['. Insert whitespace between '<' and '::'
conftest.cpp:190:16: note: (if you use '-fpermissive' or '-std=c++11', or '-std=gnu++11' G++ will accept your code)
conftest.cpp:194:22: error: 'u8' was not declared in this scope; did you mean 'utf8'?
  194 |   char const *utf8 = u8"UTF-8 string \u2500";
      |                      ^~
      |                      utf8
conftest.cpp:195:3: error: 'char16_t' was not declared in this scope
  195 |   char16_t const *utf16 = u"UTF-8 string \u2500";
      |   ^~~~~~~~
conftest.cpp:196:3: error: 'char32_t' was not declared in this scope
  196 |   char32_t const *utf32 = U"UTF-32 string \u2500";
      |   ^~~~~~~~
configure:5612: $? = 1
configure: failed program was:
| /* confdefs.h */
| #define PACKAGE_NAME "Shore-Storage-Manager"
| #define PACKAGE_TARNAME "shore-storage-manager"
| #define PACKAGE_VERSION "6.0.1"
| #define PACKAGE_STRING "Shore-Storage-Manager 6.0.1"
| #define PACKAGE_BUGREPORT "Noone._Sadly-_this_is_unsupported_software."
| #define PACKAGE_URL ""
| #define PACKAGE "shore-storage-manager"
| #define VERSION "6.0.1"
| /* end confdefs.h.  */
| 
| // Does the compiler advertise C++98 conformance?
| #if !defined __cplusplus || __cplusplus < 199711L
| # error "Compiler does not advertise C++98 conformance"
| #endif
| 
| // These inclusions are to reject old compilers that
| // lack the unsuffixed header files.
| #include <cstdlib>
| #include <exception>
| 
| // <cassert> and <cstring> are *not* freestanding headers in C++98.
| extern void assert (int);
| namespace std {
|   extern int strcmp (const char *, const char *);
| }
| 
| // Namespaces, exceptions, and templates were all added after "C++ 2.0".
| using std::exception;
| using std::strcmp;
| 
| namespace {
| 
| void test_exception_syntax()
| {
|   try {
|     throw "test";
|   } catch (const char *s) {
|     // Extra parentheses suppress a warning when building autoconf itself,
|     // due to lint rules shared with more typical C programs.
|     assert (!(strcmp) (s, "test"));
|   }
| }
| 
| template <typename T> struct test_template
| {
|   T const val;
|   explicit test_template(T t) : val(t) {}
|   template <typename U> T add(U u) { return static_cast<T>(u) + val; }
| };
| 
| } // anonymous namespace
| 
| 
| // Does the compiler advertise C++ 2011 conformance?
| #if !defined __cplusplus || __cplusplus < 201103L
| # error "Compiler does not advertise C++11 conformance"
| #endif
| 
| namespace cxx11test
| {
|   constexpr int get_val() { return 20; }
| 
|   struct testinit
|   {
|     int i;
|     double d;
|   };
| 
|   class delegate
|   {
|   public:
|     delegate(int n) : n(n) {}
|     delegate(): delegate(2354) {}
| 
|     virtual int getval() { return this->n; };
|   protected:
|     int n;
|   };
| 
|   class overridden : public delegate
|   {
|   public:
|     overridden(int n): delegate(n) {}
|     virtual int getval() override final { return this->n * 2; }
|   };
| 
|   class nocopy
|   {
|   public:
|     nocopy(int i): i(i) {}
|     nocopy() = default;
|     nocopy(const nocopy&) = delete;
|     nocopy & operator=(const nocopy&) = delete;
|   private:
|     int i;
|   };
| 
|   // for testing lambda expressions
|   template <typename Ret, typename Fn> Ret eval(Fn f, Ret v)
|   {
|     return f(v);
|   }
| 
|   // for testing variadic templates and trailing return types
|   template <typename V> auto sum(V first) -> V
|   {
|     return first;
|   }
|   template <typename V, typename... Args> auto sum(V first, Args... rest) -> V
|   {
|     return first + sum(rest...);
|   }
| }
| 
| 
| int
| main (int argc, char **argv)
| {
|   int ok = 0;
|   
|   assert (argc);
|   assert (! argv[0]);
| {
|   test_exception_syntax ();
|   test_template<double> tt (2.0);
|   assert (tt.add (4) == 6.0);
|   assert (true && !false);
| }
| 
|   
| {
|   // Test auto and decltype
|   auto a1 = 6538;
|   auto a2 = 48573953.4;
|   auto a3 = "String literal";
| 
|   int total = 0;
|   for (auto i = a3; *i; ++i) { total += *i; }
| 
|   decltype(a2) a4 = 34895.034;
| }
| {
|   // Test constexpr
|   short sa[cxx11test::get_val()] = { 0 };
| }
| {
|   // Test initializer lists
|   cxx11test::testinit il = { 4323, 435234.23544 };
| }
| {
|   // Test range-based for
|   int array[] = {9, 7, 13, 15, 4, 18, 12, 10, 5, 3,
|                  14, 19, 17, 8, 6, 20, 16, 2, 11, 1};
|   for (auto &x : array) { x += 23; }
| }
| {
|   // Test lambda expressions
|   using cxx11test::eval;
|   assert (eval ([](int x) { return x*2; }, 21) == 42);
|   double d = 2.0;
|   assert (eval ([&](double x) { return d += x; }, 3.0) == 5.0);
|   assert (d == 5.0);
|   assert (eval ([=](double x) mutable { return d += x; }, 4.0) == 9.0);
|   assert (d == 5.0);
| }
| {
|   // Test use of variadic templates
|   using cxx11test::sum;
|   auto a = sum(1);
|   auto b = sum(1, 2);
|   auto c = sum(1.0, 2.0, 3.0);
| }
| {
|   // Test constructor delegation
|   cxx11test::delegate d1;
|   cxx11test::delegate d2();
|   cxx11test::delegate d3(45);
| }
| {
|   // Test override and final
|   cxx11test::overridden o1(55464);
| }
| {
|   // Test nullptr
|   char *c = nullptr;
| }
| {
|   // Test template brackets
|   test_template<::test_template<int>> v(test_template<int>(12));
| }
| {
|   // Unicode literals
|   char const *utf8 = u8"UTF-8 string \u2500";
|   char16_t const *utf16 = u"UTF-8 string \u2500";
|   char32_t const *utf32 = U"UTF-32 string \u2500";
| }
| 
|   return ok;
| }
| 
configure:5612: g++ -std=gnu++11 -c -std=c++98 -g  conftest.cpp >&5
conftest.cpp:57:3: error: #error "Compiler does not advertise C++11 conformance"
   57 | # error "Compiler does not advertise C++11 conformance"
      |   ^~~~~
conftest.cpp:62:3: error: 'constexpr' does not name a type
   62 |   constexpr int get_val() { return 20; }
      |   ^~~~~~~~~
conftest.cpp:62:3: note: C++11 'constexpr' only available with '-std=c++11' or '-std=gnu++11'
conftest.cpp: In constructor 'cxx11test::delegate::delegate()':
conftest.cpp:74:30: warning: delegating constructors only available with '-std=c++11' or '-std=gnu++11' [-Wc++11-extensions]
   74 |     delegate(): delegate(2354) {}
      |                              ^
conftest.cpp: At global scope:
conftest.cpp:85:24: warning: override controls (override/final) only available with '-std=c++11' or '-std=gnu++11' [-Wc++11-extensions]
   85 |     virtual int getval() override final { return this->n * 2; }
      |                        ^
conftest.cpp:85:26: warning: override controls (override/final) only available with '-std=c++11' or '-std=gnu++11' [-Wc++11-extensions]
   85 |     virtual int getval() override final { return this->n * 2; }
      |                          ^~~~~~~~
conftest.cpp:92:16: warning: defaulted and deleted functions only available with '-std=c++11' or '-std=gnu++11' [-Wc++11-extensions]
   92 |     nocopy() = default;
      |                ^~~~~~~
conftest.cpp:93:29: warning: defaulted and deleted functions only available with '-std=c++11' or '-std=gnu++11' [-Wc++11-extensions]
   93 |     nocopy(const nocopy&) = delete;
      |                             ^~~~~~
conftest.cpp:94:41: warning: defaulted and deleted functions only available with '-std=c++11' or '-std=gnu++11' [-Wc++11-extensions]
   94 |     nocopy & operator=(const nocopy&) = delete;
      |                                         ^~~~~~
conftest.cpp:106:30: error: ISO C++ forbids declaration of 'sum' with no type [-fpermissive]
  106 |   template <typename V> auto sum(V first) -> V
      |                              ^~~
conftest.cpp:106:25: error: top-level declaration of 'sum' specifies 'auto'
  106 |   template <typename V> auto sum(V first) -> V
      |                         ^~~~
conftest.cpp:106:46: error: trailing return type only available with '-std=c++11' or '-std=gnu++11'
  106 |   template <typename V> auto sum(V first) -> V
      |                                              ^
conftest.cpp:110:33: warning: variadic templates only available with '-std=c++11' or '-std=gnu++11' [-Wc++11-extensions]
  110 |   template <typename V, typename... Args> auto sum(V first, Args... rest) -> V
      |                                 ^~~
conftest.cpp:110:69: warning: variadic templates only available with '-std=c++11' or '-std=gnu++11' [-Wc++11-extensions]
  110 |   template <typename V, typename... Args> auto sum(V first, Args... rest) -> V
      |                                                                     ^~~~
conftest.cpp:110:48: error: ISO C++ forbids declaration of 'sum' with no type [-fpermissive]
  110 |   template <typename V, typename... Args> auto sum(V first, Args... rest) -> V
      |                                                ^~~
conftest.cpp:110:43: error: top-level declaration of 'sum' specifies 'auto'
  110 |   template <typename V, typename... Args> auto sum(V first, Args... rest) -> V
      |                                           ^~~~
conftest.cpp:110:78: error: trailing return type only available with '-std=c++11' or '-std=gnu++11'
  110 |   template <typename V, typename... Args> auto sum(V first, Args... rest) -> V
      |                                                                              ^
conftest.cpp: In function 'int main(int, char**)':
conftest.cpp:134:8: error: 'a1' does not name a type
  134 |   auto a1 = 6538;
      |        ^~
conftest.cpp:135:8: error: 'a2' does not name a type
  135 |   auto a2 = 48573953.4;
      |        ^~
conftest.cpp:136:8: error: 'a3' does not name a type
  136 |   auto a3 = "String literal";
      |        ^~
conftest.cpp:139:13: error: 'i' does not name a type
  139 |   for (auto i = a3; *i; ++i) { total += *i; }
      |             ^
conftest.cpp:139:20: error: expected ';' before '*' token
  139 |   for (auto i = a3; *i; ++i) { total += *i; }
      |                    ^~
      |                    ;
conftest.cpp:139:22: error: 'i' was not declared in this scope
  139 |   for (auto i = a3; *i; ++i) { total += *i; }
      |                      ^
conftest.cpp:141:12: error: 'a2' was not declared in this scope
  141 |   decltype(a2) a4 = 34895.034;
      |            ^~
conftest.cpp:141:3: error: 'decltype' was not declared in this scope
  141 |   decltype(a2) a4 = 34895.034;
      |   ^~~~~~~~
conftest.cpp:145:23: error: 'get_val' is not a member of 'cxx11test'; did you mean 'eval'?
  145 |   short sa[cxx11test::get_val()] = { 0 };
      |                       ^~~~~~~
      |                       eval
conftest.cpp:155:14: error: ISO C++ forbids declaration of 'x' with no type [-fpermissive]
  155 |   for (auto &x : array) { x += 23; }
      |              ^
conftest.cpp:155:18: warning: range-based 'for' loops only available with '-std=c++11' or '-std=gnu++11' [-Wc++11-extensions]
  155 |   for (auto &x : array) { x += 23; }
      |                  ^~~~~
conftest.cpp:155:18: error: forming reference to reference type 'int (&)[20]'
conftest.cpp:160:41: warning: lambda expressions only available with '-std=c++11' or '-std=gnu++11' [-Wc++11-extensions]
  160 |   assert (eval ([](int x) { return x*2; }, 21) == 42);
      |                                         ^
conftest.cpp:160:16: error: no matching function for call to 'eval(main(int, char**)::<lambda(int)>, int)'
  160 |   assert (eval ([](int x) { return x*2; }, 21) == 42);
      |           ~~~~~^~~~~~~~~~~~~~~~~~~~~~~~~~~~~~~
conftest.cpp:100:44: note: candidate: 'template<class Ret, class Fn> Ret cxx11test::eval(Fn, Ret)'
  100 |   template <typename Ret, typename Fn> Ret eval(Fn f, Ret v)
      |                                            ^~~~
conftest.cpp:100:44: note:   template argument deduction/substitution failed:
conftest.cpp: In substitution of 'template<class Ret, class Fn> Ret cxx11test::eval(Fn, Ret) [with Ret = int; Fn = main(int, char**)::<lambda(int)>]':
conftest.cpp:160:16:   required from here
conftest.cpp:160:16: error: template argument for 'template<class Ret, class Fn> Ret cxx11test::eval(Fn, Ret)' uses local type 'main(int, char**)::<lambda(int)>'
  160 |   assert (eval ([](int x) { return x*2; }, 21) == 42);
      |           ~~~~~^~~~~~~~~~~~~~~~~~~~~~~~~~~~~~~
conftest.cpp:160:16: error:   trying to instantiate 'template<class Ret, class Fn> Ret cxx11test::eval(Fn, Ret)'
conftest.cpp:162:48: warning: lambda expressions only available with '-std=c++11' or '-std=gnu++11' [-Wc++11-extensions]
  162 |   assert (eval ([&](double x) { return d += x; }, 3.0) == 5.0);
      |                                                ^
conftest.cpp:162:16: error: no matching function for call to 'eval(main(int, char**)::<lambda(double)>, double)'
  162 |   assert (eval ([&](double x) { return d += x; }, 3.0) == 5.0);
      |           ~~~~~^~~~~~~~~~~~~~~~~~~~~~~~~~~~~~~~~~~~~~~
conftest.cpp:100:44: note: candidate: 'template<class Ret, class Fn> Ret cxx11test::eval(Fn, Ret)'
  100 |   template <typename Ret, typename Fn> Ret eval(Fn f, Ret v)
      |                                            ^~~~
conftest.cpp:100:44: note:   template argument deduction/substitution failed:
conftest.cpp: In substitution of 'template<class Ret, class Fn> Ret cxx11test::eval(Fn, Ret) [with Ret = double; Fn = main(int, char**)::<lambda(double)>]':
conftest.cpp:162:16:   required from here
conftest.cpp:162:16: error: template argument for 'template<class Ret, class Fn> Ret cxx11test::eval(Fn, Ret)' uses local type 'main(int, char**)::<lambda(double)>'
  162 |   assert (eval ([&](double x) { return d += x; }, 3.0) == 5.0);
      |           ~~~~~^~~~~~~~~~~~~~~~~~~~~~~~~~~~~~~~~~~~~~~
conftest.cpp:162:16: error:   trying to instantiate 'template<class Ret, class Fn> Ret cxx11test::eval(Fn, Ret)'
conftest.cpp:164:56: warning: lambda expressions only available with '-std=c++11' or '-std=gnu++11' [-Wc++11-extensions]
  164 |   assert (eval ([=](double x) mutable { return d += x; }, 4.0) == 9.0);
      |                                                        ^
conftest.cpp:164:16: error: no matching function for call to 'eval(main(int, char**)::<lambda(double)>, double)'
  164 |   assert (eval ([=](double x) mutable { return d += x; }, 4.0) == 9.0);
      |           ~~~~~^~~~~~~~~~~~~~~~~~~~~~~~~~~~~~~~~~~~~~~~~~~~~~~
conftest.cpp:100:44: note: candidate: 'template<class Ret, class Fn> Ret cxx11test::eval(Fn, Ret)'
  100 |   template <typename Ret, typename Fn> Ret eval(Fn f, Ret v)
      |                                            ^~~~
conftest.cpp:100:44: note:   template argument deduction/substitution failed:
conftest.cpp: In substitution of 'template<class Ret, class Fn> Ret cxx11test::eval(Fn, Ret) [with Ret = double; Fn = main(int, char**)::<lambda(double)>]':
conftest.cpp:164:16:   required from here
conftest.cpp:164:16: error: template argument for 'template<class Ret, class Fn> Ret cxx11test::eval(Fn, Ret)' uses local type 'main(int, char**)::<lambda(double)>'
  164 |   assert (eval ([=](double x) mutable { return d += x; }, 4.0) == 9.0);
      |           ~~~~~^~~~~~~~~~~~~~~~~~~~~~~~~~~~~~~~~~~~~~~~~~~~~~~
conftest.cpp:164:16: error:   trying to instantiate 'template<class Ret, class Fn> Ret cxx11test::eval(Fn, Ret)'
conftest.cpp:169:20: error: 'sum' has not been declared in 'cxx11test'
  169 |   using cxx11test::sum;
      |                    ^~~
conftest.cpp:170:8: error: 'a' does not name a type
  170 |   auto a = sum(1);
      |        ^
conftest.cpp:171:8: error: 'b' does not name a type
  171 |   auto b = sum(1, 2);
      |        ^
conftest.cpp:172:8: error: 'c' does not name a type
  172 |   auto c = sum(1.0, 2.0, 3.0);
      |        ^
conftest.cpp:177:25: warning: empty parentheses were disambiguated as a function declaration [-Wvexing-parse]
  177 |   cxx11test::delegate d2();
      |                         ^~
conftest.cpp:177:25: note: remove parentheses to default-initialize a variable
  177 |   cxx11test::delegate d2();
      |                         ^~
      |                         --
conftest.cpp:186:13: error: 'nullptr' was not declared in this scope
  186 |   char *c = nullptr;
      |             ^~~~~~~
conftest.cpp:190:36: error: '>>' should be '> >' within a nested template argument list
  190 |   test_template<::test_template<int>> v(test_template<int>(12));
      |                                    ^~
      |                                    > >
conftest.cpp:190:16: error: '<::' cannot begin a template-argument list [-fpermissive]
  190 |   test_template<::test_template<int>> v(test_template<int>(12));
      |                ^~
conftest.cpp:190:16: note: '<:' is an alternate spelling for '['. Insert whitespace between '<' and '::'
conftest.cpp:190:16: note: (if you use '-fpermissive' or '-std=c++11', or '-std=gnu++11' G++ will accept your code)
conftest.cpp:194:22: error: 'u8' was not declared in this scope; did you mean 'utf8'?
  194 |   char const *utf8 = u8"UTF-8 string \u2500";
      |                      ^~
      |                      utf8
conftest.cpp:195:3: error: 'char16_t' was not declared in this scope
  195 |   char16_t const *utf16 = u"UTF-8 string \u2500";
      |   ^~~~~~~~
conftest.cpp:196:3: error: 'char32_t' was not declared in this scope
  196 |   char32_t const *utf32 = U"UTF-32 string \u2500";
      |   ^~~~~~~~
configure:5612: $? = 1
configure: failed program was:
| /* confdefs.h */
| #define PACKAGE_NAME "Shore-Storage-Manager"
| #define PACKAGE_TARNAME "shore-storage-manager"
| #define PACKAGE_VERSION "6.0.1"
| #define PACKAGE_STRING "Shore-Storage-Manager 6.0.1"
| #define PACKAGE_BUGREPORT "Noone._Sadly-_this_is_unsupported_software."
| #define PACKAGE_URL ""
| #define PACKAGE "shore-storage-manager"
| #define VERSION "6.0.1"
| /* end confdefs.h.  */
| 
| // Does the compiler advertise C++98 conformance?
| #if !defined __cplusplus || __cplusplus < 199711L
| # error "Compiler does not advertise C++98 conformance"
| #endif
| 
| // These inclusions are to reject old compilers that
| // lack the unsuffixed header files.
| #include <cstdlib>
| #include <exception>
| 
| // <cassert> and <cstring> are *not* freestanding headers in C++98.
| extern void assert (int);
| namespace std {
|   extern int strcmp (const char *, const char *);
| }
| 
| // Namespaces, exceptions, and templates were all added after "C++ 2.0".
| using std::exception;
| using std::strcmp;
| 
| namespace {
| 
| void test_exception_syntax()
| {
|   try {
|     throw "test";
|   } catch (const char *s) {
|     // Extra parentheses suppress a warning when building autoconf itself,
|     // due to lint rules shared with more typical C programs.
|     assert (!(strcmp) (s, "test"));
|   }
| }
| 
| template <typename T> struct test_template
| {
|   T const val;
|   explicit test_template(T t) : val(t) {}
|   template <typename U> T add(U u) { return static_cast<T>(u) + val; }
| };
| 
| } // anonymous namespace
| 
| 
| // Does the compiler advertise C++ 2011 conformance?
| #if !defined __cplusplus || __cplusplus < 201103L
| # error "Compiler does not advertise C++11 conformance"
| #endif
| 
| namespace cxx11test
| {
|   constexpr int get_val() { return 20; }
| 
|   struct testinit
|   {
|     int i;
|     double d;
|   };
| 
|   class delegate
|   {
|   public:
|     delegate(int n) : n(n) {}
|     delegate(): delegate(2354) {}
| 
|     virtual int getval() { return this->n; };
|   protected:
|     int n;
|   };
| 
|   class overridden : public delegate
|   {
|   public:
|     overridden(int n): delegate(n) {}
|     virtual int getval() override final { return this->n * 2; }
|   };
| 
|   class nocopy
|   {
|   public:
|     nocopy(int i): i(i) {}
|     nocopy() = default;
|     nocopy(const nocopy&) = delete;
|     nocopy & operator=(const nocopy&) = delete;
|   private:
|     int i;
|   };
| 
|   // for testing lambda expressions
|   template <typename Ret, typename Fn> Ret eval(Fn f, Ret v)
|   {
|     return f(v);
|   }
| 
|   // for testing variadic templates and trailing return types
|   template <typename V> auto sum(V first) -> V
|   {
|     return first;
|   }
|   template <typename V, typename... Args> auto sum(V first, Args... rest) -> V
|   {
|     return first + sum(rest...);
|   }
| }
| 
| 
| int
| main (int argc, char **argv)
| {
|   int ok = 0;
|   
|   assert (argc);
|   assert (! argv[0]);
| {
|   test_exception_syntax ();
|   test_template<double> tt (2.0);
|   assert (tt.add (4) == 6.0);
|   assert (true && !false);
| }
| 
|   
| {
|   // Test auto and decltype
|   auto a1 = 6538;
|   auto a2 = 48573953.4;
|   auto a3 = "String literal";
| 
|   int total = 0;
|   for (auto i = a3; *i; ++i) { total += *i; }
| 
|   decltype(a2) a4 = 34895.034;
| }
| {
|   // Test constexpr
|   short sa[cxx11test::get_val()] = { 0 };
| }
| {
|   // Test initializer lists
|   cxx11test::testinit il = { 4323, 435234.23544 };
| }
| {
|   // Test range-based for
|   int array[] = {9, 7, 13, 15, 4, 18, 12, 10, 5, 3,
|                  14, 19, 17, 8, 6, 20, 16, 2, 11, 1};
|   for (auto &x : array) { x += 23; }
| }
| {
|   // Test lambda expressions
|   using cxx11test::eval;
|   assert (eval ([](int x) { return x*2; }, 21) == 42);
|   double d = 2.0;
|   assert (eval ([&](double x) { return d += x; }, 3.0) == 5.0);
|   assert (d == 5.0);
|   assert (eval ([=](double x) mutable { return d += x; }, 4.0) == 9.0);
|   assert (d == 5.0);
| }
| {
|   // Test use of variadic templates
|   using cxx11test::sum;
|   auto a = sum(1);
|   auto b = sum(1, 2);
|   auto c = sum(1.0, 2.0, 3.0);
| }
| {
|   // Test constructor delegation
|   cxx11test::delegate d1;
|   cxx11test::delegate d2();
|   cxx11test::delegate d3(45);
| }
| {
|   // Test override and final
|   cxx11test::overridden o1(55464);
| }
| {
|   // Test nullptr
|   char *c = nullptr;
| }
| {
|   // Test template brackets
|   test_template<::test_template<int>> v(test_template<int>(12));
| }
| {
|   // Unicode literals
|   char const *utf8 = u8"UTF-8 string \u2500";
|   char16_t const *utf16 = u"UTF-8 string \u2500";
|   char32_t const *utf32 = U"UTF-32 string \u2500";
| }
| 
|   return ok;
| }
| 
configure:5612: g++ -std=gnu++0x -c -std=c++98 -g  conftest.cpp >&5
conftest.cpp:57:3: error: #error "Compiler does not advertise C++11 conformance"
   57 | # error "Compiler does not advertise C++11 conformance"
      |   ^~~~~
conftest.cpp:62:3: error: 'constexpr' does not name a type
   62 |   constexpr int get_val() { return 20; }
      |   ^~~~~~~~~
conftest.cpp:62:3: note: C++11 'constexpr' only available with '-std=c++11' or '-std=gnu++11'
conftest.cpp: In constructor 'cxx11test::delegate::delegate()':
conftest.cpp:74:30: warning: delegating constructors only available with '-std=c++11' or '-std=gnu++11' [-Wc++11-extensions]
   74 |     delegate(): delegate(2354) {}
      |                              ^
conftest.cpp: At global scope:
conftest.cpp:85:24: warning: override controls (override/final) only available with '-std=c++11' or '-std=gnu++11' [-Wc++11-extensions]
   85 |     virtual int getval() override final { return this->n * 2; }
      |                        ^
conftest.cpp:85:26: warning: override controls (override/final) only available with '-std=c++11' or '-std=gnu++11' [-Wc++11-extensions]
   85 |     virtual int getval() override final { return this->n * 2; }
      |                          ^~~~~~~~
conftest.cpp:92:16: warning: defaulted and deleted functions only available with '-std=c++11' or '-std=gnu++11' [-Wc++11-extensions]
   92 |     nocopy() = default;
      |                ^~~~~~~
conftest.cpp:93:29: warning: defaulted and deleted functions only available with '-std=c++11' or '-std=gnu++11' [-Wc++11-extensions]
   93 |     nocopy(const nocopy&) = delete;
      |                             ^~~~~~
conftest.cpp:94:41: warning: defaulted and deleted functions only available with '-std=c++11' or '-std=gnu++11' [-Wc++11-extensions]
   94 |     nocopy & operator=(const nocopy&) = delete;
      |                                         ^~~~~~
conftest.cpp:106:30: error: ISO C++ forbids declaration of 'sum' with no type [-fpermissive]
  106 |   template <typename V> auto sum(V first) -> V
      |                              ^~~
conftest.cpp:106:25: error: top-level declaration of 'sum' specifies 'auto'
  106 |   template <typename V> auto sum(V first) -> V
      |                         ^~~~
conftest.cpp:106:46: error: trailing return type only available with '-std=c++11' or '-std=gnu++11'
  106 |   template <typename V> auto sum(V first) -> V
      |                                              ^
conftest.cpp:110:33: warning: variadic templates only available with '-std=c++11' or '-std=gnu++11' [-Wc++11-extensions]
  110 |   template <typename V, typename... Args> auto sum(V first, Args... rest) -> V
      |                                 ^~~
conftest.cpp:110:69: warning: variadic templates only available with '-std=c++11' or '-std=gnu++11' [-Wc++11-extensions]
  110 |   template <typename V, typename... Args> auto sum(V first, Args... rest) -> V
      |                                                                     ^~~~
conftest.cpp:110:48: error: ISO C++ forbids declaration of 'sum' with no type [-fpermissive]
  110 |   template <typename V, typename... Args> auto sum(V first, Args... rest) -> V
      |                                                ^~~
conftest.cpp:110:43: error: top-level declaration of 'sum' specifies 'auto'
  110 |   template <typename V, typename... Args> auto sum(V first, Args... rest) -> V
      |                                           ^~~~
conftest.cpp:110:78: error: trailing return type only available with '-std=c++11' or '-std=gnu++11'
  110 |   template <typename V, typename... Args> auto sum(V first, Args... rest) -> V
      |                                                                              ^
conftest.cpp: In function 'int main(int, char**)':
conftest.cpp:134:8: error: 'a1' does not name a type
  134 |   auto a1 = 6538;
      |        ^~
conftest.cpp:135:8: error: 'a2' does not name a type
  135 |   auto a2 = 48573953.4;
      |        ^~
conftest.cpp:136:8: error: 'a3' does not name a type
  136 |   auto a3 = "String literal";
      |        ^~
conftest.cpp:139:13: error: 'i' does not name a type
  139 |   for (auto i = a3; *i; ++i) { total += *i; }
      |             ^
conftest.cpp:139:20: error: expected ';' before '*' token
  139 |   for (auto i = a3; *i; ++i) { total += *i; }
      |                    ^~
      |                    ;
conftest.cpp:139:22: error: 'i' was not declared in this scope
  139 |   for (auto i = a3; *i; ++i) { total += *i; }
      |                      ^
conftest.cpp:141:12: error: 'a2' was not declared in this scope
  141 |   decltype(a2) a4 = 34895.034;
      |            ^~
conftest.cpp:141:3: error: 'decltype' was not declared in this scope
  141 |   decltype(a2) a4 = 34895.034;
      |   ^~~~~~~~
conftest.cpp:145:23: error: 'get_val' is not a member of 'cxx11test'; did you mean 'eval'?
  145 |   short sa[cxx11test::get_val()] = { 0 };
      |                       ^~~~~~~
      |                       eval
conftest.cpp:155:14: error: ISO C++ forbids declaration of 'x' with no type [-fpermissive]
  155 |   for (auto &x : array) { x += 23; }
      |              ^
conftest.cpp:155:18: warning: range-based 'for' loops only available with '-std=c++11' or '-std=gnu++11' [-Wc++11-extensions]
  155 |   for (auto &x : array) { x += 23; }
      |                  ^~~~~
conftest.cpp:155:18: error: forming reference to reference type 'int (&)[20]'
conftest.cpp:160:41: warning: lambda expressions only available with '-std=c++11' or '-std=gnu++11' [-Wc++11-extensions]
  160 |   assert (eval ([](int x) { return x*2; }, 21) == 42);
      |                                         ^
conftest.cpp:160:16: error: no matching function for call to 'eval(main(int, char**)::<lambda(int)>, int)'
  160 |   assert (eval ([](int x) { return x*2; }, 21) == 42);
      |           ~~~~~^~~~~~~~~~~~~~~~~~~~~~~~~~~~~~~
conftest.cpp:100:44: note: candidate: 'template<class Ret, class Fn> Ret cxx11test::eval(Fn, Ret)'
  100 |   template <typename Ret, typename Fn> Ret eval(Fn f, Ret v)
      |                                            ^~~~
conftest.cpp:100:44: note:   template argument deduction/substitution failed:
conftest.cpp: In substitution of 'template<class Ret, class Fn> Ret cxx11test::eval(Fn, Ret) [with Ret = int; Fn = main(int, char**)::<lambda(int)>]':
conftest.cpp:160:16:   required from here
conftest.cpp:160:16: error: template argument for 'template<class Ret, class Fn> Ret cxx11test::eval(Fn, Ret)' uses local type 'main(int, char**)::<lambda(int)>'
  160 |   assert (eval ([](int x) { return x*2; }, 21) == 42);
      |           ~~~~~^~~~~~~~~~~~~~~~~~~~~~~~~~~~~~~
conftest.cpp:160:16: error:   trying to instantiate 'template<class Ret, class Fn> Ret cxx11test::eval(Fn, Ret)'
conftest.cpp:162:48: warning: lambda expressions only available with '-std=c++11' or '-std=gnu++11' [-Wc++11-extensions]
  162 |   assert (eval ([&](double x) { return d += x; }, 3.0) == 5.0);
      |                                                ^
conftest.cpp:162:16: error: no matching function for call to 'eval(main(int, char**)::<lambda(double)>, double)'
  162 |   assert (eval ([&](double x) { return d += x; }, 3.0) == 5.0);
      |           ~~~~~^~~~~~~~~~~~~~~~~~~~~~~~~~~~~~~~~~~~~~~
conftest.cpp:100:44: note: candidate: 'template<class Ret, class Fn> Ret cxx11test::eval(Fn, Ret)'
  100 |   template <typename Ret, typename Fn> Ret eval(Fn f, Ret v)
      |                                            ^~~~
conftest.cpp:100:44: note:   template argument deduction/substitution failed:
conftest.cpp: In substitution of 'template<class Ret, class Fn> Ret cxx11test::eval(Fn, Ret) [with Ret = double; Fn = main(int, char**)::<lambda(double)>]':
conftest.cpp:162:16:   required from here
conftest.cpp:162:16: error: template argument for 'template<class Ret, class Fn> Ret cxx11test::eval(Fn, Ret)' uses local type 'main(int, char**)::<lambda(double)>'
  162 |   assert (eval ([&](double x) { return d += x; }, 3.0) == 5.0);
      |           ~~~~~^~~~~~~~~~~~~~~~~~~~~~~~~~~~~~~~~~~~~~~
conftest.cpp:162:16: error:   trying to instantiate 'template<class Ret, class Fn> Ret cxx11test::eval(Fn, Ret)'
conftest.cpp:164:56: warning: lambda expressions only available with '-std=c++11' or '-std=gnu++11' [-Wc++11-extensions]
  164 |   assert (eval ([=](double x) mutable { return d += x; }, 4.0) == 9.0);
      |                                                        ^
conftest.cpp:164:16: error: no matching function for call to 'eval(main(int, char**)::<lambda(double)>, double)'
  164 |   assert (eval ([=](double x) mutable { return d += x; }, 4.0) == 9.0);
      |           ~~~~~^~~~~~~~~~~~~~~~~~~~~~~~~~~~~~~~~~~~~~~~~~~~~~~
conftest.cpp:100:44: note: candidate: 'template<class Ret, class Fn> Ret cxx11test::eval(Fn, Ret)'
  100 |   template <typename Ret, typename Fn> Ret eval(Fn f, Ret v)
      |                                            ^~~~
conftest.cpp:100:44: note:   template argument deduction/substitution failed:
conftest.cpp: In substitution of 'template<class Ret, class Fn> Ret cxx11test::eval(Fn, Ret) [with Ret = double; Fn = main(int, char**)::<lambda(double)>]':
conftest.cpp:164:16:   required from here
conftest.cpp:164:16: error: template argument for 'template<class Ret, class Fn> Ret cxx11test::eval(Fn, Ret)' uses local type 'main(int, char**)::<lambda(double)>'
  164 |   assert (eval ([=](double x) mutable { return d += x; }, 4.0) == 9.0);
      |           ~~~~~^~~~~~~~~~~~~~~~~~~~~~~~~~~~~~~~~~~~~~~~~~~~~~~
conftest.cpp:164:16: error:   trying to instantiate 'template<class Ret, class Fn> Ret cxx11test::eval(Fn, Ret)'
conftest.cpp:169:20: error: 'sum' has not been declared in 'cxx11test'
  169 |   using cxx11test::sum;
      |                    ^~~
conftest.cpp:170:8: error: 'a' does not name a type
  170 |   auto a = sum(1);
      |        ^
conftest.cpp:171:8: error: 'b' does not name a type
  171 |   auto b = sum(1, 2);
      |        ^
conftest.cpp:172:8: error: 'c' does not name a type
  172 |   auto c = sum(1.0, 2.0, 3.0);
      |        ^
conftest.cpp:177:25: warning: empty parentheses were disambiguated as a function declaration [-Wvexing-parse]
  177 |   cxx11test::delegate d2();
      |                         ^~
conftest.cpp:177:25: note: remove parentheses to default-initialize a variable
  177 |   cxx11test::delegate d2();
      |                         ^~
      |                         --
conftest.cpp:186:13: error: 'nullptr' was not declared in this scope
  186 |   char *c = nullptr;
      |             ^~~~~~~
conftest.cpp:190:36: error: '>>' should be '> >' within a nested template argument list
  190 |   test_template<::test_template<int>> v(test_template<int>(12));
      |                                    ^~
      |                                    > >
conftest.cpp:190:16: error: '<::' cannot begin a template-argument list [-fpermissive]
  190 |   test_template<::test_template<int>> v(test_template<int>(12));
      |                ^~
conftest.cpp:190:16: note: '<:' is an alternate spelling for '['. Insert whitespace between '<' and '::'
conftest.cpp:190:16: note: (if you use '-fpermissive' or '-std=c++11', or '-std=gnu++11' G++ will accept your code)
conftest.cpp:194:22: error: 'u8' was not declared in this scope; did you mean 'utf8'?
  194 |   char const *utf8 = u8"UTF-8 string \u2500";
      |                      ^~
      |                      utf8
conftest.cpp:195:3: error: 'char16_t' was not declared in this scope
  195 |   char16_t const *utf16 = u"UTF-8 string \u2500";
      |   ^~~~~~~~
conftest.cpp:196:3: error: 'char32_t' was not declared in this scope
  196 |   char32_t const *utf32 = U"UTF-32 string \u2500";
      |   ^~~~~~~~
configure:5612: $? = 1
configure: failed program was:
| /* confdefs.h */
| #define PACKAGE_NAME "Shore-Storage-Manager"
| #define PACKAGE_TARNAME "shore-storage-manager"
| #define PACKAGE_VERSION "6.0.1"
| #define PACKAGE_STRING "Shore-Storage-Manager 6.0.1"
| #define PACKAGE_BUGREPORT "Noone._Sadly-_this_is_unsupported_software."
| #define PACKAGE_URL ""
| #define PACKAGE "shore-storage-manager"
| #define VERSION "6.0.1"
| /* end confdefs.h.  */
| 
| // Does the compiler advertise C++98 conformance?
| #if !defined __cplusplus || __cplusplus < 199711L
| # error "Compiler does not advertise C++98 conformance"
| #endif
| 
| // These inclusions are to reject old compilers that
| // lack the unsuffixed header files.
| #include <cstdlib>
| #include <exception>
| 
| // <cassert> and <cstring> are *not* freestanding headers in C++98.
| extern void assert (int);
| namespace std {
|   extern int strcmp (const char *, const char *);
| }
| 
| // Namespaces, exceptions, and templates were all added after "C++ 2.0".
| using std::exception;
| using std::strcmp;
| 
| namespace {
| 
| void test_exception_syntax()
| {
|   try {
|     throw "test";
|   } catch (const char *s) {
|     // Extra parentheses suppress a warning when building autoconf itself,
|     // due to lint rules shared with more typical C programs.
|     assert (!(strcmp) (s, "test"));
|   }
| }
| 
| template <typename T> struct test_template
| {
|   T const val;
|   explicit test_template(T t) : val(t) {}
|   template <typename U> T add(U u) { return static_cast<T>(u) + val; }
| };
| 
| } // anonymous namespace
| 
| 
| // Does the compiler advertise C++ 2011 conformance?
| #if !defined __cplusplus || __cplusplus < 201103L
| # error "Compiler does not advertise C++11 conformance"
| #endif
| 
| namespace cxx11test
| {
|   constexpr int get_val() { return 20; }
| 
|   struct testinit
|   {
|     int i;
|     double d;
|   };
| 
|   class delegate
|   {
|   public:
|     delegate(int n) : n(n) {}
|     delegate(): delegate(2354) {}
| 
|     virtual int getval() { return this->n; };
|   protected:
|     int n;
|   };
| 
|   class overridden : public delegate
|   {
|   public:
|     overridden(int n): delegate(n) {}
|     virtual int getval() override final { return this->n * 2; }
|   };
| 
|   class nocopy
|   {
|   public:
|     nocopy(int i): i(i) {}
|     nocopy() = default;
|     nocopy(const nocopy&) = delete;
|     nocopy & operator=(const nocopy&) = delete;
|   private:
|     int i;
|   };
| 
|   // for testing lambda expressions
|   template <typename Ret, typename Fn> Ret eval(Fn f, Ret v)
|   {
|     return f(v);
|   }
| 
|   // for testing variadic templates and trailing return types
|   template <typename V> auto sum(V first) -> V
|   {
|     return first;
|   }
|   template <typename V, typename... Args> auto sum(V first, Args... rest) -> V
|   {
|     return first + sum(rest...);
|   }
| }
| 
| 
| int
| main (int argc, char **argv)
| {
|   int ok = 0;
|   
|   assert (argc);
|   assert (! argv[0]);
| {
|   test_exception_syntax ();
|   test_template<double> tt (2.0);
|   assert (tt.add (4) == 6.0);
|   assert (true && !false);
| }
| 
|   
| {
|   // Test auto and decltype
|   auto a1 = 6538;
|   auto a2 = 48573953.4;
|   auto a3 = "String literal";
| 
|   int total = 0;
|   for (auto i = a3; *i; ++i) { total += *i; }
| 
|   decltype(a2) a4 = 34895.034;
| }
| {
|   // Test constexpr
|   short sa[cxx11test::get_val()] = { 0 };
| }
| {
|   // Test initializer lists
|   cxx11test::testinit il = { 4323, 435234.23544 };
| }
| {
|   // Test range-based for
|   int array[] = {9, 7, 13, 15, 4, 18, 12, 10, 5, 3,
|                  14, 19, 17, 8, 6, 20, 16, 2, 11, 1};
|   for (auto &x : array) { x += 23; }
| }
| {
|   // Test lambda expressions
|   using cxx11test::eval;
|   assert (eval ([](int x) { return x*2; }, 21) == 42);
|   double d = 2.0;
|   assert (eval ([&](double x) { return d += x; }, 3.0) == 5.0);
|   assert (d == 5.0);
|   assert (eval ([=](double x) mutable { return d += x; }, 4.0) == 9.0);
|   assert (d == 5.0);
| }
| {
|   // Test use of variadic templates
|   using cxx11test::sum;
|   auto a = sum(1);
|   auto b = sum(1, 2);
|   auto c = sum(1.0, 2.0, 3.0);
| }
| {
|   // Test constructor delegation
|   cxx11test::delegate d1;
|   cxx11test::delegate d2();
|   cxx11test::delegate d3(45);
| }
| {
|   // Test override and final
|   cxx11test::overridden o1(55464);
| }
| {
|   // Test nullptr
|   char *c = nullptr;
| }
| {
|   // Test template brackets
|   test_template<::test_template<int>> v(test_template<int>(12));
| }
| {
|   // Unicode literals
|   char const *utf8 = u8"UTF-8 string \u2500";
|   char16_t const *utf16 = u"UTF-8 string \u2500";
|   char32_t const *utf32 = U"UTF-32 string \u2500";
| }
| 
|   return ok;
| }
| 
configure:5612: g++ -std=c++11 -c -std=c++98 -g  conftest.cpp >&5
conftest.cpp:57:3: error: #error "Compiler does not advertise C++11 conformance"
   57 | # error "Compiler does not advertise C++11 conformance"
      |   ^~~~~
conftest.cpp:62:3: error: 'constexpr' does not name a type
   62 |   constexpr int get_val() { return 20; }
      |   ^~~~~~~~~
conftest.cpp:62:3: note: C++11 'constexpr' only available with '-std=c++11' or '-std=gnu++11'
conftest.cpp: In constructor 'cxx11test::delegate::delegate()':
conftest.cpp:74:30: warning: delegating constructors only available with '-std=c++11' or '-std=gnu++11' [-Wc++11-extensions]
   74 |     delegate(): delegate(2354) {}
      |                              ^
conftest.cpp: At global scope:
conftest.cpp:85:24: warning: override controls (override/final) only available with '-std=c++11' or '-std=gnu++11' [-Wc++11-extensions]
   85 |     virtual int getval() override final { return this->n * 2; }
      |                        ^
conftest.cpp:85:26: warning: override controls (override/final) only available with '-std=c++11' or '-std=gnu++11' [-Wc++11-extensions]
   85 |     virtual int getval() override final { return this->n * 2; }
      |                          ^~~~~~~~
conftest.cpp:92:16: warning: defaulted and deleted functions only available with '-std=c++11' or '-std=gnu++11' [-Wc++11-extensions]
   92 |     nocopy() = default;
      |                ^~~~~~~
conftest.cpp:93:29: warning: defaulted and deleted functions only available with '-std=c++11' or '-std=gnu++11' [-Wc++11-extensions]
   93 |     nocopy(const nocopy&) = delete;
      |                             ^~~~~~
conftest.cpp:94:41: warning: defaulted and deleted functions only available with '-std=c++11' or '-std=gnu++11' [-Wc++11-extensions]
   94 |     nocopy & operator=(const nocopy&) = delete;
      |                                         ^~~~~~
conftest.cpp:106:30: error: ISO C++ forbids declaration of 'sum' with no type [-fpermissive]
  106 |   template <typename V> auto sum(V first) -> V
      |                              ^~~
conftest.cpp:106:25: error: top-level declaration of 'sum' specifies 'auto'
  106 |   template <typename V> auto sum(V first) -> V
      |                         ^~~~
conftest.cpp:106:46: error: trailing return type only available with '-std=c++11' or '-std=gnu++11'
  106 |   template <typename V> auto sum(V first) -> V
      |                                              ^
conftest.cpp:110:33: warning: variadic templates only available with '-std=c++11' or '-std=gnu++11' [-Wc++11-extensions]
  110 |   template <typename V, typename... Args> auto sum(V first, Args... rest) -> V
      |                                 ^~~
conftest.cpp:110:69: warning: variadic templates only available with '-std=c++11' or '-std=gnu++11' [-Wc++11-extensions]
  110 |   template <typename V, typename... Args> auto sum(V first, Args... rest) -> V
      |                                                                     ^~~~
conftest.cpp:110:48: error: ISO C++ forbids declaration of 'sum' with no type [-fpermissive]
  110 |   template <typename V, typename... Args> auto sum(V first, Args... rest) -> V
      |                                                ^~~
conftest.cpp:110:43: error: top-level declaration of 'sum' specifies 'auto'
  110 |   template <typename V, typename... Args> auto sum(V first, Args... rest) -> V
      |                                           ^~~~
conftest.cpp:110:78: error: trailing return type only available with '-std=c++11' or '-std=gnu++11'
  110 |   template <typename V, typename... Args> auto sum(V first, Args... rest) -> V
      |                                                                              ^
conftest.cpp: In function 'int main(int, char**)':
conftest.cpp:134:8: error: 'a1' does not name a type
  134 |   auto a1 = 6538;
      |        ^~
conftest.cpp:135:8: error: 'a2' does not name a type
  135 |   auto a2 = 48573953.4;
      |        ^~
conftest.cpp:136:8: error: 'a3' does not name a type
  136 |   auto a3 = "String literal";
      |        ^~
conftest.cpp:139:13: error: 'i' does not name a type
  139 |   for (auto i = a3; *i; ++i) { total += *i; }
      |             ^
conftest.cpp:139:20: error: expected ';' before '*' token
  139 |   for (auto i = a3; *i; ++i) { total += *i; }
      |                    ^~
      |                    ;
conftest.cpp:139:22: error: 'i' was not declared in this scope
  139 |   for (auto i = a3; *i; ++i) { total += *i; }
      |                      ^
conftest.cpp:141:12: error: 'a2' was not declared in this scope
  141 |   decltype(a2) a4 = 34895.034;
      |            ^~
conftest.cpp:141:3: error: 'decltype' was not declared in this scope
  141 |   decltype(a2) a4 = 34895.034;
      |   ^~~~~~~~
conftest.cpp:145:23: error: 'get_val' is not a member of 'cxx11test'; did you mean 'eval'?
  145 |   short sa[cxx11test::get_val()] = { 0 };
      |                       ^~~~~~~
      |                       eval
conftest.cpp:155:14: error: ISO C++ forbids declaration of 'x' with no type [-fpermissive]
  155 |   for (auto &x : array) { x += 23; }
      |              ^
conftest.cpp:155:18: warning: range-based 'for' loops only available with '-std=c++11' or '-std=gnu++11' [-Wc++11-extensions]
  155 |   for (auto &x : array) { x += 23; }
      |                  ^~~~~
conftest.cpp:155:18: error: forming reference to reference type 'int (&)[20]'
conftest.cpp:160:41: warning: lambda expressions only available with '-std=c++11' or '-std=gnu++11' [-Wc++11-extensions]
  160 |   assert (eval ([](int x) { return x*2; }, 21) == 42);
      |                                         ^
conftest.cpp:160:16: error: no matching function for call to 'eval(main(int, char**)::<lambda(int)>, int)'
  160 |   assert (eval ([](int x) { return x*2; }, 21) == 42);
      |           ~~~~~^~~~~~~~~~~~~~~~~~~~~~~~~~~~~~~
conftest.cpp:100:44: note: candidate: 'template<class Ret, class Fn> Ret cxx11test::eval(Fn, Ret)'
  100 |   template <typename Ret, typename Fn> Ret eval(Fn f, Ret v)
      |                                            ^~~~
conftest.cpp:100:44: note:   template argument deduction/substitution failed:
conftest.cpp: In substitution of 'template<class Ret, class Fn> Ret cxx11test::eval(Fn, Ret) [with Ret = int; Fn = main(int, char**)::<lambda(int)>]':
conftest.cpp:160:16:   required from here
conftest.cpp:160:16: error: template argument for 'template<class Ret, class Fn> Ret cxx11test::eval(Fn, Ret)' uses local type 'main(int, char**)::<lambda(int)>'
  160 |   assert (eval ([](int x) { return x*2; }, 21) == 42);
      |           ~~~~~^~~~~~~~~~~~~~~~~~~~~~~~~~~~~~~
conftest.cpp:160:16: error:   trying to instantiate 'template<class Ret, class Fn> Ret cxx11test::eval(Fn, Ret)'
conftest.cpp:162:48: warning: lambda expressions only available with '-std=c++11' or '-std=gnu++11' [-Wc++11-extensions]
  162 |   assert (eval ([&](double x) { return d += x; }, 3.0) == 5.0);
      |                                                ^
conftest.cpp:162:16: error: no matching function for call to 'eval(main(int, char**)::<lambda(double)>, double)'
  162 |   assert (eval ([&](double x) { return d += x; }, 3.0) == 5.0);
      |           ~~~~~^~~~~~~~~~~~~~~~~~~~~~~~~~~~~~~~~~~~~~~
conftest.cpp:100:44: note: candidate: 'template<class Ret, class Fn> Ret cxx11test::eval(Fn, Ret)'
  100 |   template <typename Ret, typename Fn> Ret eval(Fn f, Ret v)
      |                                            ^~~~
conftest.cpp:100:44: note:   template argument deduction/substitution failed:
conftest.cpp: In substitution of 'template<class Ret, class Fn> Ret cxx11test::eval(Fn, Ret) [with Ret = double; Fn = main(int, char**)::<lambda(double)>]':
conftest.cpp:162:16:   required from here
conftest.cpp:162:16: error: template argument for 'template<class Ret, class Fn> Ret cxx11test::eval(Fn, Ret)' uses local type 'main(int, char**)::<lambda(double)>'
  162 |   assert (eval ([&](double x) { return d += x; }, 3.0) == 5.0);
      |           ~~~~~^~~~~~~~~~~~~~~~~~~~~~~~~~~~~~~~~~~~~~~
conftest.cpp:162:16: error:   trying to instantiate 'template<class Ret, class Fn> Ret cxx11test::eval(Fn, Ret)'
conftest.cpp:164:56: warning: lambda expressions only available with '-std=c++11' or '-std=gnu++11' [-Wc++11-extensions]
  164 |   assert (eval ([=](double x) mutable { return d += x; }, 4.0) == 9.0);
      |                                                        ^
conftest.cpp:164:16: error: no matching function for call to 'eval(main(int, char**)::<lambda(double)>, double)'
  164 |   assert (eval ([=](double x) mutable { return d += x; }, 4.0) == 9.0);
      |           ~~~~~^~~~~~~~~~~~~~~~~~~~~~~~~~~~~~~~~~~~~~~~~~~~~~~
conftest.cpp:100:44: note: candidate: 'template<class Ret, class Fn> Ret cxx11test::eval(Fn, Ret)'
  100 |   template <typename Ret, typename Fn> Ret eval(Fn f, Ret v)
      |                                            ^~~~
conftest.cpp:100:44: note:   template argument deduction/substitution failed:
conftest.cpp: In substitution of 'template<class Ret, class Fn> Ret cxx11test::eval(Fn, Ret) [with Ret = double; Fn = main(int, char**)::<lambda(double)>]':
conftest.cpp:164:16:   required from here
conftest.cpp:164:16: error: template argument for 'template<class Ret, class Fn> Ret cxx11test::eval(Fn, Ret)' uses local type 'main(int, char**)::<lambda(double)>'
  164 |   assert (eval ([=](double x) mutable { return d += x; }, 4.0) == 9.0);
      |           ~~~~~^~~~~~~~~~~~~~~~~~~~~~~~~~~~~~~~~~~~~~~~~~~~~~~
conftest.cpp:164:16: error:   trying to instantiate 'template<class Ret, class Fn> Ret cxx11test::eval(Fn, Ret)'
conftest.cpp:169:20: error: 'sum' has not been declared in 'cxx11test'
  169 |   using cxx11test::sum;
      |                    ^~~
conftest.cpp:170:8: error: 'a' does not name a type
  170 |   auto a = sum(1);
      |        ^
conftest.cpp:171:8: error: 'b' does not name a type
  171 |   auto b = sum(1, 2);
      |        ^
conftest.cpp:172:8: error: 'c' does not name a type
  172 |   auto c = sum(1.0, 2.0, 3.0);
      |        ^
conftest.cpp:177:25: warning: empty parentheses were disambiguated as a function declaration [-Wvexing-parse]
  177 |   cxx11test::delegate d2();
      |                         ^~
conftest.cpp:177:25: note: remove parentheses to default-initialize a variable
  177 |   cxx11test::delegate d2();
      |                         ^~
      |                         --
conftest.cpp:186:13: error: 'nullptr' was not declared in this scope
  186 |   char *c = nullptr;
      |             ^~~~~~~
conftest.cpp:190:36: error: '>>' should be '> >' within a nested template argument list
  190 |   test_template<::test_template<int>> v(test_template<int>(12));
      |                                    ^~
      |                                    > >
conftest.cpp:190:16: error: '<::' cannot begin a template-argument list [-fpermissive]
  190 |   test_template<::test_template<int>> v(test_template<int>(12));
      |                ^~
conftest.cpp:190:16: note: '<:' is an alternate spelling for '['. Insert whitespace between '<' and '::'
conftest.cpp:190:16: note: (if you use '-fpermissive' or '-std=c++11', or '-std=gnu++11' G++ will accept your code)
conftest.cpp:194:22: error: 'u8' was not declared in this scope; did you mean 'utf8'?
  194 |   char const *utf8 = u8"UTF-8 string \u2500";
      |                      ^~
      |                      utf8
conftest.cpp:195:3: error: 'char16_t' was not declared in this scope
  195 |   char16_t const *utf16 = u"UTF-8 string \u2500";
      |   ^~~~~~~~
conftest.cpp:196:3: error: 'char32_t' was not declared in this scope
  196 |   char32_t const *utf32 = U"UTF-32 string \u2500";
      |   ^~~~~~~~
configure:5612: $? = 1
configure: failed program was:
| /* confdefs.h */
| #define PACKAGE_NAME "Shore-Storage-Manager"
| #define PACKAGE_TARNAME "shore-storage-manager"
| #define PACKAGE_VERSION "6.0.1"
| #define PACKAGE_STRING "Shore-Storage-Manager 6.0.1"
| #define PACKAGE_BUGREPORT "Noone._Sadly-_this_is_unsupported_software."
| #define PACKAGE_URL ""
| #define PACKAGE "shore-storage-manager"
| #define VERSION "6.0.1"
| /* end confdefs.h.  */
| 
| // Does the compiler advertise C++98 conformance?
| #if !defined __cplusplus || __cplusplus < 199711L
| # error "Compiler does not advertise C++98 conformance"
| #endif
| 
| // These inclusions are to reject old compilers that
| // lack the unsuffixed header files.
| #include <cstdlib>
| #include <exception>
| 
| // <cassert> and <cstring> are *not* freestanding headers in C++98.
| extern void assert (int);
| namespace std {
|   extern int strcmp (const char *, const char *);
| }
| 
| // Namespaces, exceptions, and templates were all added after "C++ 2.0".
| using std::exception;
| using std::strcmp;
| 
| namespace {
| 
| void test_exception_syntax()
| {
|   try {
|     throw "test";
|   } catch (const char *s) {
|     // Extra parentheses suppress a warning when building autoconf itself,
|     // due to lint rules shared with more typical C programs.
|     assert (!(strcmp) (s, "test"));
|   }
| }
| 
| template <typename T> struct test_template
| {
|   T const val;
|   explicit test_template(T t) : val(t) {}
|   template <typename U> T add(U u) { return static_cast<T>(u) + val; }
| };
| 
| } // anonymous namespace
| 
| 
| // Does the compiler advertise C++ 2011 conformance?
| #if !defined __cplusplus || __cplusplus < 201103L
| # error "Compiler does not advertise C++11 conformance"
| #endif
| 
| namespace cxx11test
| {
|   constexpr int get_val() { return 20; }
| 
|   struct testinit
|   {
|     int i;
|     double d;
|   };
| 
|   class delegate
|   {
|   public:
|     delegate(int n) : n(n) {}
|     delegate(): delegate(2354) {}
| 
|     virtual int getval() { return this->n; };
|   protected:
|     int n;
|   };
| 
|   class overridden : public delegate
|   {
|   public:
|     overridden(int n): delegate(n) {}
|     virtual int getval() override final { return this->n * 2; }
|   };
| 
|   class nocopy
|   {
|   public:
|     nocopy(int i): i(i) {}
|     nocopy() = default;
|     nocopy(const nocopy&) = delete;
|     nocopy & operator=(const nocopy&) = delete;
|   private:
|     int i;
|   };
| 
|   // for testing lambda expressions
|   template <typename Ret, typename Fn> Ret eval(Fn f, Ret v)
|   {
|     return f(v);
|   }
| 
|   // for testing variadic templates and trailing return types
|   template <typename V> auto sum(V first) -> V
|   {
|     return first;
|   }
|   template <typename V, typename... Args> auto sum(V first, Args... rest) -> V
|   {
|     return first + sum(rest...);
|   }
| }
| 
| 
| int
| main (int argc, char **argv)
| {
|   int ok = 0;
|   
|   assert (argc);
|   assert (! argv[0]);
| {
|   test_exception_syntax ();
|   test_template<double> tt (2.0);
|   assert (tt.add (4) == 6.0);
|   assert (true && !false);
| }
| 
|   
| {
|   // Test auto and decltype
|   auto a1 = 6538;
|   auto a2 = 48573953.4;
|   auto a3 = "String literal";
| 
|   int total = 0;
|   for (auto i = a3; *i; ++i) { total += *i; }
| 
|   decltype(a2) a4 = 34895.034;
| }
| {
|   // Test constexpr
|   short sa[cxx11test::get_val()] = { 0 };
| }
| {
|   // Test initializer lists
|   cxx11test::testinit il = { 4323, 435234.23544 };
| }
| {
|   // Test range-based for
|   int array[] = {9, 7, 13, 15, 4, 18, 12, 10, 5, 3,
|                  14, 19, 17, 8, 6, 20, 16, 2, 11, 1};
|   for (auto &x : array) { x += 23; }
| }
| {
|   // Test lambda expressions
|   using cxx11test::eval;
|   assert (eval ([](int x) { return x*2; }, 21) == 42);
|   double d = 2.0;
|   assert (eval ([&](double x) { return d += x; }, 3.0) == 5.0);
|   assert (d == 5.0);
|   assert (eval ([=](double x) mutable { return d += x; }, 4.0) == 9.0);
|   assert (d == 5.0);
| }
| {
|   // Test use of variadic templates
|   using cxx11test::sum;
|   auto a = sum(1);
|   auto b = sum(1, 2);
|   auto c = sum(1.0, 2.0, 3.0);
| }
| {
|   // Test constructor delegation
|   cxx11test::delegate d1;
|   cxx11test::delegate d2();
|   cxx11test::delegate d3(45);
| }
| {
|   // Test override and final
|   cxx11test::overridden o1(55464);
| }
| {
|   // Test nullptr
|   char *c = nullptr;
| }
| {
|   // Test template brackets
|   test_template<::test_template<int>> v(test_template<int>(12));
| }
| {
|   // Unicode literals
|   char const *utf8 = u8"UTF-8 string \u2500";
|   char16_t const *utf16 = u"UTF-8 string \u2500";
|   char32_t const *utf32 = U"UTF-32 string \u2500";
| }
| 
|   return ok;
| }
| 
configure:5612: g++ -std=c++0x -c -std=c++98 -g  conftest.cpp >&5
conftest.cpp:57:3: error: #error "Compiler does not advertise C++11 conformance"
   57 | # error "Compiler does not advertise C++11 conformance"
      |   ^~~~~
conftest.cpp:62:3: error: 'constexpr' does not name a type
   62 |   constexpr int get_val() { return 20; }
      |   ^~~~~~~~~
conftest.cpp:62:3: note: C++11 'constexpr' only available with '-std=c++11' or '-std=gnu++11'
conftest.cpp: In constructor 'cxx11test::delegate::delegate()':
conftest.cpp:74:30: warning: delegating constructors only available with '-std=c++11' or '-std=gnu++11' [-Wc++11-extensions]
   74 |     delegate(): delegate(2354) {}
      |                              ^
conftest.cpp: At global scope:
conftest.cpp:85:24: warning: override controls (override/final) only available with '-std=c++11' or '-std=gnu++11' [-Wc++11-extensions]
   85 |     virtual int getval() override final { return this->n * 2; }
      |                        ^
conftest.cpp:85:26: warning: override controls (override/final) only available with '-std=c++11' or '-std=gnu++11' [-Wc++11-extensions]
   85 |     virtual int getval() override final { return this->n * 2; }
      |                          ^~~~~~~~
conftest.cpp:92:16: warning: defaulted and deleted functions only available with '-std=c++11' or '-std=gnu++11' [-Wc++11-extensions]
   92 |     nocopy() = default;
      |                ^~~~~~~
conftest.cpp:93:29: warning: defaulted and deleted functions only available with '-std=c++11' or '-std=gnu++11' [-Wc++11-extensions]
   93 |     nocopy(const nocopy&) = delete;
      |                             ^~~~~~
conftest.cpp:94:41: warning: defaulted and deleted functions only available with '-std=c++11' or '-std=gnu++11' [-Wc++11-extensions]
   94 |     nocopy & operator=(const nocopy&) = delete;
      |                                         ^~~~~~
conftest.cpp:106:30: error: ISO C++ forbids declaration of 'sum' with no type [-fpermissive]
  106 |   template <typename V> auto sum(V first) -> V
      |                              ^~~
conftest.cpp:106:25: error: top-level declaration of 'sum' specifies 'auto'
  106 |   template <typename V> auto sum(V first) -> V
      |                         ^~~~
conftest.cpp:106:46: error: trailing return type only available with '-std=c++11' or '-std=gnu++11'
  106 |   template <typename V> auto sum(V first) -> V
      |                                              ^
conftest.cpp:110:33: warning: variadic templates only available with '-std=c++11' or '-std=gnu++11' [-Wc++11-extensions]
  110 |   template <typename V, typename... Args> auto sum(V first, Args... rest) -> V
      |                                 ^~~
conftest.cpp:110:69: warning: variadic templates only available with '-std=c++11' or '-std=gnu++11' [-Wc++11-extensions]
  110 |   template <typename V, typename... Args> auto sum(V first, Args... rest) -> V
      |                                                                     ^~~~
conftest.cpp:110:48: error: ISO C++ forbids declaration of 'sum' with no type [-fpermissive]
  110 |   template <typename V, typename... Args> auto sum(V first, Args... rest) -> V
      |                                                ^~~
conftest.cpp:110:43: error: top-level declaration of 'sum' specifies 'auto'
  110 |   template <typename V, typename... Args> auto sum(V first, Args... rest) -> V
      |                                           ^~~~
conftest.cpp:110:78: error: trailing return type only available with '-std=c++11' or '-std=gnu++11'
  110 |   template <typename V, typename... Args> auto sum(V first, Args... rest) -> V
      |                                                                              ^
conftest.cpp: In function 'int main(int, char**)':
conftest.cpp:134:8: error: 'a1' does not name a type
  134 |   auto a1 = 6538;
      |        ^~
conftest.cpp:135:8: error: 'a2' does not name a type
  135 |   auto a2 = 48573953.4;
      |        ^~
conftest.cpp:136:8: error: 'a3' does not name a type
  136 |   auto a3 = "String literal";
      |        ^~
conftest.cpp:139:13: error: 'i' does not name a type
  139 |   for (auto i = a3; *i; ++i) { total += *i; }
      |             ^
conftest.cpp:139:20: error: expected ';' before '*' token
  139 |   for (auto i = a3; *i; ++i) { total += *i; }
      |                    ^~
      |                    ;
conftest.cpp:139:22: error: 'i' was not declared in this scope
  139 |   for (auto i = a3; *i; ++i) { total += *i; }
      |                      ^
conftest.cpp:141:12: error: 'a2' was not declared in this scope
  141 |   decltype(a2) a4 = 34895.034;
      |            ^~
conftest.cpp:141:3: error: 'decltype' was not declared in this scope
  141 |   decltype(a2) a4 = 34895.034;
      |   ^~~~~~~~
conftest.cpp:145:23: error: 'get_val' is not a member of 'cxx11test'; did you mean 'eval'?
  145 |   short sa[cxx11test::get_val()] = { 0 };
      |                       ^~~~~~~
      |                       eval
conftest.cpp:155:14: error: ISO C++ forbids declaration of 'x' with no type [-fpermissive]
  155 |   for (auto &x : array) { x += 23; }
      |              ^
conftest.cpp:155:18: warning: range-based 'for' loops only available with '-std=c++11' or '-std=gnu++11' [-Wc++11-extensions]
  155 |   for (auto &x : array) { x += 23; }
      |                  ^~~~~
conftest.cpp:155:18: error: forming reference to reference type 'int (&)[20]'
conftest.cpp:160:41: warning: lambda expressions only available with '-std=c++11' or '-std=gnu++11' [-Wc++11-extensions]
  160 |   assert (eval ([](int x) { return x*2; }, 21) == 42);
      |                                         ^
conftest.cpp:160:16: error: no matching function for call to 'eval(main(int, char**)::<lambda(int)>, int)'
  160 |   assert (eval ([](int x) { return x*2; }, 21) == 42);
      |           ~~~~~^~~~~~~~~~~~~~~~~~~~~~~~~~~~~~~
conftest.cpp:100:44: note: candidate: 'template<class Ret, class Fn> Ret cxx11test::eval(Fn, Ret)'
  100 |   template <typename Ret, typename Fn> Ret eval(Fn f, Ret v)
      |                                            ^~~~
conftest.cpp:100:44: note:   template argument deduction/substitution failed:
conftest.cpp: In substitution of 'template<class Ret, class Fn> Ret cxx11test::eval(Fn, Ret) [with Ret = int; Fn = main(int, char**)::<lambda(int)>]':
conftest.cpp:160:16:   required from here
conftest.cpp:160:16: error: template argument for 'template<class Ret, class Fn> Ret cxx11test::eval(Fn, Ret)' uses local type 'main(int, char**)::<lambda(int)>'
  160 |   assert (eval ([](int x) { return x*2; }, 21) == 42);
      |           ~~~~~^~~~~~~~~~~~~~~~~~~~~~~~~~~~~~~
conftest.cpp:160:16: error:   trying to instantiate 'template<class Ret, class Fn> Ret cxx11test::eval(Fn, Ret)'
conftest.cpp:162:48: warning: lambda expressions only available with '-std=c++11' or '-std=gnu++11' [-Wc++11-extensions]
  162 |   assert (eval ([&](double x) { return d += x; }, 3.0) == 5.0);
      |                                                ^
conftest.cpp:162:16: error: no matching function for call to 'eval(main(int, char**)::<lambda(double)>, double)'
  162 |   assert (eval ([&](double x) { return d += x; }, 3.0) == 5.0);
      |           ~~~~~^~~~~~~~~~~~~~~~~~~~~~~~~~~~~~~~~~~~~~~
conftest.cpp:100:44: note: candidate: 'template<class Ret, class Fn> Ret cxx11test::eval(Fn, Ret)'
  100 |   template <typename Ret, typename Fn> Ret eval(Fn f, Ret v)
      |                                            ^~~~
conftest.cpp:100:44: note:   template argument deduction/substitution failed:
conftest.cpp: In substitution of 'template<class Ret, class Fn> Ret cxx11test::eval(Fn, Ret) [with Ret = double; Fn = main(int, char**)::<lambda(double)>]':
conftest.cpp:162:16:   required from here
conftest.cpp:162:16: error: template argument for 'template<class Ret, class Fn> Ret cxx11test::eval(Fn, Ret)' uses local type 'main(int, char**)::<lambda(double)>'
  162 |   assert (eval ([&](double x) { return d += x; }, 3.0) == 5.0);
      |           ~~~~~^~~~~~~~~~~~~~~~~~~~~~~~~~~~~~~~~~~~~~~
conftest.cpp:162:16: error:   trying to instantiate 'template<class Ret, class Fn> Ret cxx11test::eval(Fn, Ret)'
conftest.cpp:164:56: warning: lambda expressions only available with '-std=c++11' or '-std=gnu++11' [-Wc++11-extensions]
  164 |   assert (eval ([=](double x) mutable { return d += x; }, 4.0) == 9.0);
      |                                                        ^
conftest.cpp:164:16: error: no matching function for call to 'eval(main(int, char**)::<lambda(double)>, double)'
  164 |   assert (eval ([=](double x) mutable { return d += x; }, 4.0) == 9.0);
      |           ~~~~~^~~~~~~~~~~~~~~~~~~~~~~~~~~~~~~~~~~~~~~~~~~~~~~
conftest.cpp:100:44: note: candidate: 'template<class Ret, class Fn> Ret cxx11test::eval(Fn, Ret)'
  100 |   template <typename Ret, typename Fn> Ret eval(Fn f, Ret v)
      |                                            ^~~~
conftest.cpp:100:44: note:   template argument deduction/substitution failed:
conftest.cpp: In substitution of 'template<class Ret, class Fn> Ret cxx11test::eval(Fn, Ret) [with Ret = double; Fn = main(int, char**)::<lambda(double)>]':
conftest.cpp:164:16:   required from here
conftest.cpp:164:16: error: template argument for 'template<class Ret, class Fn> Ret cxx11test::eval(Fn, Ret)' uses local type 'main(int, char**)::<lambda(double)>'
  164 |   assert (eval ([=](double x) mutable { return d += x; }, 4.0) == 9.0);
      |           ~~~~~^~~~~~~~~~~~~~~~~~~~~~~~~~~~~~~~~~~~~~~~~~~~~~~
conftest.cpp:164:16: error:   trying to instantiate 'template<class Ret, class Fn> Ret cxx11test::eval(Fn, Ret)'
conftest.cpp:169:20: error: 'sum' has not been declared in 'cxx11test'
  169 |   using cxx11test::sum;
      |                    ^~~
conftest.cpp:170:8: error: 'a' does not name a type
  170 |   auto a = sum(1);
      |        ^
conftest.cpp:171:8: error: 'b' does not name a type
  171 |   auto b = sum(1, 2);
      |        ^
conftest.cpp:172:8: error: 'c' does not name a type
  172 |   auto c = sum(1.0, 2.0, 3.0);
      |        ^
conftest.cpp:177:25: warning: empty parentheses were disambiguated as a function declaration [-Wvexing-parse]
  177 |   cxx11test::delegate d2();
      |                         ^~
conftest.cpp:177:25: note: remove parentheses to default-initialize a variable
  177 |   cxx11test::delegate d2();
      |                         ^~
      |                         --
conftest.cpp:186:13: error: 'nullptr' was not declared in this scope
  186 |   char *c = nullptr;
      |             ^~~~~~~
conftest.cpp:190:36: error: '>>' should be '> >' within a nested template argument list
  190 |   test_template<::test_template<int>> v(test_template<int>(12));
      |                                    ^~
      |                                    > >
conftest.cpp:190:16: error: '<::' cannot begin a template-argument list [-fpermissive]
  190 |   test_template<::test_template<int>> v(test_template<int>(12));
      |                ^~
conftest.cpp:190:16: note: '<:' is an alternate spelling for '['. Insert whitespace between '<' and '::'
conftest.cpp:190:16: note: (if you use '-fpermissive' or '-std=c++11', or '-std=gnu++11' G++ will accept your code)
conftest.cpp:194:22: error: 'u8' was not declared in this scope; did you mean 'utf8'?
  194 |   char const *utf8 = u8"UTF-8 string \u2500";
      |                      ^~
      |                      utf8
conftest.cpp:195:3: error: 'char16_t' was not declared in this scope
  195 |   char16_t const *utf16 = u"UTF-8 string \u2500";
      |   ^~~~~~~~
conftest.cpp:196:3: error: 'char32_t' was not declared in this scope
  196 |   char32_t const *utf32 = U"UTF-32 string \u2500";
      |   ^~~~~~~~
configure:5612: $? = 1
configure: failed program was:
| /* confdefs.h */
| #define PACKAGE_NAME "Shore-Storage-Manager"
| #define PACKAGE_TARNAME "shore-storage-manager"
| #define PACKAGE_VERSION "6.0.1"
| #define PACKAGE_STRING "Shore-Storage-Manager 6.0.1"
| #define PACKAGE_BUGREPORT "Noone._Sadly-_this_is_unsupported_software."
| #define PACKAGE_URL ""
| #define PACKAGE "shore-storage-manager"
| #define VERSION "6.0.1"
| /* end confdefs.h.  */
| 
| // Does the compiler advertise C++98 conformance?
| #if !defined __cplusplus || __cplusplus < 199711L
| # error "Compiler does not advertise C++98 conformance"
| #endif
| 
| // These inclusions are to reject old compilers that
| // lack the unsuffixed header files.
| #include <cstdlib>
| #include <exception>
| 
| // <cassert> and <cstring> are *not* freestanding headers in C++98.
| extern void assert (int);
| namespace std {
|   extern int strcmp (const char *, const char *);
| }
| 
| // Namespaces, exceptions, and templates were all added after "C++ 2.0".
| using std::exception;
| using std::strcmp;
| 
| namespace {
| 
| void test_exception_syntax()
| {
|   try {
|     throw "test";
|   } catch (const char *s) {
|     // Extra parentheses suppress a warning when building autoconf itself,
|     // due to lint rules shared with more typical C programs.
|     assert (!(strcmp) (s, "test"));
|   }
| }
| 
| template <typename T> struct test_template
| {
|   T const val;
|   explicit test_template(T t) : val(t) {}
|   template <typename U> T add(U u) { return static_cast<T>(u) + val; }
| };
| 
| } // anonymous namespace
| 
| 
| // Does the compiler advertise C++ 2011 conformance?
| #if !defined __cplusplus || __cplusplus < 201103L
| # error "Compiler does not advertise C++11 conformance"
| #endif
| 
| namespace cxx11test
| {
|   constexpr int get_val() { return 20; }
| 
|   struct testinit
|   {
|     int i;
|     double d;
|   };
| 
|   class delegate
|   {
|   public:
|     delegate(int n) : n(n) {}
|     delegate(): delegate(2354) {}
| 
|     virtual int getval() { return this->n; };
|   protected:
|     int n;
|   };
| 
|   class overridden : public delegate
|   {
|   public:
|     overridden(int n): delegate(n) {}
|     virtual int getval() override final { return this->n * 2; }
|   };
| 
|   class nocopy
|   {
|   public:
|     nocopy(int i): i(i) {}
|     nocopy() = default;
|     nocopy(const nocopy&) = delete;
|     nocopy & operator=(const nocopy&) = delete;
|   private:
|     int i;
|   };
| 
|   // for testing lambda expressions
|   template <typename Ret, typename Fn> Ret eval(Fn f, Ret v)
|   {
|     return f(v);
|   }
| 
|   // for testing variadic templates and trailing return types
|   template <typename V> auto sum(V first) -> V
|   {
|     return first;
|   }
|   template <typename V, typename... Args> auto sum(V first, Args... rest) -> V
|   {
|     return first + sum(rest...);
|   }
| }
| 
| 
| int
| main (int argc, char **argv)
| {
|   int ok = 0;
|   
|   assert (argc);
|   assert (! argv[0]);
| {
|   test_exception_syntax ();
|   test_template<double> tt (2.0);
|   assert (tt.add (4) == 6.0);
|   assert (true && !false);
| }
| 
|   
| {
|   // Test auto and decltype
|   auto a1 = 6538;
|   auto a2 = 48573953.4;
|   auto a3 = "String literal";
| 
|   int total = 0;
|   for (auto i = a3; *i; ++i) { total += *i; }
| 
|   decltype(a2) a4 = 34895.034;
| }
| {
|   // Test constexpr
|   short sa[cxx11test::get_val()] = { 0 };
| }
| {
|   // Test initializer lists
|   cxx11test::testinit il = { 4323, 435234.23544 };
| }
| {
|   // Test range-based for
|   int array[] = {9, 7, 13, 15, 4, 18, 12, 10, 5, 3,
|                  14, 19, 17, 8, 6, 20, 16, 2, 11, 1};
|   for (auto &x : array) { x += 23; }
| }
| {
|   // Test lambda expressions
|   using cxx11test::eval;
|   assert (eval ([](int x) { return x*2; }, 21) == 42);
|   double d = 2.0;
|   assert (eval ([&](double x) { return d += x; }, 3.0) == 5.0);
|   assert (d == 5.0);
|   assert (eval ([=](double x) mutable { return d += x; }, 4.0) == 9.0);
|   assert (d == 5.0);
| }
| {
|   // Test use of variadic templates
|   using cxx11test::sum;
|   auto a = sum(1);
|   auto b = sum(1, 2);
|   auto c = sum(1.0, 2.0, 3.0);
| }
| {
|   // Test constructor delegation
|   cxx11test::delegate d1;
|   cxx11test::delegate d2();
|   cxx11test::delegate d3(45);
| }
| {
|   // Test override and final
|   cxx11test::overridden o1(55464);
| }
| {
|   // Test nullptr
|   char *c = nullptr;
| }
| {
|   // Test template brackets
|   test_template<::test_template<int>> v(test_template<int>(12));
| }
| {
|   // Unicode literals
|   char const *utf8 = u8"UTF-8 string \u2500";
|   char16_t const *utf16 = u"UTF-8 string \u2500";
|   char32_t const *utf32 = U"UTF-32 string \u2500";
| }
| 
|   return ok;
| }
| 
configure:5612: g++ -qlanglvl=extended0x -c -std=c++98 -g  conftest.cpp >&5
g++: error: unrecognized command-line option '-qlanglvl=extended0x'
configure:5612: $? = 1
configure: failed program was:
| /* confdefs.h */
| #define PACKAGE_NAME "Shore-Storage-Manager"
| #define PACKAGE_TARNAME "shore-storage-manager"
| #define PACKAGE_VERSION "6.0.1"
| #define PACKAGE_STRING "Shore-Storage-Manager 6.0.1"
| #define PACKAGE_BUGREPORT "Noone._Sadly-_this_is_unsupported_software."
| #define PACKAGE_URL ""
| #define PACKAGE "shore-storage-manager"
| #define VERSION "6.0.1"
| /* end confdefs.h.  */
| 
| // Does the compiler advertise C++98 conformance?
| #if !defined __cplusplus || __cplusplus < 199711L
| # error "Compiler does not advertise C++98 conformance"
| #endif
| 
| // These inclusions are to reject old compilers that
| // lack the unsuffixed header files.
| #include <cstdlib>
| #include <exception>
| 
| // <cassert> and <cstring> are *not* freestanding headers in C++98.
| extern void assert (int);
| namespace std {
|   extern int strcmp (const char *, const char *);
| }
| 
| // Namespaces, exceptions, and templates were all added after "C++ 2.0".
| using std::exception;
| using std::strcmp;
| 
| namespace {
| 
| void test_exception_syntax()
| {
|   try {
|     throw "test";
|   } catch (const char *s) {
|     // Extra parentheses suppress a warning when building autoconf itself,
|     // due to lint rules shared with more typical C programs.
|     assert (!(strcmp) (s, "test"));
|   }
| }
| 
| template <typename T> struct test_template
| {
|   T const val;
|   explicit test_template(T t) : val(t) {}
|   template <typename U> T add(U u) { return static_cast<T>(u) + val; }
| };
| 
| } // anonymous namespace
| 
| 
| // Does the compiler advertise C++ 2011 conformance?
| #if !defined __cplusplus || __cplusplus < 201103L
| # error "Compiler does not advertise C++11 conformance"
| #endif
| 
| namespace cxx11test
| {
|   constexpr int get_val() { return 20; }
| 
|   struct testinit
|   {
|     int i;
|     double d;
|   };
| 
|   class delegate
|   {
|   public:
|     delegate(int n) : n(n) {}
|     delegate(): delegate(2354) {}
| 
|     virtual int getval() { return this->n; };
|   protected:
|     int n;
|   };
| 
|   class overridden : public delegate
|   {
|   public:
|     overridden(int n): delegate(n) {}
|     virtual int getval() override final { return this->n * 2; }
|   };
| 
|   class nocopy
|   {
|   public:
|     nocopy(int i): i(i) {}
|     nocopy() = default;
|     nocopy(const nocopy&) = delete;
|     nocopy & operator=(const nocopy&) = delete;
|   private:
|     int i;
|   };
| 
|   // for testing lambda expressions
|   template <typename Ret, typename Fn> Ret eval(Fn f, Ret v)
|   {
|     return f(v);
|   }
| 
|   // for testing variadic templates and trailing return types
|   template <typename V> auto sum(V first) -> V
|   {
|     return first;
|   }
|   template <typename V, typename... Args> auto sum(V first, Args... rest) -> V
|   {
|     return first + sum(rest...);
|   }
| }
| 
| 
| int
| main (int argc, char **argv)
| {
|   int ok = 0;
|   
|   assert (argc);
|   assert (! argv[0]);
| {
|   test_exception_syntax ();
|   test_template<double> tt (2.0);
|   assert (tt.add (4) == 6.0);
|   assert (true && !false);
| }
| 
|   
| {
|   // Test auto and decltype
|   auto a1 = 6538;
|   auto a2 = 48573953.4;
|   auto a3 = "String literal";
| 
|   int total = 0;
|   for (auto i = a3; *i; ++i) { total += *i; }
| 
|   decltype(a2) a4 = 34895.034;
| }
| {
|   // Test constexpr
|   short sa[cxx11test::get_val()] = { 0 };
| }
| {
|   // Test initializer lists
|   cxx11test::testinit il = { 4323, 435234.23544 };
| }
| {
|   // Test range-based for
|   int array[] = {9, 7, 13, 15, 4, 18, 12, 10, 5, 3,
|                  14, 19, 17, 8, 6, 20, 16, 2, 11, 1};
|   for (auto &x : array) { x += 23; }
| }
| {
|   // Test lambda expressions
|   using cxx11test::eval;
|   assert (eval ([](int x) { return x*2; }, 21) == 42);
|   double d = 2.0;
|   assert (eval ([&](double x) { return d += x; }, 3.0) == 5.0);
|   assert (d == 5.0);
|   assert (eval ([=](double x) mutable { return d += x; }, 4.0) == 9.0);
|   assert (d == 5.0);
| }
| {
|   // Test use of variadic templates
|   using cxx11test::sum;
|   auto a = sum(1);
|   auto b = sum(1, 2);
|   auto c = sum(1.0, 2.0, 3.0);
| }
| {
|   // Test constructor delegation
|   cxx11test::delegate d1;
|   cxx11test::delegate d2();
|   cxx11test::delegate d3(45);
| }
| {
|   // Test override and final
|   cxx11test::overridden o1(55464);
| }
| {
|   // Test nullptr
|   char *c = nullptr;
| }
| {
|   // Test template brackets
|   test_template<::test_template<int>> v(test_template<int>(12));
| }
| {
|   // Unicode literals
|   char const *utf8 = u8"UTF-8 string \u2500";
|   char16_t const *utf16 = u"UTF-8 string \u2500";
|   char32_t const *utf32 = U"UTF-32 string \u2500";
| }
| 
|   return ok;
| }
| 
configure:5612: g++ -AA -c -std=c++98 -g  conftest.cpp >&5
<command-line>: error: missing '(' after predicate
conftest.cpp:57:3: error: #error "Compiler does not advertise C++11 conformance"
   57 | # error "Compiler does not advertise C++11 conformance"
      |   ^~~~~
conftest.cpp:62:3: error: 'constexpr' does not name a type
   62 |   constexpr int get_val() { return 20; }
      |   ^~~~~~~~~
conftest.cpp:62:3: note: C++11 'constexpr' only available with '-std=c++11' or '-std=gnu++11'
conftest.cpp: In constructor 'cxx11test::delegate::delegate()':
conftest.cpp:74:30: warning: delegating constructors only available with '-std=c++11' or '-std=gnu++11' [-Wc++11-extensions]
   74 |     delegate(): delegate(2354) {}
      |                              ^
conftest.cpp: At global scope:
conftest.cpp:85:24: warning: override controls (override/final) only available with '-std=c++11' or '-std=gnu++11' [-Wc++11-extensions]
   85 |     virtual int getval() override final { return this->n * 2; }
      |                        ^
conftest.cpp:85:26: warning: override controls (override/final) only available with '-std=c++11' or '-std=gnu++11' [-Wc++11-extensions]
   85 |     virtual int getval() override final { return this->n * 2; }
      |                          ^~~~~~~~
conftest.cpp:92:16: warning: defaulted and deleted functions only available with '-std=c++11' or '-std=gnu++11' [-Wc++11-extensions]
   92 |     nocopy() = default;
      |                ^~~~~~~
conftest.cpp:93:29: warning: defaulted and deleted functions only available with '-std=c++11' or '-std=gnu++11' [-Wc++11-extensions]
   93 |     nocopy(const nocopy&) = delete;
      |                             ^~~~~~
conftest.cpp:94:41: warning: defaulted and deleted functions only available with '-std=c++11' or '-std=gnu++11' [-Wc++11-extensions]
   94 |     nocopy & operator=(const nocopy&) = delete;
      |                                         ^~~~~~
conftest.cpp:106:30: error: ISO C++ forbids declaration of 'sum' with no type [-fpermissive]
  106 |   template <typename V> auto sum(V first) -> V
      |                              ^~~
conftest.cpp:106:25: error: top-level declaration of 'sum' specifies 'auto'
  106 |   template <typename V> auto sum(V first) -> V
      |                         ^~~~
conftest.cpp:106:46: error: trailing return type only available with '-std=c++11' or '-std=gnu++11'
  106 |   template <typename V> auto sum(V first) -> V
      |                                              ^
conftest.cpp:110:33: warning: variadic templates only available with '-std=c++11' or '-std=gnu++11' [-Wc++11-extensions]
  110 |   template <typename V, typename... Args> auto sum(V first, Args... rest) -> V
      |                                 ^~~
conftest.cpp:110:69: warning: variadic templates only available with '-std=c++11' or '-std=gnu++11' [-Wc++11-extensions]
  110 |   template <typename V, typename... Args> auto sum(V first, Args... rest) -> V
      |                                                                     ^~~~
conftest.cpp:110:48: error: ISO C++ forbids declaration of 'sum' with no type [-fpermissive]
  110 |   template <typename V, typename... Args> auto sum(V first, Args... rest) -> V
      |                                                ^~~
conftest.cpp:110:43: error: top-level declaration of 'sum' specifies 'auto'
  110 |   template <typename V, typename... Args> auto sum(V first, Args... rest) -> V
      |                                           ^~~~
conftest.cpp:110:78: error: trailing return type only available with '-std=c++11' or '-std=gnu++11'
  110 |   template <typename V, typename... Args> auto sum(V first, Args... rest) -> V
      |                                                                              ^
conftest.cpp: In function 'int main(int, char**)':
conftest.cpp:134:8: error: 'a1' does not name a type
  134 |   auto a1 = 6538;
      |        ^~
conftest.cpp:135:8: error: 'a2' does not name a type
  135 |   auto a2 = 48573953.4;
      |        ^~
conftest.cpp:136:8: error: 'a3' does not name a type
  136 |   auto a3 = "String literal";
      |        ^~
conftest.cpp:139:13: error: 'i' does not name a type
  139 |   for (auto i = a3; *i; ++i) { total += *i; }
      |             ^
conftest.cpp:139:20: error: expected ';' before '*' token
  139 |   for (auto i = a3; *i; ++i) { total += *i; }
      |                    ^~
      |                    ;
conftest.cpp:139:22: error: 'i' was not declared in this scope
  139 |   for (auto i = a3; *i; ++i) { total += *i; }
      |                      ^
conftest.cpp:141:12: error: 'a2' was not declared in this scope
  141 |   decltype(a2) a4 = 34895.034;
      |            ^~
conftest.cpp:141:3: error: 'decltype' was not declared in this scope
  141 |   decltype(a2) a4 = 34895.034;
      |   ^~~~~~~~
conftest.cpp:145:23: error: 'get_val' is not a member of 'cxx11test'; did you mean 'eval'?
  145 |   short sa[cxx11test::get_val()] = { 0 };
      |                       ^~~~~~~
      |                       eval
conftest.cpp:155:14: error: ISO C++ forbids declaration of 'x' with no type [-fpermissive]
  155 |   for (auto &x : array) { x += 23; }
      |              ^
conftest.cpp:155:18: warning: range-based 'for' loops only available with '-std=c++11' or '-std=gnu++11' [-Wc++11-extensions]
  155 |   for (auto &x : array) { x += 23; }
      |                  ^~~~~
conftest.cpp:155:18: error: forming reference to reference type 'int (&)[20]'
conftest.cpp:160:41: warning: lambda expressions only available with '-std=c++11' or '-std=gnu++11' [-Wc++11-extensions]
  160 |   assert (eval ([](int x) { return x*2; }, 21) == 42);
      |                                         ^
conftest.cpp:160:16: error: no matching function for call to 'eval(main(int, char**)::<lambda(int)>, int)'
  160 |   assert (eval ([](int x) { return x*2; }, 21) == 42);
      |           ~~~~~^~~~~~~~~~~~~~~~~~~~~~~~~~~~~~~
conftest.cpp:100:44: note: candidate: 'template<class Ret, class Fn> Ret cxx11test::eval(Fn, Ret)'
  100 |   template <typename Ret, typename Fn> Ret eval(Fn f, Ret v)
      |                                            ^~~~
conftest.cpp:100:44: note:   template argument deduction/substitution failed:
conftest.cpp: In substitution of 'template<class Ret, class Fn> Ret cxx11test::eval(Fn, Ret) [with Ret = int; Fn = main(int, char**)::<lambda(int)>]':
conftest.cpp:160:16:   required from here
conftest.cpp:160:16: error: template argument for 'template<class Ret, class Fn> Ret cxx11test::eval(Fn, Ret)' uses local type 'main(int, char**)::<lambda(int)>'
  160 |   assert (eval ([](int x) { return x*2; }, 21) == 42);
      |           ~~~~~^~~~~~~~~~~~~~~~~~~~~~~~~~~~~~~
conftest.cpp:160:16: error:   trying to instantiate 'template<class Ret, class Fn> Ret cxx11test::eval(Fn, Ret)'
conftest.cpp:162:48: warning: lambda expressions only available with '-std=c++11' or '-std=gnu++11' [-Wc++11-extensions]
  162 |   assert (eval ([&](double x) { return d += x; }, 3.0) == 5.0);
      |                                                ^
conftest.cpp:162:16: error: no matching function for call to 'eval(main(int, char**)::<lambda(double)>, double)'
  162 |   assert (eval ([&](double x) { return d += x; }, 3.0) == 5.0);
      |           ~~~~~^~~~~~~~~~~~~~~~~~~~~~~~~~~~~~~~~~~~~~~
conftest.cpp:100:44: note: candidate: 'template<class Ret, class Fn> Ret cxx11test::eval(Fn, Ret)'
  100 |   template <typename Ret, typename Fn> Ret eval(Fn f, Ret v)
      |                                            ^~~~
conftest.cpp:100:44: note:   template argument deduction/substitution failed:
conftest.cpp: In substitution of 'template<class Ret, class Fn> Ret cxx11test::eval(Fn, Ret) [with Ret = double; Fn = main(int, char**)::<lambda(double)>]':
conftest.cpp:162:16:   required from here
conftest.cpp:162:16: error: template argument for 'template<class Ret, class Fn> Ret cxx11test::eval(Fn, Ret)' uses local type 'main(int, char**)::<lambda(double)>'
  162 |   assert (eval ([&](double x) { return d += x; }, 3.0) == 5.0);
      |           ~~~~~^~~~~~~~~~~~~~~~~~~~~~~~~~~~~~~~~~~~~~~
conftest.cpp:162:16: error:   trying to instantiate 'template<class Ret, class Fn> Ret cxx11test::eval(Fn, Ret)'
conftest.cpp:164:56: warning: lambda expressions only available with '-std=c++11' or '-std=gnu++11' [-Wc++11-extensions]
  164 |   assert (eval ([=](double x) mutable { return d += x; }, 4.0) == 9.0);
      |                                                        ^
conftest.cpp:164:16: error: no matching function for call to 'eval(main(int, char**)::<lambda(double)>, double)'
  164 |   assert (eval ([=](double x) mutable { return d += x; }, 4.0) == 9.0);
      |           ~~~~~^~~~~~~~~~~~~~~~~~~~~~~~~~~~~~~~~~~~~~~~~~~~~~~
conftest.cpp:100:44: note: candidate: 'template<class Ret, class Fn> Ret cxx11test::eval(Fn, Ret)'
  100 |   template <typename Ret, typename Fn> Ret eval(Fn f, Ret v)
      |                                            ^~~~
conftest.cpp:100:44: note:   template argument deduction/substitution failed:
conftest.cpp: In substitution of 'template<class Ret, class Fn> Ret cxx11test::eval(Fn, Ret) [with Ret = double; Fn = main(int, char**)::<lambda(double)>]':
conftest.cpp:164:16:   required from here
conftest.cpp:164:16: error: template argument for 'template<class Ret, class Fn> Ret cxx11test::eval(Fn, Ret)' uses local type 'main(int, char**)::<lambda(double)>'
  164 |   assert (eval ([=](double x) mutable { return d += x; }, 4.0) == 9.0);
      |           ~~~~~^~~~~~~~~~~~~~~~~~~~~~~~~~~~~~~~~~~~~~~~~~~~~~~
conftest.cpp:164:16: error:   trying to instantiate 'template<class Ret, class Fn> Ret cxx11test::eval(Fn, Ret)'
conftest.cpp:169:20: error: 'sum' has not been declared in 'cxx11test'
  169 |   using cxx11test::sum;
      |                    ^~~
conftest.cpp:170:8: error: 'a' does not name a type
  170 |   auto a = sum(1);
      |        ^
conftest.cpp:171:8: error: 'b' does not name a type
  171 |   auto b = sum(1, 2);
      |        ^
conftest.cpp:172:8: error: 'c' does not name a type
  172 |   auto c = sum(1.0, 2.0, 3.0);
      |        ^
conftest.cpp:177:25: warning: empty parentheses were disambiguated as a function declaration [-Wvexing-parse]
  177 |   cxx11test::delegate d2();
      |                         ^~
conftest.cpp:177:25: note: remove parentheses to default-initialize a variable
  177 |   cxx11test::delegate d2();
      |                         ^~
      |                         --
conftest.cpp:186:13: error: 'nullptr' was not declared in this scope
  186 |   char *c = nullptr;
      |             ^~~~~~~
conftest.cpp:190:36: error: '>>' should be '> >' within a nested template argument list
  190 |   test_template<::test_template<int>> v(test_template<int>(12));
      |                                    ^~
      |                                    > >
conftest.cpp:190:16: error: '<::' cannot begin a template-argument list [-fpermissive]
  190 |   test_template<::test_template<int>> v(test_template<int>(12));
      |                ^~
conftest.cpp:190:16: note: '<:' is an alternate spelling for '['. Insert whitespace between '<' and '::'
conftest.cpp:190:16: note: (if you use '-fpermissive' or '-std=c++11', or '-std=gnu++11' G++ will accept your code)
conftest.cpp:194:22: error: 'u8' was not declared in this scope; did you mean 'utf8'?
  194 |   char const *utf8 = u8"UTF-8 string \u2500";
      |                      ^~
      |                      utf8
conftest.cpp:195:3: error: 'char16_t' was not declared in this scope
  195 |   char16_t const *utf16 = u"UTF-8 string \u2500";
      |   ^~~~~~~~
conftest.cpp:196:3: error: 'char32_t' was not declared in this scope
  196 |   char32_t const *utf32 = U"UTF-32 string \u2500";
      |   ^~~~~~~~
configure:5612: $? = 1
configure: failed program was:
| /* confdefs.h */
| #define PACKAGE_NAME "Shore-Storage-Manager"
| #define PACKAGE_TARNAME "shore-storage-manager"
| #define PACKAGE_VERSION "6.0.1"
| #define PACKAGE_STRING "Shore-Storage-Manager 6.0.1"
| #define PACKAGE_BUGREPORT "Noone._Sadly-_this_is_unsupported_software."
| #define PACKAGE_URL ""
| #define PACKAGE "shore-storage-manager"
| #define VERSION "6.0.1"
| /* end confdefs.h.  */
| 
| // Does the compiler advertise C++98 conformance?
| #if !defined __cplusplus || __cplusplus < 199711L
| # error "Compiler does not advertise C++98 conformance"
| #endif
| 
| // These inclusions are to reject old compilers that
| // lack the unsuffixed header files.
| #include <cstdlib>
| #include <exception>
| 
| // <cassert> and <cstring> are *not* freestanding headers in C++98.
| extern void assert (int);
| namespace std {
|   extern int strcmp (const char *, const char *);
| }
| 
| // Namespaces, exceptions, and templates were all added after "C++ 2.0".
| using std::exception;
| using std::strcmp;
| 
| namespace {
| 
| void test_exception_syntax()
| {
|   try {
|     throw "test";
|   } catch (const char *s) {
|     // Extra parentheses suppress a warning when building autoconf itself,
|     // due to lint rules shared with more typical C programs.
|     assert (!(strcmp) (s, "test"));
|   }
| }
| 
| template <typename T> struct test_template
| {
|   T const val;
|   explicit test_template(T t) : val(t) {}
|   template <typename U> T add(U u) { return static_cast<T>(u) + val; }
| };
| 
| } // anonymous namespace
| 
| 
| // Does the compiler advertise C++ 2011 conformance?
| #if !defined __cplusplus || __cplusplus < 201103L
| # error "Compiler does not advertise C++11 conformance"
| #endif
| 
| namespace cxx11test
| {
|   constexpr int get_val() { return 20; }
| 
|   struct testinit
|   {
|     int i;
|     double d;
|   };
| 
|   class delegate
|   {
|   public:
|     delegate(int n) : n(n) {}
|     delegate(): delegate(2354) {}
| 
|     virtual int getval() { return this->n; };
|   protected:
|     int n;
|   };
| 
|   class overridden : public delegate
|   {
|   public:
|     overridden(int n): delegate(n) {}
|     virtual int getval() override final { return this->n * 2; }
|   };
| 
|   class nocopy
|   {
|   public:
|     nocopy(int i): i(i) {}
|     nocopy() = default;
|     nocopy(const nocopy&) = delete;
|     nocopy & operator=(const nocopy&) = delete;
|   private:
|     int i;
|   };
| 
|   // for testing lambda expressions
|   template <typename Ret, typename Fn> Ret eval(Fn f, Ret v)
|   {
|     return f(v);
|   }
| 
|   // for testing variadic templates and trailing return types
|   template <typename V> auto sum(V first) -> V
|   {
|     return first;
|   }
|   template <typename V, typename... Args> auto sum(V first, Args... rest) -> V
|   {
|     return first + sum(rest...);
|   }
| }
| 
| 
| int
| main (int argc, char **argv)
| {
|   int ok = 0;
|   
|   assert (argc);
|   assert (! argv[0]);
| {
|   test_exception_syntax ();
|   test_template<double> tt (2.0);
|   assert (tt.add (4) == 6.0);
|   assert (true && !false);
| }
| 
|   
| {
|   // Test auto and decltype
|   auto a1 = 6538;
|   auto a2 = 48573953.4;
|   auto a3 = "String literal";
| 
|   int total = 0;
|   for (auto i = a3; *i; ++i) { total += *i; }
| 
|   decltype(a2) a4 = 34895.034;
| }
| {
|   // Test constexpr
|   short sa[cxx11test::get_val()] = { 0 };
| }
| {
|   // Test initializer lists
|   cxx11test::testinit il = { 4323, 435234.23544 };
| }
| {
|   // Test range-based for
|   int array[] = {9, 7, 13, 15, 4, 18, 12, 10, 5, 3,
|                  14, 19, 17, 8, 6, 20, 16, 2, 11, 1};
|   for (auto &x : array) { x += 23; }
| }
| {
|   // Test lambda expressions
|   using cxx11test::eval;
|   assert (eval ([](int x) { return x*2; }, 21) == 42);
|   double d = 2.0;
|   assert (eval ([&](double x) { return d += x; }, 3.0) == 5.0);
|   assert (d == 5.0);
|   assert (eval ([=](double x) mutable { return d += x; }, 4.0) == 9.0);
|   assert (d == 5.0);
| }
| {
|   // Test use of variadic templates
|   using cxx11test::sum;
|   auto a = sum(1);
|   auto b = sum(1, 2);
|   auto c = sum(1.0, 2.0, 3.0);
| }
| {
|   // Test constructor delegation
|   cxx11test::delegate d1;
|   cxx11test::delegate d2();
|   cxx11test::delegate d3(45);
| }
| {
|   // Test override and final
|   cxx11test::overridden o1(55464);
| }
| {
|   // Test nullptr
|   char *c = nullptr;
| }
| {
|   // Test template brackets
|   test_template<::test_template<int>> v(test_template<int>(12));
| }
| {
|   // Unicode literals
|   char const *utf8 = u8"UTF-8 string \u2500";
|   char16_t const *utf16 = u"UTF-8 string \u2500";
|   char32_t const *utf32 = U"UTF-32 string \u2500";
| }
| 
|   return ok;
| }
| 
configure:5625: result: unsupported
configure:5643: checking for g++ option to enable C++98 features
configure:5658: g++  -c -std=c++98 -g  conftest.cpp >&5
configure:5658: $? = 0
configure:5676: result: none needed
configure:5696: checking dependency style of g++
configure:5808: result: gcc3
configure:5828: checking how to run the C++ preprocessor
configure:5850: g++ -E  conftest.cpp
configure:5850: $? = 0
configure:5865: g++ -E  conftest.cpp
conftest.cpp:11:10: fatal error: ac_nonexistent.h: No such file or directory
   11 | #include <ac_nonexistent.h>
      |          ^~~~~~~~~~~~~~~~~~
compilation terminated.
configure:5865: $? = 1
configure: failed program was:
| /* confdefs.h */
| #define PACKAGE_NAME "Shore-Storage-Manager"
| #define PACKAGE_TARNAME "shore-storage-manager"
| #define PACKAGE_VERSION "6.0.1"
| #define PACKAGE_STRING "Shore-Storage-Manager 6.0.1"
| #define PACKAGE_BUGREPORT "Noone._Sadly-_this_is_unsupported_software."
| #define PACKAGE_URL ""
| #define PACKAGE "shore-storage-manager"
| #define VERSION "6.0.1"
| /* end confdefs.h.  */
| #include <ac_nonexistent.h>
configure:5892: result: g++ -E
configure:5906: g++ -E  conftest.cpp
configure:5906: $? = 0
configure:5921: g++ -E  conftest.cpp
conftest.cpp:11:10: fatal error: ac_nonexistent.h: No such file or directory
   11 | #include <ac_nonexistent.h>
      |          ^~~~~~~~~~~~~~~~~~
compilation terminated.
configure:5921: $? = 1
configure: failed program was:
| /* confdefs.h */
| #define PACKAGE_NAME "Shore-Storage-Manager"
| #define PACKAGE_TARNAME "shore-storage-manager"
| #define PACKAGE_VERSION "6.0.1"
| #define PACKAGE_STRING "Shore-Storage-Manager 6.0.1"
| #define PACKAGE_BUGREPORT "Noone._Sadly-_this_is_unsupported_software."
| #define PACKAGE_URL ""
| #define PACKAGE "shore-storage-manager"
| #define VERSION "6.0.1"
| /* end confdefs.h.  */
| #include <ac_nonexistent.h>
configure:5957: checking how to run the C preprocessor
configure:5983: gcc -E  conftest.c
configure:5983: $? = 0
configure:5998: gcc -E  conftest.c
conftest.c:11:10: fatal error: ac_nonexistent.h: No such file or directory
   11 | #include <ac_nonexistent.h>
      |          ^~~~~~~~~~~~~~~~~~
compilation terminated.
configure:5998: $? = 1
configure: failed program was:
| /* confdefs.h */
| #define PACKAGE_NAME "Shore-Storage-Manager"
| #define PACKAGE_TARNAME "shore-storage-manager"
| #define PACKAGE_VERSION "6.0.1"
| #define PACKAGE_STRING "Shore-Storage-Manager 6.0.1"
| #define PACKAGE_BUGREPORT "Noone._Sadly-_this_is_unsupported_software."
| #define PACKAGE_URL ""
| #define PACKAGE "shore-storage-manager"
| #define VERSION "6.0.1"
| /* end confdefs.h.  */
| #include <ac_nonexistent.h>
configure:6025: result: gcc -E
configure:6039: gcc -E  conftest.c
configure:6039: $? = 0
configure:6054: gcc -E  conftest.c
conftest.c:11:10: fatal error: ac_nonexistent.h: No such file or directory
   11 | #include <ac_nonexistent.h>
      |          ^~~~~~~~~~~~~~~~~~
compilation terminated.
configure:6054: $? = 1
configure: failed program was:
| /* confdefs.h */
| #define PACKAGE_NAME "Shore-Storage-Manager"
| #define PACKAGE_TARNAME "shore-storage-manager"
| #define PACKAGE_VERSION "6.0.1"
| #define PACKAGE_STRING "Shore-Storage-Manager 6.0.1"
| #define PACKAGE_BUGREPORT "Noone._Sadly-_this_is_unsupported_software."
| #define PACKAGE_URL ""
| #define PACKAGE "shore-storage-manager"
| #define VERSION "6.0.1"
| /* end confdefs.h.  */
| #include <ac_nonexistent.h>
configure:6102: checking GCC-specific checks
configure:6122: g++ -E  conftest.cpp
configure:6122: $? = 0
configure:6131: result: 
configure:6180: checking whether the compiler is gcc 2.96
configure:6198: g++ -E  conftest.cpp
conftest.cpp:14:6: error: #error not broken warnings
   14 |     #error not broken warnings
      |      ^~~~~
configure:6198: $? = 1
configure: failed program was:
| /* confdefs.h */
| #define PACKAGE_NAME "Shore-Storage-Manager"
| #define PACKAGE_TARNAME "shore-storage-manager"
| #define PACKAGE_VERSION "6.0.1"
| #define PACKAGE_STRING "Shore-Storage-Manager 6.0.1"
| #define PACKAGE_BUGREPORT "Noone._Sadly-_this_is_unsupported_software."
| #define PACKAGE_URL ""
| #define PACKAGE "shore-storage-manager"
| #define VERSION "6.0.1"
| /* end confdefs.h.  */
| 
|     #if defined(__GNUC__) && (__GNUC__==2) && defined(__GNUC_MINOR__) && (__GNUC_MINOR__==96)
|     #else
|     #error not broken warnings
|     #endif
| 
| int
| main (void)
| {
| 
|   ;
|   return 0;
| }
configure:6217: result: no
configure:6263: checking whether the compiler is gcc 3.4 or later 
configure:6284: g++ -E  conftest.cpp
configure:6284: $? = 0
configure:6293: result: yes
configure:6319: checking whether the compiler is gcc 3.x 
configure:6336: g++ -E  conftest.cpp
conftest.cpp:13:6: error: #error not version 3
   13 |     #error not version 3
      |      ^~~~~
configure:6336: $? = 1
configure: failed program was:
| /* confdefs.h */
| #define PACKAGE_NAME "Shore-Storage-Manager"
| #define PACKAGE_TARNAME "shore-storage-manager"
| #define PACKAGE_VERSION "6.0.1"
| #define PACKAGE_STRING "Shore-Storage-Manager 6.0.1"
| #define PACKAGE_BUGREPORT "Noone._Sadly-_this_is_unsupported_software."
| #define PACKAGE_URL ""
| #define PACKAGE "shore-storage-manager"
| #define VERSION "6.0.1"
| /* end confdefs.h.  */
| #if defined(__GNUC__) && (__GNUC__==3)
|     #else
|     #error not version 3
|     #endif
| 
| int
| main (void)
| {
| 
|   ;
|   return 0;
| }
configure:6355: result: no
configure:6379: checking whether the gcc version is known broken: 4.1.x, x < 2 or 2.95
configure:6402: g++ -E  conftest.cpp
conftest.cpp:17:6: error: #error not version 2.95 or 4.1.2
   17 |     #error not version 2.95 or 4.1.2
      |      ^~~~~
configure:6402: $? = 1
configure: failed program was:
| /* confdefs.h */
| #define PACKAGE_NAME "Shore-Storage-Manager"
| #define PACKAGE_TARNAME "shore-storage-manager"
| #define PACKAGE_VERSION "6.0.1"
| #define PACKAGE_STRING "Shore-Storage-Manager 6.0.1"
| #define PACKAGE_BUGREPORT "Noone._Sadly-_this_is_unsupported_software."
| #define PACKAGE_URL ""
| #define PACKAGE "shore-storage-manager"
| #define VERSION "6.0.1"
| /* end confdefs.h.  */
| 
|     #if defined(__GNUC__) && (__GNUC__==4) && defined(__GNUC_MINOR__) && (__GNUC_MINOR__==1) && defined(__GNUC_PATCHLEVEL__) && (__GNUC_PATCHLEVEL__<2)
|     #else
| 
|     #if defined(__GNUC__) && (__GNUC__==2) && defined(__GNUC_MINOR__) && (__GNUC_MINOR__==95)
|     #else
|     #error not version 2.95 or 4.1.2
|     #endif
| 
|     #endif
| 
| int
| main (void)
| {
| 
|   ;
|   return 0;
| }
configure:6414: result: no
configure:6421: checking whether the gcc version has known issues: 4.0.1
configure:6439: g++ -E  conftest.cpp
conftest.cpp:14:6: error: #error not version 4.0.1
   14 |     #error not version 4.0.1
      |      ^~~~~
configure:6439: $? = 1
configure: failed program was:
| /* confdefs.h */
| #define PACKAGE_NAME "Shore-Storage-Manager"
| #define PACKAGE_TARNAME "shore-storage-manager"
| #define PACKAGE_VERSION "6.0.1"
| #define PACKAGE_STRING "Shore-Storage-Manager 6.0.1"
| #define PACKAGE_BUGREPORT "Noone._Sadly-_this_is_unsupported_software."
| #define PACKAGE_URL ""
| #define PACKAGE "shore-storage-manager"
| #define VERSION "6.0.1"
| /* end confdefs.h.  */
| 
|     #if defined(__GNUC__) && (__GNUC__==4) && defined(__GNUC_MINOR__) && (__GNUC_MINOR__==0) && defined(__GNUC_PATCHLEVEL__) && (__GNUC_PATCHLEVEL__==1)
|     #else
|     #error not version 4.0.1
|     #endif
| 
| int
| main (void)
| {
| 
|   ;
|   return 0;
| }
configure:6458: result: no
configure:6652: checking for ranlib
configure:6673: found /usr/bin/ranlib
configure:6684: result: ranlib
configure:6709: checking for perl
configure:6732: found /usr/bin/perl
configure:6744: result: /usr/bin/perl
configure:6805: checking for dtrace
configure:6843: result: no
configure:6911: checking for rm
configure:6932: found /usr/bin/rm
configure:6943: result: rm
configure:6977: checking for dirent.h that defines DIR
configure:6997: gcc -c -g -O2  conftest.c >&5
configure:6997: $? = 0
configure:7006: result: yes
configure:7020: checking for library containing opendir
configure:7050: gcc -o conftest -g -O2   conftest.c  >&5
configure:7050: $? = 0
configure:7070: result: none required
configure:7148: checking for stdio.h
configure:7148: gcc -c -g -O2  conftest.c >&5
configure:7148: $? = 0
configure:7148: result: yes
configure:7148: checking for stdlib.h
configure:7148: gcc -c -g -O2  conftest.c >&5
configure:7148: $? = 0
configure:7148: result: yes
configure:7148: checking for string.h
configure:7148: gcc -c -g -O2  conftest.c >&5
configure:7148: $? = 0
configure:7148: result: yes
configure:7148: checking for inttypes.h
configure:7148: gcc -c -g -O2  conftest.c >&5
configure:7148: $? = 0
configure:7148: result: yes
configure:7148: checking for stdint.h
configure:7148: gcc -c -g -O2  conftest.c >&5
configure:7148: $? = 0
configure:7148: result: yes
configure:7148: checking for strings.h
configure:7148: gcc -c -g -O2  conftest.c >&5
configure:7148: $? = 0
configure:7148: result: yes
configure:7148: checking for sys/stat.h
configure:7148: gcc -c -g -O2  conftest.c >&5
configure:7148: $? = 0
configure:7148: result: yes
configure:7148: checking for sys/types.h
configure:7148: gcc -c -g -O2  conftest.c >&5
configure:7148: $? = 0
configure:7148: result: yes
configure:7148: checking for unistd.h
configure:7148: gcc -c -g -O2  conftest.c >&5
configure:7148: $? = 0
configure:7148: result: yes
configure:7173: checking for fcntl.h
configure:7173: gcc -c -g -O2  conftest.c >&5
configure:7173: $? = 0
configure:7173: result: yes
configure:7184: checking for memory.h
configure:7184: gcc -c -g -O2  conftest.c >&5
configure:7184: $? = 0
configure:7184: result: yes
configure:7191: checking for string.h
configure:7191: result: yes
configure:7200: checking for netdb.h
configure:7200: gcc -c -g -O2  conftest.c >&5
configure:7200: $? = 0
configure:7200: result: yes
configure:7209: checking for netinet/in.h
configure:7209: gcc -c -g -O2  conftest.c >&5
configure:7209: $? = 0
configure:7209: result: yes
configure:7219: checking for sys/ioctl.h
configure:7219: gcc -c -g -O2  conftest.c >&5
configure:7219: $? = 0
configure:7219: result: yes
configure:7228: checking for sys/param.h
configure:7228: gcc -c -g -O2  conftest.c >&5
configure:7228: $? = 0
configure:7228: result: yes
configure:7237: checking for sys/socket.h
configure:7237: gcc -c -g -O2  conftest.c >&5
configure:7237: $? = 0
configure:7237: result: yes
configure:7253: checking for vprintf
configure:7253: gcc -o conftest -g -O2   conftest.c  >&5
conftest.c:46:6: warning: conflicting types for built-in function 'vprintf'; expected 'int(const char *, __va_list_tag *)' [-Wbuiltin-declaration-mismatch]
   46 | char vprintf ();
      |      ^~~~~~~
conftest.c:38:1: note: 'vprintf' is declared in header '<stdio.h>'
   37 | #include <limits.h>
   38 | #undef vprintf
configure:7253: $? = 0
configure:7253: result: yes
configure:7275: checking for ptrdiff_t
configure:7275: gcc -c -g -O2  conftest.c >&5
configure:7275: $? = 0
configure:7275: gcc -c -g -O2  conftest.c >&5
conftest.c: In function 'main':
conftest.c:62:24: error: expected expression before ')' token
   62 | if (sizeof ((ptrdiff_t)))
      |                        ^
configure:7275: $? = 1
configure: failed program was:
| /* confdefs.h */
| #define PACKAGE_NAME "Shore-Storage-Manager"
| #define PACKAGE_TARNAME "shore-storage-manager"
| #define PACKAGE_VERSION "6.0.1"
| #define PACKAGE_STRING "Shore-Storage-Manager 6.0.1"
| #define PACKAGE_BUGREPORT "Noone._Sadly-_this_is_unsupported_software."
| #define PACKAGE_URL ""
| #define PACKAGE "shore-storage-manager"
| #define VERSION "6.0.1"
| #define HAVE_DIRENT_H 1
| #define HAVE_STDIO_H 1
| #define HAVE_STDLIB_H 1
| #define HAVE_STRING_H 1
| #define HAVE_INTTYPES_H 1
| #define HAVE_STDINT_H 1
| #define HAVE_STRINGS_H 1
| #define HAVE_SYS_STAT_H 1
| #define HAVE_SYS_TYPES_H 1
| #define HAVE_UNISTD_H 1
| #define STDC_HEADERS 1
| #define HAVE_FCNTL_H 1
| #define HAVE_MEMORY_H 1
| #define HAVE_STRING_H 1
| #define HAVE_NETDB_H 1
| #define HAVE_NETINET_IN_H 1
| #define HAVE_SYS_IOCTL_H 1
| #define HAVE_SYS_PARAM_H 1
| #define HAVE_SYS_SOCKET_H 1
| #define HAVE_VPRINTF 1
| /* end confdefs.h.  */
| #include <stddef.h>
| #ifdef HAVE_STDIO_H
| # include <stdio.h>
| #endif
| #ifdef HAVE_STDLIB_H
| # include <stdlib.h>
| #endif
| #ifdef HAVE_STRING_H
| # include <string.h>
| #endif
| #ifdef HAVE_INTTYPES_H
| # include <inttypes.h>
| #endif
| #ifdef HAVE_STDINT_H
| # include <stdint.h>
| #endif
| #ifdef HAVE_STRINGS_H
| # include <strings.h>
| #endif
| #ifdef HAVE_SYS_TYPES_H
| # include <sys/types.h>
| #endif
| #ifdef HAVE_SYS_STAT_H
| # include <sys/stat.h>
| #endif
| #ifdef HAVE_UNISTD_H
| # include <unistd.h>
| #endif
| int
| main (void)
| {
| if (sizeof ((ptrdiff_t)))
| 	    return 0;
|   ;
|   return 0;
| }
configure:7275: result: yes
configure:7283: checking for uchar_t
configure:7283: gcc -c -g -O2  conftest.c >&5
conftest.c: In function 'main':
conftest.c:63:13: error: 'uchar_t' undeclared (first use in this function); did you mean 'wchar_t'?
   63 | if (sizeof (uchar_t))
      |             ^~~~~~~
      |             wchar_t
conftest.c:63:13: note: each undeclared identifier is reported only once for each function it appears in
configure:7283: $? = 1
configure: failed program was:
| /* confdefs.h */
| #define PACKAGE_NAME "Shore-Storage-Manager"
| #define PACKAGE_TARNAME "shore-storage-manager"
| #define PACKAGE_VERSION "6.0.1"
| #define PACKAGE_STRING "Shore-Storage-Manager 6.0.1"
| #define PACKAGE_BUGREPORT "Noone._Sadly-_this_is_unsupported_software."
| #define PACKAGE_URL ""
| #define PACKAGE "shore-storage-manager"
| #define VERSION "6.0.1"
| #define HAVE_DIRENT_H 1
| #define HAVE_STDIO_H 1
| #define HAVE_STDLIB_H 1
| #define HAVE_STRING_H 1
| #define HAVE_INTTYPES_H 1
| #define HAVE_STDINT_H 1
| #define HAVE_STRINGS_H 1
| #define HAVE_SYS_STAT_H 1
| #define HAVE_SYS_TYPES_H 1
| #define HAVE_UNISTD_H 1
| #define STDC_HEADERS 1
| #define HAVE_FCNTL_H 1
| #define HAVE_MEMORY_H 1
| #define HAVE_STRING_H 1
| #define HAVE_NETDB_H 1
| #define HAVE_NETINET_IN_H 1
| #define HAVE_SYS_IOCTL_H 1
| #define HAVE_SYS_PARAM_H 1
| #define HAVE_SYS_SOCKET_H 1
| #define HAVE_VPRINTF 1
| #define HAVE_PTRDIFF_T 1
| /* end confdefs.h.  */
| #include <stddef.h>
| #ifdef HAVE_STDIO_H
| # include <stdio.h>
| #endif
| #ifdef HAVE_STDLIB_H
| # include <stdlib.h>
| #endif
| #ifdef HAVE_STRING_H
| # include <string.h>
| #endif
| #ifdef HAVE_INTTYPES_H
| # include <inttypes.h>
| #endif
| #ifdef HAVE_STDINT_H
| # include <stdint.h>
| #endif
| #ifdef HAVE_STRINGS_H
| # include <strings.h>
| #endif
| #ifdef HAVE_SYS_TYPES_H
| # include <sys/types.h>
| #endif
| #ifdef HAVE_SYS_STAT_H
| # include <sys/stat.h>
| #endif
| #ifdef HAVE_UNISTD_H
| # include <unistd.h>
| #endif
| int
| main (void)
| {
| if (sizeof (uchar_t))
| 	 return 0;
|   ;
|   return 0;
| }
configure:7283: result: no
configure:7291: checking for ushort_t
configure:7291: gcc -c -g -O2  conftest.c >&5
conftest.c: In function 'main':
conftest.c:63:13: error: 'ushort_t' undeclared (first use in this function); did you mean 'ushort'?
   63 | if (sizeof (ushort_t))
      |             ^~~~~~~~
      |             ushort
conftest.c:63:13: note: each undeclared identifier is reported only once for each function it appears in
configure:7291: $? = 1
configure: failed program was:
| /* confdefs.h */
| #define PACKAGE_NAME "Shore-Storage-Manager"
| #define PACKAGE_TARNAME "shore-storage-manager"
| #define PACKAGE_VERSION "6.0.1"
| #define PACKAGE_STRING "Shore-Storage-Manager 6.0.1"
| #define PACKAGE_BUGREPORT "Noone._Sadly-_this_is_unsupported_software."
| #define PACKAGE_URL ""
| #define PACKAGE "shore-storage-manager"
| #define VERSION "6.0.1"
| #define HAVE_DIRENT_H 1
| #define HAVE_STDIO_H 1
| #define HAVE_STDLIB_H 1
| #define HAVE_STRING_H 1
| #define HAVE_INTTYPES_H 1
| #define HAVE_STDINT_H 1
| #define HAVE_STRINGS_H 1
| #define HAVE_SYS_STAT_H 1
| #define HAVE_SYS_TYPES_H 1
| #define HAVE_UNISTD_H 1
| #define STDC_HEADERS 1
| #define HAVE_FCNTL_H 1
| #define HAVE_MEMORY_H 1
| #define HAVE_STRING_H 1
| #define HAVE_NETDB_H 1
| #define HAVE_NETINET_IN_H 1
| #define HAVE_SYS_IOCTL_H 1
| #define HAVE_SYS_PARAM_H 1
| #define HAVE_SYS_SOCKET_H 1
| #define HAVE_VPRINTF 1
| #define HAVE_PTRDIFF_T 1
| /* end confdefs.h.  */
| #include <stddef.h>
| #ifdef HAVE_STDIO_H
| # include <stdio.h>
| #endif
| #ifdef HAVE_STDLIB_H
| # include <stdlib.h>
| #endif
| #ifdef HAVE_STRING_H
| # include <string.h>
| #endif
| #ifdef HAVE_INTTYPES_H
| # include <inttypes.h>
| #endif
| #ifdef HAVE_STDINT_H
| # include <stdint.h>
| #endif
| #ifdef HAVE_STRINGS_H
| # include <strings.h>
| #endif
| #ifdef HAVE_SYS_TYPES_H
| # include <sys/types.h>
| #endif
| #ifdef HAVE_SYS_STAT_H
| # include <sys/stat.h>
| #endif
| #ifdef HAVE_UNISTD_H
| # include <unistd.h>
| #endif
| int
| main (void)
| {
| if (sizeof (ushort_t))
| 	 return 0;
|   ;
|   return 0;
| }
configure:7291: result: no
configure:7299: checking for ulong_t
configure:7299: gcc -c -g -O2  conftest.c >&5
conftest.c: In function 'main':
conftest.c:63:13: error: 'ulong_t' undeclared (first use in this function); did you mean 'ulong'?
   63 | if (sizeof (ulong_t))
      |             ^~~~~~~
      |             ulong
conftest.c:63:13: note: each undeclared identifier is reported only once for each function it appears in
configure:7299: $? = 1
configure: failed program was:
| /* confdefs.h */
| #define PACKAGE_NAME "Shore-Storage-Manager"
| #define PACKAGE_TARNAME "shore-storage-manager"
| #define PACKAGE_VERSION "6.0.1"
| #define PACKAGE_STRING "Shore-Storage-Manager 6.0.1"
| #define PACKAGE_BUGREPORT "Noone._Sadly-_this_is_unsupported_software."
| #define PACKAGE_URL ""
| #define PACKAGE "shore-storage-manager"
| #define VERSION "6.0.1"
| #define HAVE_DIRENT_H 1
| #define HAVE_STDIO_H 1
| #define HAVE_STDLIB_H 1
| #define HAVE_STRING_H 1
| #define HAVE_INTTYPES_H 1
| #define HAVE_STDINT_H 1
| #define HAVE_STRINGS_H 1
| #define HAVE_SYS_STAT_H 1
| #define HAVE_SYS_TYPES_H 1
| #define HAVE_UNISTD_H 1
| #define STDC_HEADERS 1
| #define HAVE_FCNTL_H 1
| #define HAVE_MEMORY_H 1
| #define HAVE_STRING_H 1
| #define HAVE_NETDB_H 1
| #define HAVE_NETINET_IN_H 1
| #define HAVE_SYS_IOCTL_H 1
| #define HAVE_SYS_PARAM_H 1
| #define HAVE_SYS_SOCKET_H 1
| #define HAVE_VPRINTF 1
| #define HAVE_PTRDIFF_T 1
| /* end confdefs.h.  */
| #include <stddef.h>
| #ifdef HAVE_STDIO_H
| # include <stdio.h>
| #endif
| #ifdef HAVE_STDLIB_H
| # include <stdlib.h>
| #endif
| #ifdef HAVE_STRING_H
| # include <string.h>
| #endif
| #ifdef HAVE_INTTYPES_H
| # include <inttypes.h>
| #endif
| #ifdef HAVE_STDINT_H
| # include <stdint.h>
| #endif
| #ifdef HAVE_STRINGS_H
| # include <strings.h>
| #endif
| #ifdef HAVE_SYS_TYPES_H
| # include <sys/types.h>
| #endif
| #ifdef HAVE_SYS_STAT_H
| # include <sys/stat.h>
| #endif
| #ifdef HAVE_UNISTD_H
| # include <unistd.h>
| #endif
| int
| main (void)
| {
| if (sizeof (ulong_t))
| 	 return 0;
|   ;
|   return 0;
| }
configure:7299: result: no
configure:7307: checking for char_t
configure:7307: gcc -c -g -O2  conftest.c >&5
conftest.c: In function 'main':
conftest.c:63:13: error: 'char_t' undeclared (first use in this function); did you mean 'wchar_t'?
   63 | if (sizeof (char_t))
      |             ^~~~~~
      |             wchar_t
conftest.c:63:13: note: each undeclared identifier is reported only once for each function it appears in
configure:7307: $? = 1
configure: failed program was:
| /* confdefs.h */
| #define PACKAGE_NAME "Shore-Storage-Manager"
| #define PACKAGE_TARNAME "shore-storage-manager"
| #define PACKAGE_VERSION "6.0.1"
| #define PACKAGE_STRING "Shore-Storage-Manager 6.0.1"
| #define PACKAGE_BUGREPORT "Noone._Sadly-_this_is_unsupported_software."
| #define PACKAGE_URL ""
| #define PACKAGE "shore-storage-manager"
| #define VERSION "6.0.1"
| #define HAVE_DIRENT_H 1
| #define HAVE_STDIO_H 1
| #define HAVE_STDLIB_H 1
| #define HAVE_STRING_H 1
| #define HAVE_INTTYPES_H 1
| #define HAVE_STDINT_H 1
| #define HAVE_STRINGS_H 1
| #define HAVE_SYS_STAT_H 1
| #define HAVE_SYS_TYPES_H 1
| #define HAVE_UNISTD_H 1
| #define STDC_HEADERS 1
| #define HAVE_FCNTL_H 1
| #define HAVE_MEMORY_H 1
| #define HAVE_STRING_H 1
| #define HAVE_NETDB_H 1
| #define HAVE_NETINET_IN_H 1
| #define HAVE_SYS_IOCTL_H 1
| #define HAVE_SYS_PARAM_H 1
| #define HAVE_SYS_SOCKET_H 1
| #define HAVE_VPRINTF 1
| #define HAVE_PTRDIFF_T 1
| /* end confdefs.h.  */
| #include <stddef.h>
| #ifdef HAVE_STDIO_H
| # include <stdio.h>
| #endif
| #ifdef HAVE_STDLIB_H
| # include <stdlib.h>
| #endif
| #ifdef HAVE_STRING_H
| # include <string.h>
| #endif
| #ifdef HAVE_INTTYPES_H
| # include <inttypes.h>
| #endif
| #ifdef HAVE_STDINT_H
| # include <stdint.h>
| #endif
| #ifdef HAVE_STRINGS_H
| # include <strings.h>
| #endif
| #ifdef HAVE_SYS_TYPES_H
| # include <sys/types.h>
| #endif
| #ifdef HAVE_SYS_STAT_H
| # include <sys/stat.h>
| #endif
| #ifdef HAVE_UNISTD_H
| # include <unistd.h>
| #endif
| int
| main (void)
| {
| if (sizeof (char_t))
| 	 return 0;
|   ;
|   return 0;
| }
configure:7307: result: no
configure:7315: checking for short_t
configure:7315: gcc -c -g -O2  conftest.c >&5
conftest.c: In function 'main':
conftest.c:63:13: error: 'short_t' undeclared (first use in this function)
   63 | if (sizeof (short_t))
      |             ^~~~~~~
conftest.c:63:13: note: each undeclared identifier is reported only once for each function it appears in
configure:7315: $? = 1
configure: failed program was:
| /* confdefs.h */
| #define PACKAGE_NAME "Shore-Storage-Manager"
| #define PACKAGE_TARNAME "shore-storage-manager"
| #define PACKAGE_VERSION "6.0.1"
| #define PACKAGE_STRING "Shore-Storage-Manager 6.0.1"
| #define PACKAGE_BUGREPORT "Noone._Sadly-_this_is_unsupported_software."
| #define PACKAGE_URL ""
| #define PACKAGE "shore-storage-manager"
| #define VERSION "6.0.1"
| #define HAVE_DIRENT_H 1
| #define HAVE_STDIO_H 1
| #define HAVE_STDLIB_H 1
| #define HAVE_STRING_H 1
| #define HAVE_INTTYPES_H 1
| #define HAVE_STDINT_H 1
| #define HAVE_STRINGS_H 1
| #define HAVE_SYS_STAT_H 1
| #define HAVE_SYS_TYPES_H 1
| #define HAVE_UNISTD_H 1
| #define STDC_HEADERS 1
| #define HAVE_FCNTL_H 1
| #define HAVE_MEMORY_H 1
| #define HAVE_STRING_H 1
| #define HAVE_NETDB_H 1
| #define HAVE_NETINET_IN_H 1
| #define HAVE_SYS_IOCTL_H 1
| #define HAVE_SYS_PARAM_H 1
| #define HAVE_SYS_SOCKET_H 1
| #define HAVE_VPRINTF 1
| #define HAVE_PTRDIFF_T 1
| /* end confdefs.h.  */
| #include <stddef.h>
| #ifdef HAVE_STDIO_H
| # include <stdio.h>
| #endif
| #ifdef HAVE_STDLIB_H
| # include <stdlib.h>
| #endif
| #ifdef HAVE_STRING_H
| # include <string.h>
| #endif
| #ifdef HAVE_INTTYPES_H
| # include <inttypes.h>
| #endif
| #ifdef HAVE_STDINT_H
| # include <stdint.h>
| #endif
| #ifdef HAVE_STRINGS_H
| # include <strings.h>
| #endif
| #ifdef HAVE_SYS_TYPES_H
| # include <sys/types.h>
| #endif
| #ifdef HAVE_SYS_STAT_H
| # include <sys/stat.h>
| #endif
| #ifdef HAVE_UNISTD_H
| # include <unistd.h>
| #endif
| int
| main (void)
| {
| if (sizeof (short_t))
| 	 return 0;
|   ;
|   return 0;
| }
configure:7315: result: no
configure:7323: checking for long_t
configure:7323: gcc -c -g -O2  conftest.c >&5
conftest.c: In function 'main':
conftest.c:63:13: error: 'long_t' undeclared (first use in this function); did you mean 'loff_t'?
   63 | if (sizeof (long_t))
      |             ^~~~~~
      |             loff_t
conftest.c:63:13: note: each undeclared identifier is reported only once for each function it appears in
configure:7323: $? = 1
configure: failed program was:
| /* confdefs.h */
| #define PACKAGE_NAME "Shore-Storage-Manager"
| #define PACKAGE_TARNAME "shore-storage-manager"
| #define PACKAGE_VERSION "6.0.1"
| #define PACKAGE_STRING "Shore-Storage-Manager 6.0.1"
| #define PACKAGE_BUGREPORT "Noone._Sadly-_this_is_unsupported_software."
| #define PACKAGE_URL ""
| #define PACKAGE "shore-storage-manager"
| #define VERSION "6.0.1"
| #define HAVE_DIRENT_H 1
| #define HAVE_STDIO_H 1
| #define HAVE_STDLIB_H 1
| #define HAVE_STRING_H 1
| #define HAVE_INTTYPES_H 1
| #define HAVE_STDINT_H 1
| #define HAVE_STRINGS_H 1
| #define HAVE_SYS_STAT_H 1
| #define HAVE_SYS_TYPES_H 1
| #define HAVE_UNISTD_H 1
| #define STDC_HEADERS 1
| #define HAVE_FCNTL_H 1
| #define HAVE_MEMORY_H 1
| #define HAVE_STRING_H 1
| #define HAVE_NETDB_H 1
| #define HAVE_NETINET_IN_H 1
| #define HAVE_SYS_IOCTL_H 1
| #define HAVE_SYS_PARAM_H 1
| #define HAVE_SYS_SOCKET_H 1
| #define HAVE_VPRINTF 1
| #define HAVE_PTRDIFF_T 1
| /* end confdefs.h.  */
| #include <stddef.h>
| #ifdef HAVE_STDIO_H
| # include <stdio.h>
| #endif
| #ifdef HAVE_STDLIB_H
| # include <stdlib.h>
| #endif
| #ifdef HAVE_STRING_H
| # include <string.h>
| #endif
| #ifdef HAVE_INTTYPES_H
| # include <inttypes.h>
| #endif
| #ifdef HAVE_STDINT_H
| # include <stdint.h>
| #endif
| #ifdef HAVE_STRINGS_H
| # include <strings.h>
| #endif
| #ifdef HAVE_SYS_TYPES_H
| # include <sys/types.h>
| #endif
| #ifdef HAVE_SYS_STAT_H
| # include <sys/stat.h>
| #endif
| #ifdef HAVE_UNISTD_H
| # include <unistd.h>
| #endif
| int
| main (void)
| {
| if (sizeof (long_t))
| 	 return 0;
|   ;
|   return 0;
| }
configure:7323: result: no
configure:7353: checking for size_t
configure:7353: gcc -c -g -O2  conftest.c >&5
configure:7353: $? = 0
configure:7353: gcc -c -g -O2  conftest.c >&5
conftest.c: In function 'main':
conftest.c:63:21: error: expected expression before ')' token
   63 | if (sizeof ((size_t)))
      |                     ^
configure:7353: $? = 1
configure: failed program was:
| /* confdefs.h */
| #define PACKAGE_NAME "Shore-Storage-Manager"
| #define PACKAGE_TARNAME "shore-storage-manager"
| #define PACKAGE_VERSION "6.0.1"
| #define PACKAGE_STRING "Shore-Storage-Manager 6.0.1"
| #define PACKAGE_BUGREPORT "Noone._Sadly-_this_is_unsupported_software."
| #define PACKAGE_URL ""
| #define PACKAGE "shore-storage-manager"
| #define VERSION "6.0.1"
| #define HAVE_DIRENT_H 1
| #define HAVE_STDIO_H 1
| #define HAVE_STDLIB_H 1
| #define HAVE_STRING_H 1
| #define HAVE_INTTYPES_H 1
| #define HAVE_STDINT_H 1
| #define HAVE_STRINGS_H 1
| #define HAVE_SYS_STAT_H 1
| #define HAVE_SYS_TYPES_H 1
| #define HAVE_UNISTD_H 1
| #define STDC_HEADERS 1
| #define HAVE_FCNTL_H 1
| #define HAVE_MEMORY_H 1
| #define HAVE_STRING_H 1
| #define HAVE_NETDB_H 1
| #define HAVE_NETINET_IN_H 1
| #define HAVE_SYS_IOCTL_H 1
| #define HAVE_SYS_PARAM_H 1
| #define HAVE_SYS_SOCKET_H 1
| #define HAVE_VPRINTF 1
| #define HAVE_PTRDIFF_T 1
| /* end confdefs.h.  */
| #include <stddef.h>
| #ifdef HAVE_STDIO_H
| # include <stdio.h>
| #endif
| #ifdef HAVE_STDLIB_H
| # include <stdlib.h>
| #endif
| #ifdef HAVE_STRING_H
| # include <string.h>
| #endif
| #ifdef HAVE_INTTYPES_H
| # include <inttypes.h>
| #endif
| #ifdef HAVE_STDINT_H
| # include <stdint.h>
| #endif
| #ifdef HAVE_STRINGS_H
| # include <strings.h>
| #endif
| #ifdef HAVE_SYS_TYPES_H
| # include <sys/types.h>
| #endif
| #ifdef HAVE_SYS_STAT_H
| # include <sys/stat.h>
| #endif
| #ifdef HAVE_UNISTD_H
| # include <unistd.h>
| #endif
| int
| main (void)
| {
| if (sizeof ((size_t)))
| 	    return 0;
|   ;
|   return 0;
| }
configure:7353: result: yes
configure:7363: checking for grep that handles long lines and -e
configure:7427: result: /usr/bin/grep
configure:7432: checking for egrep
configure:7500: result: /usr/bin/grep -E
configure:7505: checking for uid_t in sys/types.h
configure:7526: result: yes
configure:7538: checking for pid_t
configure:7538: gcc -c -g -O2  conftest.c >&5
configure:7538: $? = 0
configure:7538: gcc -c -g -O2  conftest.c >&5
conftest.c: In function 'main':
conftest.c:64:20: error: expected expression before ')' token
   64 | if (sizeof ((pid_t)))
      |                    ^
configure:7538: $? = 1
configure: failed program was:
| /* confdefs.h */
| #define PACKAGE_NAME "Shore-Storage-Manager"
| #define PACKAGE_TARNAME "shore-storage-manager"
| #define PACKAGE_VERSION "6.0.1"
| #define PACKAGE_STRING "Shore-Storage-Manager 6.0.1"
| #define PACKAGE_BUGREPORT "Noone._Sadly-_this_is_unsupported_software."
| #define PACKAGE_URL ""
| #define PACKAGE "shore-storage-manager"
| #define VERSION "6.0.1"
| #define HAVE_DIRENT_H 1
| #define HAVE_STDIO_H 1
| #define HAVE_STDLIB_H 1
| #define HAVE_STRING_H 1
| #define HAVE_INTTYPES_H 1
| #define HAVE_STDINT_H 1
| #define HAVE_STRINGS_H 1
| #define HAVE_SYS_STAT_H 1
| #define HAVE_SYS_TYPES_H 1
| #define HAVE_UNISTD_H 1
| #define STDC_HEADERS 1
| #define HAVE_FCNTL_H 1
| #define HAVE_MEMORY_H 1
| #define HAVE_STRING_H 1
| #define HAVE_NETDB_H 1
| #define HAVE_NETINET_IN_H 1
| #define HAVE_SYS_IOCTL_H 1
| #define HAVE_SYS_PARAM_H 1
| #define HAVE_SYS_SOCKET_H 1
| #define HAVE_VPRINTF 1
| #define HAVE_PTRDIFF_T 1
| /* end confdefs.h.  */
| #include <stddef.h>
| #ifdef HAVE_STDIO_H
| # include <stdio.h>
| #endif
| #ifdef HAVE_STDLIB_H
| # include <stdlib.h>
| #endif
| #ifdef HAVE_STRING_H
| # include <string.h>
| #endif
| #ifdef HAVE_INTTYPES_H
| # include <inttypes.h>
| #endif
| #ifdef HAVE_STDINT_H
| # include <stdint.h>
| #endif
| #ifdef HAVE_STRINGS_H
| # include <strings.h>
| #endif
| #ifdef HAVE_SYS_TYPES_H
| # include <sys/types.h>
| #endif
| #ifdef HAVE_SYS_STAT_H
| # include <sys/stat.h>
| #endif
| #ifdef HAVE_UNISTD_H
| # include <unistd.h>
| #endif
| 
| int
| main (void)
| {
| if (sizeof ((pid_t)))
| 	    return 0;
|   ;
|   return 0;
| }
configure:7538: result: yes
configure:7574: checking for mode_t
configure:7574: gcc -c -g -O2  conftest.c >&5
configure:7574: $? = 0
configure:7574: gcc -c -g -O2  conftest.c >&5
conftest.c: In function 'main':
conftest.c:63:21: error: expected expression before ')' token
   63 | if (sizeof ((mode_t)))
      |                     ^
configure:7574: $? = 1
configure: failed program was:
| /* confdefs.h */
| #define PACKAGE_NAME "Shore-Storage-Manager"
| #define PACKAGE_TARNAME "shore-storage-manager"
| #define PACKAGE_VERSION "6.0.1"
| #define PACKAGE_STRING "Shore-Storage-Manager 6.0.1"
| #define PACKAGE_BUGREPORT "Noone._Sadly-_this_is_unsupported_software."
| #define PACKAGE_URL ""
| #define PACKAGE "shore-storage-manager"
| #define VERSION "6.0.1"
| #define HAVE_DIRENT_H 1
| #define HAVE_STDIO_H 1
| #define HAVE_STDLIB_H 1
| #define HAVE_STRING_H 1
| #define HAVE_INTTYPES_H 1
| #define HAVE_STDINT_H 1
| #define HAVE_STRINGS_H 1
| #define HAVE_SYS_STAT_H 1
| #define HAVE_SYS_TYPES_H 1
| #define HAVE_UNISTD_H 1
| #define STDC_HEADERS 1
| #define HAVE_FCNTL_H 1
| #define HAVE_MEMORY_H 1
| #define HAVE_STRING_H 1
| #define HAVE_NETDB_H 1
| #define HAVE_NETINET_IN_H 1
| #define HAVE_SYS_IOCTL_H 1
| #define HAVE_SYS_PARAM_H 1
| #define HAVE_SYS_SOCKET_H 1
| #define HAVE_VPRINTF 1
| #define HAVE_PTRDIFF_T 1
| /* end confdefs.h.  */
| #include <stddef.h>
| #ifdef HAVE_STDIO_H
| # include <stdio.h>
| #endif
| #ifdef HAVE_STDLIB_H
| # include <stdlib.h>
| #endif
| #ifdef HAVE_STRING_H
| # include <string.h>
| #endif
| #ifdef HAVE_INTTYPES_H
| # include <inttypes.h>
| #endif
| #ifdef HAVE_STDINT_H
| # include <stdint.h>
| #endif
| #ifdef HAVE_STRINGS_H
| # include <strings.h>
| #endif
| #ifdef HAVE_SYS_TYPES_H
| # include <sys/types.h>
| #endif
| #ifdef HAVE_SYS_STAT_H
| # include <sys/stat.h>
| #endif
| #ifdef HAVE_UNISTD_H
| # include <unistd.h>
| #endif
| int
| main (void)
| {
| if (sizeof ((mode_t)))
| 	    return 0;
|   ;
|   return 0;
| }
configure:7574: result: yes
configure:7584: checking for off_t
configure:7584: gcc -c -g -O2  conftest.c >&5
configure:7584: $? = 0
configure:7584: gcc -c -g -O2  conftest.c >&5
conftest.c: In function 'main':
conftest.c:63:20: error: expected expression before ')' token
   63 | if (sizeof ((off_t)))
      |                    ^
configure:7584: $? = 1
configure: failed program was:
| /* confdefs.h */
| #define PACKAGE_NAME "Shore-Storage-Manager"
| #define PACKAGE_TARNAME "shore-storage-manager"
| #define PACKAGE_VERSION "6.0.1"
| #define PACKAGE_STRING "Shore-Storage-Manager 6.0.1"
| #define PACKAGE_BUGREPORT "Noone._Sadly-_this_is_unsupported_software."
| #define PACKAGE_URL ""
| #define PACKAGE "shore-storage-manager"
| #define VERSION "6.0.1"
| #define HAVE_DIRENT_H 1
| #define HAVE_STDIO_H 1
| #define HAVE_STDLIB_H 1
| #define HAVE_STRING_H 1
| #define HAVE_INTTYPES_H 1
| #define HAVE_STDINT_H 1
| #define HAVE_STRINGS_H 1
| #define HAVE_SYS_STAT_H 1
| #define HAVE_SYS_TYPES_H 1
| #define HAVE_UNISTD_H 1
| #define STDC_HEADERS 1
| #define HAVE_FCNTL_H 1
| #define HAVE_MEMORY_H 1
| #define HAVE_STRING_H 1
| #define HAVE_NETDB_H 1
| #define HAVE_NETINET_IN_H 1
| #define HAVE_SYS_IOCTL_H 1
| #define HAVE_SYS_PARAM_H 1
| #define HAVE_SYS_SOCKET_H 1
| #define HAVE_VPRINTF 1
| #define HAVE_PTRDIFF_T 1
| /* end confdefs.h.  */
| #include <stddef.h>
| #ifdef HAVE_STDIO_H
| # include <stdio.h>
| #endif
| #ifdef HAVE_STDLIB_H
| # include <stdlib.h>
| #endif
| #ifdef HAVE_STRING_H
| # include <string.h>
| #endif
| #ifdef HAVE_INTTYPES_H
| # include <inttypes.h>
| #endif
| #ifdef HAVE_STDINT_H
| # include <stdint.h>
| #endif
| #ifdef HAVE_STRINGS_H
| # include <strings.h>
| #endif
| #ifdef HAVE_SYS_TYPES_H
| # include <sys/types.h>
| #endif
| #ifdef HAVE_SYS_STAT_H
| # include <sys/stat.h>
| #endif
| #ifdef HAVE_UNISTD_H
| # include <unistd.h>
| #endif
| int
| main (void)
| {
| if (sizeof ((off_t)))
| 	    return 0;
|   ;
|   return 0;
| }
configure:7584: result: yes
configure:7594: checking for ptrdiff_t
configure:7594: result: yes
configure:7608: checking for gcc options needed to detect all undeclared functions
configure:7630: gcc -c -g -O2   conftest.c >&5
conftest.c: In function 'main':
conftest.c:37:8: error: 'strchr' undeclared (first use in this function)
   37 | (void) strchr;
      |        ^~~~~~
conftest.c:1:1: note: 'strchr' is defined in header '<string.h>'; did you forget to '#include <string.h>'?
    1 | /* confdefs.h */
conftest.c:37:8: note: each undeclared identifier is reported only once for each function it appears in
   37 | (void) strchr;
      |        ^~~~~~
configure:7630: $? = 1
configure: failed program was:
| /* confdefs.h */
| #define PACKAGE_NAME "Shore-Storage-Manager"
| #define PACKAGE_TARNAME "shore-storage-manager"
| #define PACKAGE_VERSION "6.0.1"
| #define PACKAGE_STRING "Shore-Storage-Manager 6.0.1"
| #define PACKAGE_BUGREPORT "Noone._Sadly-_this_is_unsupported_software."
| #define PACKAGE_URL ""
| #define PACKAGE "shore-storage-manager"
| #define VERSION "6.0.1"
| #define HAVE_DIRENT_H 1
| #define HAVE_STDIO_H 1
| #define HAVE_STDLIB_H 1
| #define HAVE_STRING_H 1
| #define HAVE_INTTYPES_H 1
| #define HAVE_STDINT_H 1
| #define HAVE_STRINGS_H 1
| #define HAVE_SYS_STAT_H 1
| #define HAVE_SYS_TYPES_H 1
| #define HAVE_UNISTD_H 1
| #define STDC_HEADERS 1
| #define HAVE_FCNTL_H 1
| #define HAVE_MEMORY_H 1
| #define HAVE_STRING_H 1
| #define HAVE_NETDB_H 1
| #define HAVE_NETINET_IN_H 1
| #define HAVE_SYS_IOCTL_H 1
| #define HAVE_SYS_PARAM_H 1
| #define HAVE_SYS_SOCKET_H 1
| #define HAVE_VPRINTF 1
| #define HAVE_PTRDIFF_T 1
| #define HAVE_PTRDIFF_T 1
| /* end confdefs.h.  */
| 
| int
| main (void)
| {
| (void) strchr;
|   ;
|   return 0;
| }
configure:7657: gcc -c -g -O2   conftest.c >&5
configure:7657: $? = 0
configure:7674: result: none needed
configure:7688: checking whether MAP_ANONYMOUS is declared
configure:7688: gcc -c -g -O2   conftest.c >&5
configure:7688: $? = 0
configure:7688: result: yes
configure:7697: checking whether MAP_ANON is declared
configure:7697: gcc -c -g -O2   conftest.c >&5
configure:7697: $? = 0
configure:7697: result: yes
configure:7706: checking whether MAP_ALIGN is declared
configure:7706: gcc -c -g -O2   conftest.c >&5
conftest.c: In function 'main':
conftest.c:44:10: error: 'MAP_ALIGN' undeclared (first use in this function); did you mean 'MAP_ANON'?
   44 |   (void) MAP_ALIGN;
      |          ^~~~~~~~~
      |          MAP_ANON
conftest.c:44:10: note: each undeclared identifier is reported only once for each function it appears in
configure:7706: $? = 1
configure: failed program was:
| /* confdefs.h */
| #define PACKAGE_NAME "Shore-Storage-Manager"
| #define PACKAGE_TARNAME "shore-storage-manager"
| #define PACKAGE_VERSION "6.0.1"
| #define PACKAGE_STRING "Shore-Storage-Manager 6.0.1"
| #define PACKAGE_BUGREPORT "Noone._Sadly-_this_is_unsupported_software."
| #define PACKAGE_URL ""
| #define PACKAGE "shore-storage-manager"
| #define VERSION "6.0.1"
| #define HAVE_DIRENT_H 1
| #define HAVE_STDIO_H 1
| #define HAVE_STDLIB_H 1
| #define HAVE_STRING_H 1
| #define HAVE_INTTYPES_H 1
| #define HAVE_STDINT_H 1
| #define HAVE_STRINGS_H 1
| #define HAVE_SYS_STAT_H 1
| #define HAVE_SYS_TYPES_H 1
| #define HAVE_UNISTD_H 1
| #define STDC_HEADERS 1
| #define HAVE_FCNTL_H 1
| #define HAVE_MEMORY_H 1
| #define HAVE_STRING_H 1
| #define HAVE_NETDB_H 1
| #define HAVE_NETINET_IN_H 1
| #define HAVE_SYS_IOCTL_H 1
| #define HAVE_SYS_PARAM_H 1
| #define HAVE_SYS_SOCKET_H 1
| #define HAVE_VPRINTF 1
| #define HAVE_PTRDIFF_T 1
| #define HAVE_PTRDIFF_T 1
| #define HAVE_DECL_MAP_ANONYMOUS 1
| #define HAVE_DECL_MAP_ANON 1
| /* end confdefs.h.  */
| #include <sys/mman.h>
| 
| int
| main (void)
| {
| #ifndef MAP_ALIGN
| #ifdef __cplusplus
|   (void) MAP_ALIGN;
| #else
|   (void) MAP_ALIGN;
| #endif
| #endif
| 
|   ;
|   return 0;
| }
configure:7706: result: no
configure:7715: checking whether MAP_FIXED is declared
configure:7715: gcc -c -g -O2   conftest.c >&5
configure:7715: $? = 0
configure:7715: result: yes
configure:7724: checking whether MAP_NORESERVE is declared
configure:7724: gcc -c -g -O2   conftest.c >&5
configure:7724: $? = 0
configure:7724: result: yes
configure:7734: checking for memcntl
configure:7734: gcc -o conftest -g -O2   conftest.c  >&5
/usr/bin/ld: /tmp/cceQzEnR.o: in function `main':
/home/wjy/SComet/benchmarks/Tailbench/tailbench/shore/shore-mt/conftest.c:65:(.text.startup+0xb): undefined reference to `memcntl'
collect2: error: ld returned 1 exit status
configure:7734: $? = 1
configure: failed program was:
| /* confdefs.h */
| #define PACKAGE_NAME "Shore-Storage-Manager"
| #define PACKAGE_TARNAME "shore-storage-manager"
| #define PACKAGE_VERSION "6.0.1"
| #define PACKAGE_STRING "Shore-Storage-Manager 6.0.1"
| #define PACKAGE_BUGREPORT "Noone._Sadly-_this_is_unsupported_software."
| #define PACKAGE_URL ""
| #define PACKAGE "shore-storage-manager"
| #define VERSION "6.0.1"
| #define HAVE_DIRENT_H 1
| #define HAVE_STDIO_H 1
| #define HAVE_STDLIB_H 1
| #define HAVE_STRING_H 1
| #define HAVE_INTTYPES_H 1
| #define HAVE_STDINT_H 1
| #define HAVE_STRINGS_H 1
| #define HAVE_SYS_STAT_H 1
| #define HAVE_SYS_TYPES_H 1
| #define HAVE_UNISTD_H 1
| #define STDC_HEADERS 1
| #define HAVE_FCNTL_H 1
| #define HAVE_MEMORY_H 1
| #define HAVE_STRING_H 1
| #define HAVE_NETDB_H 1
| #define HAVE_NETINET_IN_H 1
| #define HAVE_SYS_IOCTL_H 1
| #define HAVE_SYS_PARAM_H 1
| #define HAVE_SYS_SOCKET_H 1
| #define HAVE_VPRINTF 1
| #define HAVE_PTRDIFF_T 1
| #define HAVE_PTRDIFF_T 1
| #define HAVE_DECL_MAP_ANONYMOUS 1
| #define HAVE_DECL_MAP_ANON 1
| #define HAVE_DECL_MAP_ALIGN 0
| #define HAVE_DECL_MAP_FIXED 1
| #define HAVE_DECL_MAP_NORESERVE 1
| /* end confdefs.h.  */
| /* Define memcntl to an innocuous variant, in case <limits.h> declares memcntl.
|    For example, HP-UX 11i <limits.h> declares gettimeofday.  */
| #define memcntl innocuous_memcntl
| 
| /* System header to define __stub macros and hopefully few prototypes,
|    which can conflict with char memcntl (); below.  */
| 
| #include <limits.h>
| #undef memcntl
| 
| /* Override any GCC internal prototype to avoid an error.
|    Use char because int might match the return type of a GCC
|    builtin and then its argument prototype would still apply.  */
| #ifdef __cplusplus
| extern "C"
| #endif
| char memcntl ();
| /* The GNU C library defines this for functions which it implements
|     to always fail with ENOSYS.  Some functions are actually named
|     something starting with __ and the normal name is an alias.  */
| #if defined __stub_memcntl || defined __stub___memcntl
| choke me
| #endif
| 
| int
| main (void)
| {
| return memcntl ();
|   ;
|   return 0;
| }
configure:7734: result: no
configure:7741: checking for getpagesizes
configure:7741: gcc -o conftest -g -O2   conftest.c  >&5
/usr/bin/ld: /tmp/cc3lRTFh.o: in function `main':
/home/wjy/SComet/benchmarks/Tailbench/tailbench/shore/shore-mt/conftest.c:65:(.text.startup+0xb): undefined reference to `getpagesizes'
collect2: error: ld returned 1 exit status
configure:7741: $? = 1
configure: failed program was:
| /* confdefs.h */
| #define PACKAGE_NAME "Shore-Storage-Manager"
| #define PACKAGE_TARNAME "shore-storage-manager"
| #define PACKAGE_VERSION "6.0.1"
| #define PACKAGE_STRING "Shore-Storage-Manager 6.0.1"
| #define PACKAGE_BUGREPORT "Noone._Sadly-_this_is_unsupported_software."
| #define PACKAGE_URL ""
| #define PACKAGE "shore-storage-manager"
| #define VERSION "6.0.1"
| #define HAVE_DIRENT_H 1
| #define HAVE_STDIO_H 1
| #define HAVE_STDLIB_H 1
| #define HAVE_STRING_H 1
| #define HAVE_INTTYPES_H 1
| #define HAVE_STDINT_H 1
| #define HAVE_STRINGS_H 1
| #define HAVE_SYS_STAT_H 1
| #define HAVE_SYS_TYPES_H 1
| #define HAVE_UNISTD_H 1
| #define STDC_HEADERS 1
| #define HAVE_FCNTL_H 1
| #define HAVE_MEMORY_H 1
| #define HAVE_STRING_H 1
| #define HAVE_NETDB_H 1
| #define HAVE_NETINET_IN_H 1
| #define HAVE_SYS_IOCTL_H 1
| #define HAVE_SYS_PARAM_H 1
| #define HAVE_SYS_SOCKET_H 1
| #define HAVE_VPRINTF 1
| #define HAVE_PTRDIFF_T 1
| #define HAVE_PTRDIFF_T 1
| #define HAVE_DECL_MAP_ANONYMOUS 1
| #define HAVE_DECL_MAP_ANON 1
| #define HAVE_DECL_MAP_ALIGN 0
| #define HAVE_DECL_MAP_FIXED 1
| #define HAVE_DECL_MAP_NORESERVE 1
| /* end confdefs.h.  */
| /* Define getpagesizes to an innocuous variant, in case <limits.h> declares getpagesizes.
|    For example, HP-UX 11i <limits.h> declares gettimeofday.  */
| #define getpagesizes innocuous_getpagesizes
| 
| /* System header to define __stub macros and hopefully few prototypes,
|    which can conflict with char getpagesizes (); below.  */
| 
| #include <limits.h>
| #undef getpagesizes
| 
| /* Override any GCC internal prototype to avoid an error.
|    Use char because int might match the return type of a GCC
|    builtin and then its argument prototype would still apply.  */
| #ifdef __cplusplus
| extern "C"
| #endif
| char getpagesizes ();
| /* The GNU C library defines this for functions which it implements
|     to always fail with ENOSYS.  Some functions are actually named
|     something starting with __ and the normal name is an alias.  */
| #if defined __stub_getpagesizes || defined __stub___getpagesizes
| choke me
| #endif
| 
| int
| main (void)
| {
| return getpagesizes ();
|   ;
|   return 0;
| }
configure:7741: result: no
configure:7750: checking for struct stat.st_blksize
configure:7750: gcc -c -g -O2  conftest.c >&5
configure:7750: $? = 0
configure:7750: result: yes
configure:7765: checking for atomic.h
configure:7765: gcc -c -g -O2  conftest.c >&5
conftest.c:67:10: fatal error: atomic.h: No such file or directory
   67 | #include <atomic.h>
      |          ^~~~~~~~~~
compilation terminated.
configure:7765: $? = 1
configure: failed program was:
| /* confdefs.h */
| #define PACKAGE_NAME "Shore-Storage-Manager"
| #define PACKAGE_TARNAME "shore-storage-manager"
| #define PACKAGE_VERSION "6.0.1"
| #define PACKAGE_STRING "Shore-Storage-Manager 6.0.1"
| #define PACKAGE_BUGREPORT "Noone._Sadly-_this_is_unsupported_software."
| #define PACKAGE_URL ""
| #define PACKAGE "shore-storage-manager"
| #define VERSION "6.0.1"
| #define HAVE_DIRENT_H 1
| #define HAVE_STDIO_H 1
| #define HAVE_STDLIB_H 1
| #define HAVE_STRING_H 1
| #define HAVE_INTTYPES_H 1
| #define HAVE_STDINT_H 1
| #define HAVE_STRINGS_H 1
| #define HAVE_SYS_STAT_H 1
| #define HAVE_SYS_TYPES_H 1
| #define HAVE_UNISTD_H 1
| #define STDC_HEADERS 1
| #define HAVE_FCNTL_H 1
| #define HAVE_MEMORY_H 1
| #define HAVE_STRING_H 1
| #define HAVE_NETDB_H 1
| #define HAVE_NETINET_IN_H 1
| #define HAVE_SYS_IOCTL_H 1
| #define HAVE_SYS_PARAM_H 1
| #define HAVE_SYS_SOCKET_H 1
| #define HAVE_VPRINTF 1
| #define HAVE_PTRDIFF_T 1
| #define HAVE_PTRDIFF_T 1
| #define HAVE_DECL_MAP_ANONYMOUS 1
| #define HAVE_DECL_MAP_ANON 1
| #define HAVE_DECL_MAP_ALIGN 0
| #define HAVE_DECL_MAP_FIXED 1
| #define HAVE_DECL_MAP_NORESERVE 1
| #define HAVE_STRUCT_STAT_ST_BLKSIZE 1
| /* end confdefs.h.  */
| #include <stddef.h>
| #ifdef HAVE_STDIO_H
| # include <stdio.h>
| #endif
| #ifdef HAVE_STDLIB_H
| # include <stdlib.h>
| #endif
| #ifdef HAVE_STRING_H
| # include <string.h>
| #endif
| #ifdef HAVE_INTTYPES_H
| # include <inttypes.h>
| #endif
| #ifdef HAVE_STDINT_H
| # include <stdint.h>
| #endif
| #ifdef HAVE_STRINGS_H
| # include <strings.h>
| #endif
| #ifdef HAVE_SYS_TYPES_H
| # include <sys/types.h>
| #endif
| #ifdef HAVE_SYS_STAT_H
| # include <sys/stat.h>
| #endif
| #ifdef HAVE_UNISTD_H
| # include <unistd.h>
| #endif
| #include <atomic.h>
configure:7765: result: no
configure:7774: checking whether byte ordering is bigendian
configure:7790: gcc -c -g -O2  conftest.c >&5
conftest.c:40:16: error: unknown type name 'not'
   40 |                not a universal capable compiler
      |                ^~~
conftest.c:40:22: error: expected '=', ',', ';', 'asm' or '__attribute__' before 'universal'
   40 |                not a universal capable compiler
      |                      ^~~~~~~~~
conftest.c:40:22: error: unknown type name 'universal'
configure:7790: $? = 1
configure: failed program was:
| /* confdefs.h */
| #define PACKAGE_NAME "Shore-Storage-Manager"
| #define PACKAGE_TARNAME "shore-storage-manager"
| #define PACKAGE_VERSION "6.0.1"
| #define PACKAGE_STRING "Shore-Storage-Manager 6.0.1"
| #define PACKAGE_BUGREPORT "Noone._Sadly-_this_is_unsupported_software."
| #define PACKAGE_URL ""
| #define PACKAGE "shore-storage-manager"
| #define VERSION "6.0.1"
| #define HAVE_DIRENT_H 1
| #define HAVE_STDIO_H 1
| #define HAVE_STDLIB_H 1
| #define HAVE_STRING_H 1
| #define HAVE_INTTYPES_H 1
| #define HAVE_STDINT_H 1
| #define HAVE_STRINGS_H 1
| #define HAVE_SYS_STAT_H 1
| #define HAVE_SYS_TYPES_H 1
| #define HAVE_UNISTD_H 1
| #define STDC_HEADERS 1
| #define HAVE_FCNTL_H 1
| #define HAVE_MEMORY_H 1
| #define HAVE_STRING_H 1
| #define HAVE_NETDB_H 1
| #define HAVE_NETINET_IN_H 1
| #define HAVE_SYS_IOCTL_H 1
| #define HAVE_SYS_PARAM_H 1
| #define HAVE_SYS_SOCKET_H 1
| #define HAVE_VPRINTF 1
| #define HAVE_PTRDIFF_T 1
| #define HAVE_PTRDIFF_T 1
| #define HAVE_DECL_MAP_ANONYMOUS 1
| #define HAVE_DECL_MAP_ANON 1
| #define HAVE_DECL_MAP_ALIGN 0
| #define HAVE_DECL_MAP_FIXED 1
| #define HAVE_DECL_MAP_NORESERVE 1
| #define HAVE_STRUCT_STAT_ST_BLKSIZE 1
| /* end confdefs.h.  */
| #ifndef __APPLE_CC__
| 	       not a universal capable compiler
| 	     #endif
| 	     typedef int dummy;
| 
configure:7836: gcc -c -g -O2  conftest.c >&5
configure:7836: $? = 0
configure:7855: gcc -c -g -O2  conftest.c >&5
conftest.c: In function 'main':
conftest.c:46:18: error: unknown type name 'not'; did you mean 'ino_t'?
   46 |                  not big endian
      |                  ^~~
      |                  ino_t
conftest.c:46:26: error: expected '=', ',', ';', 'asm' or '__attribute__' before 'endian'
   46 |                  not big endian
      |                          ^~~~~~
configure:7855: $? = 1
configure: failed program was:
| /* confdefs.h */
| #define PACKAGE_NAME "Shore-Storage-Manager"
| #define PACKAGE_TARNAME "shore-storage-manager"
| #define PACKAGE_VERSION "6.0.1"
| #define PACKAGE_STRING "Shore-Storage-Manager 6.0.1"
| #define PACKAGE_BUGREPORT "Noone._Sadly-_this_is_unsupported_software."
| #define PACKAGE_URL ""
| #define PACKAGE "shore-storage-manager"
| #define VERSION "6.0.1"
| #define HAVE_DIRENT_H 1
| #define HAVE_STDIO_H 1
| #define HAVE_STDLIB_H 1
| #define HAVE_STRING_H 1
| #define HAVE_INTTYPES_H 1
| #define HAVE_STDINT_H 1
| #define HAVE_STRINGS_H 1
| #define HAVE_SYS_STAT_H 1
| #define HAVE_SYS_TYPES_H 1
| #define HAVE_UNISTD_H 1
| #define STDC_HEADERS 1
| #define HAVE_FCNTL_H 1
| #define HAVE_MEMORY_H 1
| #define HAVE_STRING_H 1
| #define HAVE_NETDB_H 1
| #define HAVE_NETINET_IN_H 1
| #define HAVE_SYS_IOCTL_H 1
| #define HAVE_SYS_PARAM_H 1
| #define HAVE_SYS_SOCKET_H 1
| #define HAVE_VPRINTF 1
| #define HAVE_PTRDIFF_T 1
| #define HAVE_PTRDIFF_T 1
| #define HAVE_DECL_MAP_ANONYMOUS 1
| #define HAVE_DECL_MAP_ANON 1
| #define HAVE_DECL_MAP_ALIGN 0
| #define HAVE_DECL_MAP_FIXED 1
| #define HAVE_DECL_MAP_NORESERVE 1
| #define HAVE_STRUCT_STAT_ST_BLKSIZE 1
| /* end confdefs.h.  */
| #include <sys/types.h>
| 		#include <sys/param.h>
| 
| int
| main (void)
| {
| #if BYTE_ORDER != BIG_ENDIAN
| 		 not big endian
| 		#endif
| 
|   ;
|   return 0;
| }
configure:7989: result: no
configure:8087: checking for membar_enter
configure:8087: gcc -o conftest -g -O2   conftest.c  >&5
/usr/bin/ld: /tmp/cc6nLF8u.o: in function `main':
/home/wjy/SComet/benchmarks/Tailbench/tailbench/shore/shore-mt/conftest.c:66:(.text.startup+0xb): undefined reference to `membar_enter'
collect2: error: ld returned 1 exit status
configure:8087: $? = 1
configure: failed program was:
| /* confdefs.h */
| #define PACKAGE_NAME "Shore-Storage-Manager"
| #define PACKAGE_TARNAME "shore-storage-manager"
| #define PACKAGE_VERSION "6.0.1"
| #define PACKAGE_STRING "Shore-Storage-Manager 6.0.1"
| #define PACKAGE_BUGREPORT "Noone._Sadly-_this_is_unsupported_software."
| #define PACKAGE_URL ""
| #define PACKAGE "shore-storage-manager"
| #define VERSION "6.0.1"
| #define HAVE_DIRENT_H 1
| #define HAVE_STDIO_H 1
| #define HAVE_STDLIB_H 1
| #define HAVE_STRING_H 1
| #define HAVE_INTTYPES_H 1
| #define HAVE_STDINT_H 1
| #define HAVE_STRINGS_H 1
| #define HAVE_SYS_STAT_H 1
| #define HAVE_SYS_TYPES_H 1
| #define HAVE_UNISTD_H 1
| #define STDC_HEADERS 1
| #define HAVE_FCNTL_H 1
| #define HAVE_MEMORY_H 1
| #define HAVE_STRING_H 1
| #define HAVE_NETDB_H 1
| #define HAVE_NETINET_IN_H 1
| #define HAVE_SYS_IOCTL_H 1
| #define HAVE_SYS_PARAM_H 1
| #define HAVE_SYS_SOCKET_H 1
| #define HAVE_VPRINTF 1
| #define HAVE_PTRDIFF_T 1
| #define HAVE_PTRDIFF_T 1
| #define HAVE_DECL_MAP_ANONYMOUS 1
| #define HAVE_DECL_MAP_ANON 1
| #define HAVE_DECL_MAP_ALIGN 0
| #define HAVE_DECL_MAP_FIXED 1
| #define HAVE_DECL_MAP_NORESERVE 1
| #define HAVE_STRUCT_STAT_ST_BLKSIZE 1
| /* end confdefs.h.  */
| /* Define membar_enter to an innocuous variant, in case <limits.h> declares membar_enter.
|    For example, HP-UX 11i <limits.h> declares gettimeofday.  */
| #define membar_enter innocuous_membar_enter
| 
| /* System header to define __stub macros and hopefully few prototypes,
|    which can conflict with char membar_enter (); below.  */
| 
| #include <limits.h>
| #undef membar_enter
| 
| /* Override any GCC internal prototype to avoid an error.
|    Use char because int might match the return type of a GCC
|    builtin and then its argument prototype would still apply.  */
| #ifdef __cplusplus
| extern "C"
| #endif
| char membar_enter ();
| /* The GNU C library defines this for functions which it implements
|     to always fail with ENOSYS.  Some functions are actually named
|     something starting with __ and the normal name is an alias.  */
| #if defined __stub_membar_enter || defined __stub___membar_enter
| choke me
| #endif
| 
| int
| main (void)
| {
| return membar_enter ();
|   ;
|   return 0;
| }
configure:8087: result: no
configure:8094: checking for posix_spawn
configure:8094: gcc -o conftest -g -O2   conftest.c  >&5
configure:8094: $? = 0
configure:8094: result: yes
configure:8103: checking for clock_gettime
configure:8103: gcc -o conftest -g -O2   conftest.c  >&5
configure:8103: $? = 0
configure:8103: result: yes
configure:8110: checking for gettimeofday
configure:8110: gcc -o conftest -g -O2   conftest.c  >&5
configure:8110: $? = 0
configure:8110: result: yes
configure:8144: checking for strerror
configure:8144: gcc -o conftest -g -O2   conftest.c  >&5
configure:8144: $? = 0
configure:8144: result: yes
configure:8159: checking size of pthread_t
configure:8165: gcc -o conftest -g -O2   conftest.c  >&5
configure:8165: $? = 0
configure:8165: ./conftest
configure:8165: $? = 0
configure:8180: result: 8
configure:8194: checking for semaphore.h
configure:8194: gcc -c -g -O2  conftest.c >&5
configure:8194: $? = 0
configure:8194: result: yes
configure:8203: checking for clock_gettime in -lrt
configure:8226: gcc -o conftest -g -O2   conftest.c -lrt   >&5
configure:8226: $? = 0
configure:8236: result: yes
configure:8255: checking for pthread_attr_getstack in -lpthread
configure:8278: gcc -o conftest -g -O2   conftest.c -lpthread  -lrt  >&5
configure:8278: $? = 0
configure:8288: result: yes
configure:8303: checking for pthread_attr_getstacksize in -lpthread
configure:8326: gcc -o conftest -g -O2   conftest.c -lpthread  -lrt  >&5
configure:8326: $? = 0
configure:8336: result: yes
configure:8351: checking for pthread_barrier_wait in -lpthread
configure:8374: gcc -o conftest -g -O2   conftest.c -lpthread  -lrt  >&5
configure:8374: $? = 0
configure:8384: result: yes
configure:8417: checking architecture
configure:8437: g++ -E  conftest.cpp
conftest.cpp:51:2: error: #error not this architecture
   51 | #error not this architecture
      |  ^~~~~
configure:8437: $? = 1
configure: failed program was:
| /* confdefs.h */
| #define PACKAGE_NAME "Shore-Storage-Manager"
| #define PACKAGE_TARNAME "shore-storage-manager"
| #define PACKAGE_VERSION "6.0.1"
| #define PACKAGE_STRING "Shore-Storage-Manager 6.0.1"
| #define PACKAGE_BUGREPORT "Noone._Sadly-_this_is_unsupported_software."
| #define PACKAGE_URL ""
| #define PACKAGE "shore-storage-manager"
| #define VERSION "6.0.1"
| #define HAVE_DIRENT_H 1
| #define HAVE_STDIO_H 1
| #define HAVE_STDLIB_H 1
| #define HAVE_STRING_H 1
| #define HAVE_INTTYPES_H 1
| #define HAVE_STDINT_H 1
| #define HAVE_STRINGS_H 1
| #define HAVE_SYS_STAT_H 1
| #define HAVE_SYS_TYPES_H 1
| #define HAVE_UNISTD_H 1
| #define STDC_HEADERS 1
| #define HAVE_FCNTL_H 1
| #define HAVE_MEMORY_H 1
| #define HAVE_STRING_H 1
| #define HAVE_NETDB_H 1
| #define HAVE_NETINET_IN_H 1
| #define HAVE_SYS_IOCTL_H 1
| #define HAVE_SYS_PARAM_H 1
| #define HAVE_SYS_SOCKET_H 1
| #define HAVE_VPRINTF 1
| #define HAVE_PTRDIFF_T 1
| #define HAVE_PTRDIFF_T 1
| #define HAVE_DECL_MAP_ANONYMOUS 1
| #define HAVE_DECL_MAP_ANON 1
| #define HAVE_DECL_MAP_ALIGN 0
| #define HAVE_DECL_MAP_FIXED 1
| #define HAVE_DECL_MAP_NORESERVE 1
| #define HAVE_STRUCT_STAT_ST_BLKSIZE 1
| #define HAVE_POSIX_SPAWN 1
| #define HAVE_CLOCK_GETTIME 1
| #define HAVE_GETTIMEOFDAY 1
| #define HAVE_STRERROR 1
| #define SIZEOF_PTHREAD_T 8
| #define HAVE_SEMAPHORE_H 1
| #define HAVE_LIBRT 1
| #define HAVE_PTHREAD_ATTR_GETSTACK 1
| #define HAVE_PTHREAD_ATTR_GETSTACKSIZE 1
| #define HAVE_PTHREAD_BARRIERS 1
| /* end confdefs.h.  */
| #if defined(__SVR4) && defined(sparc) && defined(sun)
| #else
| #error not this architecture
| #endif
| 
| int
| main (void)
| {
| 
|   ;
|   return 0;
| }
configure:8468: g++ -E  conftest.cpp
conftest.cpp:51:2: error: #error not this architecture
   51 | #error not this architecture
      |  ^~~~~
configure:8468: $? = 1
configure: failed program was:
| /* confdefs.h */
| #define PACKAGE_NAME "Shore-Storage-Manager"
| #define PACKAGE_TARNAME "shore-storage-manager"
| #define PACKAGE_VERSION "6.0.1"
| #define PACKAGE_STRING "Shore-Storage-Manager 6.0.1"
| #define PACKAGE_BUGREPORT "Noone._Sadly-_this_is_unsupported_software."
| #define PACKAGE_URL ""
| #define PACKAGE "shore-storage-manager"
| #define VERSION "6.0.1"
| #define HAVE_DIRENT_H 1
| #define HAVE_STDIO_H 1
| #define HAVE_STDLIB_H 1
| #define HAVE_STRING_H 1
| #define HAVE_INTTYPES_H 1
| #define HAVE_STDINT_H 1
| #define HAVE_STRINGS_H 1
| #define HAVE_SYS_STAT_H 1
| #define HAVE_SYS_TYPES_H 1
| #define HAVE_UNISTD_H 1
| #define STDC_HEADERS 1
| #define HAVE_FCNTL_H 1
| #define HAVE_MEMORY_H 1
| #define HAVE_STRING_H 1
| #define HAVE_NETDB_H 1
| #define HAVE_NETINET_IN_H 1
| #define HAVE_SYS_IOCTL_H 1
| #define HAVE_SYS_PARAM_H 1
| #define HAVE_SYS_SOCKET_H 1
| #define HAVE_VPRINTF 1
| #define HAVE_PTRDIFF_T 1
| #define HAVE_PTRDIFF_T 1
| #define HAVE_DECL_MAP_ANONYMOUS 1
| #define HAVE_DECL_MAP_ANON 1
| #define HAVE_DECL_MAP_ALIGN 0
| #define HAVE_DECL_MAP_FIXED 1
| #define HAVE_DECL_MAP_NORESERVE 1
| #define HAVE_STRUCT_STAT_ST_BLKSIZE 1
| #define HAVE_POSIX_SPAWN 1
| #define HAVE_CLOCK_GETTIME 1
| #define HAVE_GETTIMEOFDAY 1
| #define HAVE_STRERROR 1
| #define SIZEOF_PTHREAD_T 8
| #define HAVE_SEMAPHORE_H 1
| #define HAVE_LIBRT 1
| #define HAVE_PTHREAD_ATTR_GETSTACK 1
| #define HAVE_PTHREAD_ATTR_GETSTACKSIZE 1
| #define HAVE_PTHREAD_BARRIERS 1
| /* end confdefs.h.  */
| #if defined(_WIN32) && defined(_M_IX86) && defined(_MSC_VER)
| #else
| #error not this architecture
| #endif
| 
| int
| main (void)
| {
| 
|   ;
|   return 0;
| }
configure:8506: g++ -E  conftest.cpp
conftest.cpp:51:2: error: #error not this architecture
   51 | #error not this architecture
      |  ^~~~~
configure:8506: $? = 1
configure: failed program was:
| /* confdefs.h */
| #define PACKAGE_NAME "Shore-Storage-Manager"
| #define PACKAGE_TARNAME "shore-storage-manager"
| #define PACKAGE_VERSION "6.0.1"
| #define PACKAGE_STRING "Shore-Storage-Manager 6.0.1"
| #define PACKAGE_BUGREPORT "Noone._Sadly-_this_is_unsupported_software."
| #define PACKAGE_URL ""
| #define PACKAGE "shore-storage-manager"
| #define VERSION "6.0.1"
| #define HAVE_DIRENT_H 1
| #define HAVE_STDIO_H 1
| #define HAVE_STDLIB_H 1
| #define HAVE_STRING_H 1
| #define HAVE_INTTYPES_H 1
| #define HAVE_STDINT_H 1
| #define HAVE_STRINGS_H 1
| #define HAVE_SYS_STAT_H 1
| #define HAVE_SYS_TYPES_H 1
| #define HAVE_UNISTD_H 1
| #define STDC_HEADERS 1
| #define HAVE_FCNTL_H 1
| #define HAVE_MEMORY_H 1
| #define HAVE_STRING_H 1
| #define HAVE_NETDB_H 1
| #define HAVE_NETINET_IN_H 1
| #define HAVE_SYS_IOCTL_H 1
| #define HAVE_SYS_PARAM_H 1
| #define HAVE_SYS_SOCKET_H 1
| #define HAVE_VPRINTF 1
| #define HAVE_PTRDIFF_T 1
| #define HAVE_PTRDIFF_T 1
| #define HAVE_DECL_MAP_ANONYMOUS 1
| #define HAVE_DECL_MAP_ANON 1
| #define HAVE_DECL_MAP_ALIGN 0
| #define HAVE_DECL_MAP_FIXED 1
| #define HAVE_DECL_MAP_NORESERVE 1
| #define HAVE_STRUCT_STAT_ST_BLKSIZE 1
| #define HAVE_POSIX_SPAWN 1
| #define HAVE_CLOCK_GETTIME 1
| #define HAVE_GETTIMEOFDAY 1
| #define HAVE_STRERROR 1
| #define SIZEOF_PTHREAD_T 8
| #define HAVE_SEMAPHORE_H 1
| #define HAVE_LIBRT 1
| #define HAVE_PTHREAD_ATTR_GETSTACK 1
| #define HAVE_PTHREAD_ATTR_GETSTACKSIZE 1
| #define HAVE_PTHREAD_BARRIERS 1
| /* end confdefs.h.  */
| #if defined(_WIN32) && defined(__GNUC__) && defined(i386)
| #else
| #error not this architecture
| #endif
| 
| int
| main (void)
| {
| 
|   ;
|   return 0;
| }
configure:8542: g++ -E  conftest.cpp
conftest.cpp:51:2: error: #error not this architecture
   51 | #error not this architecture
      |  ^~~~~
configure:8542: $? = 1
configure: failed program was:
| /* confdefs.h */
| #define PACKAGE_NAME "Shore-Storage-Manager"
| #define PACKAGE_TARNAME "shore-storage-manager"
| #define PACKAGE_VERSION "6.0.1"
| #define PACKAGE_STRING "Shore-Storage-Manager 6.0.1"
| #define PACKAGE_BUGREPORT "Noone._Sadly-_this_is_unsupported_software."
| #define PACKAGE_URL ""
| #define PACKAGE "shore-storage-manager"
| #define VERSION "6.0.1"
| #define HAVE_DIRENT_H 1
| #define HAVE_STDIO_H 1
| #define HAVE_STDLIB_H 1
| #define HAVE_STRING_H 1
| #define HAVE_INTTYPES_H 1
| #define HAVE_STDINT_H 1
| #define HAVE_STRINGS_H 1
| #define HAVE_SYS_STAT_H 1
| #define HAVE_SYS_TYPES_H 1
| #define HAVE_UNISTD_H 1
| #define STDC_HEADERS 1
| #define HAVE_FCNTL_H 1
| #define HAVE_MEMORY_H 1
| #define HAVE_STRING_H 1
| #define HAVE_NETDB_H 1
| #define HAVE_NETINET_IN_H 1
| #define HAVE_SYS_IOCTL_H 1
| #define HAVE_SYS_PARAM_H 1
| #define HAVE_SYS_SOCKET_H 1
| #define HAVE_VPRINTF 1
| #define HAVE_PTRDIFF_T 1
| #define HAVE_PTRDIFF_T 1
| #define HAVE_DECL_MAP_ANONYMOUS 1
| #define HAVE_DECL_MAP_ANON 1
| #define HAVE_DECL_MAP_ALIGN 0
| #define HAVE_DECL_MAP_FIXED 1
| #define HAVE_DECL_MAP_NORESERVE 1
| #define HAVE_STRUCT_STAT_ST_BLKSIZE 1
| #define HAVE_POSIX_SPAWN 1
| #define HAVE_CLOCK_GETTIME 1
| #define HAVE_GETTIMEOFDAY 1
| #define HAVE_STRERROR 1
| #define SIZEOF_PTHREAD_T 8
| #define HAVE_SEMAPHORE_H 1
| #define HAVE_LIBRT 1
| #define HAVE_PTHREAD_ATTR_GETSTACK 1
| #define HAVE_PTHREAD_ATTR_GETSTACKSIZE 1
| #define HAVE_PTHREAD_BARRIERS 1
| /* end confdefs.h.  */
| #if defined(hpux) && defined(hp9000s800)
| #else
| #error not this architecture
| #endif
| 
| int
| main (void)
| {
| 
|   ;
|   return 0;
| }
configure:8576: g++ -E  conftest.cpp
conftest.cpp:51:2: error: #error not this architecture
   51 | #error not this architecture
      |  ^~~~~
configure:8576: $? = 1
configure: failed program was:
| /* confdefs.h */
| #define PACKAGE_NAME "Shore-Storage-Manager"
| #define PACKAGE_TARNAME "shore-storage-manager"
| #define PACKAGE_VERSION "6.0.1"
| #define PACKAGE_STRING "Shore-Storage-Manager 6.0.1"
| #define PACKAGE_BUGREPORT "Noone._Sadly-_this_is_unsupported_software."
| #define PACKAGE_URL ""
| #define PACKAGE "shore-storage-manager"
| #define VERSION "6.0.1"
| #define HAVE_DIRENT_H 1
| #define HAVE_STDIO_H 1
| #define HAVE_STDLIB_H 1
| #define HAVE_STRING_H 1
| #define HAVE_INTTYPES_H 1
| #define HAVE_STDINT_H 1
| #define HAVE_STRINGS_H 1
| #define HAVE_SYS_STAT_H 1
| #define HAVE_SYS_TYPES_H 1
| #define HAVE_UNISTD_H 1
| #define STDC_HEADERS 1
| #define HAVE_FCNTL_H 1
| #define HAVE_MEMORY_H 1
| #define HAVE_STRING_H 1
| #define HAVE_NETDB_H 1
| #define HAVE_NETINET_IN_H 1
| #define HAVE_SYS_IOCTL_H 1
| #define HAVE_SYS_PARAM_H 1
| #define HAVE_SYS_SOCKET_H 1
| #define HAVE_VPRINTF 1
| #define HAVE_PTRDIFF_T 1
| #define HAVE_PTRDIFF_T 1
| #define HAVE_DECL_MAP_ANONYMOUS 1
| #define HAVE_DECL_MAP_ANON 1
| #define HAVE_DECL_MAP_ALIGN 0
| #define HAVE_DECL_MAP_FIXED 1
| #define HAVE_DECL_MAP_NORESERVE 1
| #define HAVE_STRUCT_STAT_ST_BLKSIZE 1
| #define HAVE_POSIX_SPAWN 1
| #define HAVE_CLOCK_GETTIME 1
| #define HAVE_GETTIMEOFDAY 1
| #define HAVE_STRERROR 1
| #define SIZEOF_PTHREAD_T 8
| #define HAVE_SEMAPHORE_H 1
| #define HAVE_LIBRT 1
| #define HAVE_PTHREAD_ATTR_GETSTACK 1
| #define HAVE_PTHREAD_ATTR_GETSTACKSIZE 1
| #define HAVE_PTHREAD_BARRIERS 1
| /* end confdefs.h.  */
| #if defined(__OSF1__) && defined(__PARAGON__)
| #else
| #error not this architecture
| #endif
| 
| int
| main (void)
| {
| 
|   ;
|   return 0;
| }
configure:8609: g++ -E  conftest.cpp
conftest.cpp:51:2: error: #error not this architecture
   51 | #error not this architecture
      |  ^~~~~
configure:8609: $? = 1
configure: failed program was:
| /* confdefs.h */
| #define PACKAGE_NAME "Shore-Storage-Manager"
| #define PACKAGE_TARNAME "shore-storage-manager"
| #define PACKAGE_VERSION "6.0.1"
| #define PACKAGE_STRING "Shore-Storage-Manager 6.0.1"
| #define PACKAGE_BUGREPORT "Noone._Sadly-_this_is_unsupported_software."
| #define PACKAGE_URL ""
| #define PACKAGE "shore-storage-manager"
| #define VERSION "6.0.1"
| #define HAVE_DIRENT_H 1
| #define HAVE_STDIO_H 1
| #define HAVE_STDLIB_H 1
| #define HAVE_STRING_H 1
| #define HAVE_INTTYPES_H 1
| #define HAVE_STDINT_H 1
| #define HAVE_STRINGS_H 1
| #define HAVE_SYS_STAT_H 1
| #define HAVE_SYS_TYPES_H 1
| #define HAVE_UNISTD_H 1
| #define STDC_HEADERS 1
| #define HAVE_FCNTL_H 1
| #define HAVE_MEMORY_H 1
| #define HAVE_STRING_H 1
| #define HAVE_NETDB_H 1
| #define HAVE_NETINET_IN_H 1
| #define HAVE_SYS_IOCTL_H 1
| #define HAVE_SYS_PARAM_H 1
| #define HAVE_SYS_SOCKET_H 1
| #define HAVE_VPRINTF 1
| #define HAVE_PTRDIFF_T 1
| #define HAVE_PTRDIFF_T 1
| #define HAVE_DECL_MAP_ANONYMOUS 1
| #define HAVE_DECL_MAP_ANON 1
| #define HAVE_DECL_MAP_ALIGN 0
| #define HAVE_DECL_MAP_FIXED 1
| #define HAVE_DECL_MAP_NORESERVE 1
| #define HAVE_STRUCT_STAT_ST_BLKSIZE 1
| #define HAVE_POSIX_SPAWN 1
| #define HAVE_CLOCK_GETTIME 1
| #define HAVE_GETTIMEOFDAY 1
| #define HAVE_STRERROR 1
| #define SIZEOF_PTHREAD_T 8
| #define HAVE_SEMAPHORE_H 1
| #define HAVE_LIBRT 1
| #define HAVE_PTHREAD_ATTR_GETSTACK 1
| #define HAVE_PTHREAD_ATTR_GETSTACKSIZE 1
| #define HAVE_PTHREAD_BARRIERS 1
| /* end confdefs.h.  */
| #if defined(__osf__) && defined(__alpha)
| #else
| #error not this architecture
| #endif
| 
| int
| main (void)
| {
| 
|   ;
|   return 0;
| }
configure:8642: g++ -E  conftest.cpp
conftest.cpp:51:2: error: #error not this architecture
   51 | #error not this architecture
      |  ^~~~~
configure:8642: $? = 1
configure: failed program was:
| /* confdefs.h */
| #define PACKAGE_NAME "Shore-Storage-Manager"
| #define PACKAGE_TARNAME "shore-storage-manager"
| #define PACKAGE_VERSION "6.0.1"
| #define PACKAGE_STRING "Shore-Storage-Manager 6.0.1"
| #define PACKAGE_BUGREPORT "Noone._Sadly-_this_is_unsupported_software."
| #define PACKAGE_URL ""
| #define PACKAGE "shore-storage-manager"
| #define VERSION "6.0.1"
| #define HAVE_DIRENT_H 1
| #define HAVE_STDIO_H 1
| #define HAVE_STDLIB_H 1
| #define HAVE_STRING_H 1
| #define HAVE_INTTYPES_H 1
| #define HAVE_STDINT_H 1
| #define HAVE_STRINGS_H 1
| #define HAVE_SYS_STAT_H 1
| #define HAVE_SYS_TYPES_H 1
| #define HAVE_UNISTD_H 1
| #define STDC_HEADERS 1
| #define HAVE_FCNTL_H 1
| #define HAVE_MEMORY_H 1
| #define HAVE_STRING_H 1
| #define HAVE_NETDB_H 1
| #define HAVE_NETINET_IN_H 1
| #define HAVE_SYS_IOCTL_H 1
| #define HAVE_SYS_PARAM_H 1
| #define HAVE_SYS_SOCKET_H 1
| #define HAVE_VPRINTF 1
| #define HAVE_PTRDIFF_T 1
| #define HAVE_PTRDIFF_T 1
| #define HAVE_DECL_MAP_ANONYMOUS 1
| #define HAVE_DECL_MAP_ANON 1
| #define HAVE_DECL_MAP_ALIGN 0
| #define HAVE_DECL_MAP_FIXED 1
| #define HAVE_DECL_MAP_NORESERVE 1
| #define HAVE_STRUCT_STAT_ST_BLKSIZE 1
| #define HAVE_POSIX_SPAWN 1
| #define HAVE_CLOCK_GETTIME 1
| #define HAVE_GETTIMEOFDAY 1
| #define HAVE_STRERROR 1
| #define SIZEOF_PTHREAD_T 8
| #define HAVE_SEMAPHORE_H 1
| #define HAVE_LIBRT 1
| #define HAVE_PTHREAD_ATTR_GETSTACK 1
| #define HAVE_PTHREAD_ATTR_GETSTACKSIZE 1
| #define HAVE_PTHREAD_BARRIERS 1
| /* end confdefs.h.  */
| #if defined(mips) && defined(ultrix)
| #else
| #error not this architecture
| #endif
| 
| int
| main (void)
| {
| 
|   ;
|   return 0;
| }
configure:8677: g++ -E  conftest.cpp
conftest.cpp:51:2: error: #error not this architecture
   51 | #error not this architecture
      |  ^~~~~
configure:8677: $? = 1
configure: failed program was:
| /* confdefs.h */
| #define PACKAGE_NAME "Shore-Storage-Manager"
| #define PACKAGE_TARNAME "shore-storage-manager"
| #define PACKAGE_VERSION "6.0.1"
| #define PACKAGE_STRING "Shore-Storage-Manager 6.0.1"
| #define PACKAGE_BUGREPORT "Noone._Sadly-_this_is_unsupported_software."
| #define PACKAGE_URL ""
| #define PACKAGE "shore-storage-manager"
| #define VERSION "6.0.1"
| #define HAVE_DIRENT_H 1
| #define HAVE_STDIO_H 1
| #define HAVE_STDLIB_H 1
| #define HAVE_STRING_H 1
| #define HAVE_INTTYPES_H 1
| #define HAVE_STDINT_H 1
| #define HAVE_STRINGS_H 1
| #define HAVE_SYS_STAT_H 1
| #define HAVE_SYS_TYPES_H 1
| #define HAVE_UNISTD_H 1
| #define STDC_HEADERS 1
| #define HAVE_FCNTL_H 1
| #define HAVE_MEMORY_H 1
| #define HAVE_STRING_H 1
| #define HAVE_NETDB_H 1
| #define HAVE_NETINET_IN_H 1
| #define HAVE_SYS_IOCTL_H 1
| #define HAVE_SYS_PARAM_H 1
| #define HAVE_SYS_SOCKET_H 1
| #define HAVE_VPRINTF 1
| #define HAVE_PTRDIFF_T 1
| #define HAVE_PTRDIFF_T 1
| #define HAVE_DECL_MAP_ANONYMOUS 1
| #define HAVE_DECL_MAP_ANON 1
| #define HAVE_DECL_MAP_ALIGN 0
| #define HAVE_DECL_MAP_FIXED 1
| #define HAVE_DECL_MAP_NORESERVE 1
| #define HAVE_STRUCT_STAT_ST_BLKSIZE 1
| #define HAVE_POSIX_SPAWN 1
| #define HAVE_CLOCK_GETTIME 1
| #define HAVE_GETTIMEOFDAY 1
| #define HAVE_STRERROR 1
| #define SIZEOF_PTHREAD_T 8
| #define HAVE_SEMAPHORE_H 1
| #define HAVE_LIBRT 1
| #define HAVE_PTHREAD_ATTR_GETSTACK 1
| #define HAVE_PTHREAD_ATTR_GETSTACKSIZE 1
| #define HAVE_PTHREAD_BARRIERS 1
| /* end confdefs.h.  */
| #if defined(__NetBSD__) && defined(i386)
| #else
| #error not this architecture
| #endif
| 
| int
| main (void)
| {
| 
|   ;
|   return 0;
| }
configure:8713: g++ -E  conftest.cpp
conftest.cpp:51:2: error: #error not this architecture
   51 | #error not this architecture
      |  ^~~~~
configure:8713: $? = 1
configure: failed program was:
| /* confdefs.h */
| #define PACKAGE_NAME "Shore-Storage-Manager"
| #define PACKAGE_TARNAME "shore-storage-manager"
| #define PACKAGE_VERSION "6.0.1"
| #define PACKAGE_STRING "Shore-Storage-Manager 6.0.1"
| #define PACKAGE_BUGREPORT "Noone._Sadly-_this_is_unsupported_software."
| #define PACKAGE_URL ""
| #define PACKAGE "shore-storage-manager"
| #define VERSION "6.0.1"
| #define HAVE_DIRENT_H 1
| #define HAVE_STDIO_H 1
| #define HAVE_STDLIB_H 1
| #define HAVE_STRING_H 1
| #define HAVE_INTTYPES_H 1
| #define HAVE_STDINT_H 1
| #define HAVE_STRINGS_H 1
| #define HAVE_SYS_STAT_H 1
| #define HAVE_SYS_TYPES_H 1
| #define HAVE_UNISTD_H 1
| #define STDC_HEADERS 1
| #define HAVE_FCNTL_H 1
| #define HAVE_MEMORY_H 1
| #define HAVE_STRING_H 1
| #define HAVE_NETDB_H 1
| #define HAVE_NETINET_IN_H 1
| #define HAVE_SYS_IOCTL_H 1
| #define HAVE_SYS_PARAM_H 1
| #define HAVE_SYS_SOCKET_H 1
| #define HAVE_VPRINTF 1
| #define HAVE_PTRDIFF_T 1
| #define HAVE_PTRDIFF_T 1
| #define HAVE_DECL_MAP_ANONYMOUS 1
| #define HAVE_DECL_MAP_ANON 1
| #define HAVE_DECL_MAP_ALIGN 0
| #define HAVE_DECL_MAP_FIXED 1
| #define HAVE_DECL_MAP_NORESERVE 1
| #define HAVE_STRUCT_STAT_ST_BLKSIZE 1
| #define HAVE_POSIX_SPAWN 1
| #define HAVE_CLOCK_GETTIME 1
| #define HAVE_GETTIMEOFDAY 1
| #define HAVE_STRERROR 1
| #define SIZEOF_PTHREAD_T 8
| #define HAVE_SEMAPHORE_H 1
| #define HAVE_LIBRT 1
| #define HAVE_PTHREAD_ATTR_GETSTACK 1
| #define HAVE_PTHREAD_ATTR_GETSTACKSIZE 1
| #define HAVE_PTHREAD_BARRIERS 1
| /* end confdefs.h.  */
| #if defined(sgi)
| #else
| #error not this architecture
| #endif
| 
| int
| main (void)
| {
| 
|   ;
|   return 0;
| }
configure:8751: g++ -E  conftest.cpp
configure:8751: $? = 0
configure:8768: result: linux amd64,x86_64
configure:8788: g++ -E  conftest.cpp
conftest.cpp:57:2: error: #error not this architecture
   57 | #error not this architecture
      |  ^~~~~
configure:8788: $? = 1
configure: failed program was:
| /* confdefs.h */
| #define PACKAGE_NAME "Shore-Storage-Manager"
| #define PACKAGE_TARNAME "shore-storage-manager"
| #define PACKAGE_VERSION "6.0.1"
| #define PACKAGE_STRING "Shore-Storage-Manager 6.0.1"
| #define PACKAGE_BUGREPORT "Noone._Sadly-_this_is_unsupported_software."
| #define PACKAGE_URL ""
| #define PACKAGE "shore-storage-manager"
| #define VERSION "6.0.1"
| #define HAVE_DIRENT_H 1
| #define HAVE_STDIO_H 1
| #define HAVE_STDLIB_H 1
| #define HAVE_STRING_H 1
| #define HAVE_INTTYPES_H 1
| #define HAVE_STDINT_H 1
| #define HAVE_STRINGS_H 1
| #define HAVE_SYS_STAT_H 1
| #define HAVE_SYS_TYPES_H 1
| #define HAVE_UNISTD_H 1
| #define STDC_HEADERS 1
| #define HAVE_FCNTL_H 1
| #define HAVE_MEMORY_H 1
| #define HAVE_STRING_H 1
| #define HAVE_NETDB_H 1
| #define HAVE_NETINET_IN_H 1
| #define HAVE_SYS_IOCTL_H 1
| #define HAVE_SYS_PARAM_H 1
| #define HAVE_SYS_SOCKET_H 1
| #define HAVE_VPRINTF 1
| #define HAVE_PTRDIFF_T 1
| #define HAVE_PTRDIFF_T 1
| #define HAVE_DECL_MAP_ANONYMOUS 1
| #define HAVE_DECL_MAP_ANON 1
| #define HAVE_DECL_MAP_ALIGN 0
| #define HAVE_DECL_MAP_FIXED 1
| #define HAVE_DECL_MAP_NORESERVE 1
| #define HAVE_STRUCT_STAT_ST_BLKSIZE 1
| #define HAVE_POSIX_SPAWN 1
| #define HAVE_CLOCK_GETTIME 1
| #define HAVE_GETTIMEOFDAY 1
| #define HAVE_STRERROR 1
| #define SIZEOF_PTHREAD_T 8
| #define HAVE_SEMAPHORE_H 1
| #define HAVE_LIBRT 1
| #define HAVE_PTHREAD_ATTR_GETSTACK 1
| #define HAVE_PTHREAD_ATTR_GETSTACKSIZE 1
| #define HAVE_PTHREAD_BARRIERS 1
| #define x86_64 /**/
| #define amd64 1
| #define Linux /**/
| #define IS_X86_64_LINUX 1
| #define IS_AMD64_LINUX 1
| #define IS_LINUX 1
| /* end confdefs.h.  */
| #if defined(linux) && defined(i386)
| #else
| #error not this architecture
| #endif
| 
| int
| main (void)
| {
| 
|   ;
|   return 0;
| }
configure:8823: g++ -E  conftest.cpp
conftest.cpp:57:2: error: #error not this architecture
   57 | #error not this architecture
      |  ^~~~~
configure:8823: $? = 1
configure: failed program was:
| /* confdefs.h */
| #define PACKAGE_NAME "Shore-Storage-Manager"
| #define PACKAGE_TARNAME "shore-storage-manager"
| #define PACKAGE_VERSION "6.0.1"
| #define PACKAGE_STRING "Shore-Storage-Manager 6.0.1"
| #define PACKAGE_BUGREPORT "Noone._Sadly-_this_is_unsupported_software."
| #define PACKAGE_URL ""
| #define PACKAGE "shore-storage-manager"
| #define VERSION "6.0.1"
| #define HAVE_DIRENT_H 1
| #define HAVE_STDIO_H 1
| #define HAVE_STDLIB_H 1
| #define HAVE_STRING_H 1
| #define HAVE_INTTYPES_H 1
| #define HAVE_STDINT_H 1
| #define HAVE_STRINGS_H 1
| #define HAVE_SYS_STAT_H 1
| #define HAVE_SYS_TYPES_H 1
| #define HAVE_UNISTD_H 1
| #define STDC_HEADERS 1
| #define HAVE_FCNTL_H 1
| #define HAVE_MEMORY_H 1
| #define HAVE_STRING_H 1
| #define HAVE_NETDB_H 1
| #define HAVE_NETINET_IN_H 1
| #define HAVE_SYS_IOCTL_H 1
| #define HAVE_SYS_PARAM_H 1
| #define HAVE_SYS_SOCKET_H 1
| #define HAVE_VPRINTF 1
| #define HAVE_PTRDIFF_T 1
| #define HAVE_PTRDIFF_T 1
| #define HAVE_DECL_MAP_ANONYMOUS 1
| #define HAVE_DECL_MAP_ANON 1
| #define HAVE_DECL_MAP_ALIGN 0
| #define HAVE_DECL_MAP_FIXED 1
| #define HAVE_DECL_MAP_NORESERVE 1
| #define HAVE_STRUCT_STAT_ST_BLKSIZE 1
| #define HAVE_POSIX_SPAWN 1
| #define HAVE_CLOCK_GETTIME 1
| #define HAVE_GETTIMEOFDAY 1
| #define HAVE_STRERROR 1
| #define SIZEOF_PTHREAD_T 8
| #define HAVE_SEMAPHORE_H 1
| #define HAVE_LIBRT 1
| #define HAVE_PTHREAD_ATTR_GETSTACK 1
| #define HAVE_PTHREAD_ATTR_GETSTACKSIZE 1
| #define HAVE_PTHREAD_BARRIERS 1
| #define x86_64 /**/
| #define amd64 1
| #define Linux /**/
| #define IS_X86_64_LINUX 1
| #define IS_AMD64_LINUX 1
| #define IS_LINUX 1
| /* end confdefs.h.  */
| #if defined(linux) && defined(__ia64)
| #else
| #error not this architecture
| #endif
| 
| int
| main (void)
| {
| 
|   ;
|   return 0;
| }
configure:8856: g++ -E  conftest.cpp
conftest.cpp:57:2: error: #error not this architecture
   57 | #error not this architecture
      |  ^~~~~
configure:8856: $? = 1
configure: failed program was:
| /* confdefs.h */
| #define PACKAGE_NAME "Shore-Storage-Manager"
| #define PACKAGE_TARNAME "shore-storage-manager"
| #define PACKAGE_VERSION "6.0.1"
| #define PACKAGE_STRING "Shore-Storage-Manager 6.0.1"
| #define PACKAGE_BUGREPORT "Noone._Sadly-_this_is_unsupported_software."
| #define PACKAGE_URL ""
| #define PACKAGE "shore-storage-manager"
| #define VERSION "6.0.1"
| #define HAVE_DIRENT_H 1
| #define HAVE_STDIO_H 1
| #define HAVE_STDLIB_H 1
| #define HAVE_STRING_H 1
| #define HAVE_INTTYPES_H 1
| #define HAVE_STDINT_H 1
| #define HAVE_STRINGS_H 1
| #define HAVE_SYS_STAT_H 1
| #define HAVE_SYS_TYPES_H 1
| #define HAVE_UNISTD_H 1
| #define STDC_HEADERS 1
| #define HAVE_FCNTL_H 1
| #define HAVE_MEMORY_H 1
| #define HAVE_STRING_H 1
| #define HAVE_NETDB_H 1
| #define HAVE_NETINET_IN_H 1
| #define HAVE_SYS_IOCTL_H 1
| #define HAVE_SYS_PARAM_H 1
| #define HAVE_SYS_SOCKET_H 1
| #define HAVE_VPRINTF 1
| #define HAVE_PTRDIFF_T 1
| #define HAVE_PTRDIFF_T 1
| #define HAVE_DECL_MAP_ANONYMOUS 1
| #define HAVE_DECL_MAP_ANON 1
| #define HAVE_DECL_MAP_ALIGN 0
| #define HAVE_DECL_MAP_FIXED 1
| #define HAVE_DECL_MAP_NORESERVE 1
| #define HAVE_STRUCT_STAT_ST_BLKSIZE 1
| #define HAVE_POSIX_SPAWN 1
| #define HAVE_CLOCK_GETTIME 1
| #define HAVE_GETTIMEOFDAY 1
| #define HAVE_STRERROR 1
| #define SIZEOF_PTHREAD_T 8
| #define HAVE_SEMAPHORE_H 1
| #define HAVE_LIBRT 1
| #define HAVE_PTHREAD_ATTR_GETSTACK 1
| #define HAVE_PTHREAD_ATTR_GETSTACKSIZE 1
| #define HAVE_PTHREAD_BARRIERS 1
| #define x86_64 /**/
| #define amd64 1
| #define Linux /**/
| #define IS_X86_64_LINUX 1
| #define IS_AMD64_LINUX 1
| #define IS_LINUX 1
| /* end confdefs.h.  */
| #if defined(aix)  && defined(FORCE_AIX4)
| #else
| #error not this architecture
| #endif
| 
| int
| main (void)
| {
| 
|   ;
|   return 0;
| }
configure:8892: g++ -E  conftest.cpp
conftest.cpp:57:2: error: #error not this architecture
   57 | #error not this architecture
      |  ^~~~~
configure:8892: $? = 1
configure: failed program was:
| /* confdefs.h */
| #define PACKAGE_NAME "Shore-Storage-Manager"
| #define PACKAGE_TARNAME "shore-storage-manager"
| #define PACKAGE_VERSION "6.0.1"
| #define PACKAGE_STRING "Shore-Storage-Manager 6.0.1"
| #define PACKAGE_BUGREPORT "Noone._Sadly-_this_is_unsupported_software."
| #define PACKAGE_URL ""
| #define PACKAGE "shore-storage-manager"
| #define VERSION "6.0.1"
| #define HAVE_DIRENT_H 1
| #define HAVE_STDIO_H 1
| #define HAVE_STDLIB_H 1
| #define HAVE_STRING_H 1
| #define HAVE_INTTYPES_H 1
| #define HAVE_STDINT_H 1
| #define HAVE_STRINGS_H 1
| #define HAVE_SYS_STAT_H 1
| #define HAVE_SYS_TYPES_H 1
| #define HAVE_UNISTD_H 1
| #define STDC_HEADERS 1
| #define HAVE_FCNTL_H 1
| #define HAVE_MEMORY_H 1
| #define HAVE_STRING_H 1
| #define HAVE_NETDB_H 1
| #define HAVE_NETINET_IN_H 1
| #define HAVE_SYS_IOCTL_H 1
| #define HAVE_SYS_PARAM_H 1
| #define HAVE_SYS_SOCKET_H 1
| #define HAVE_VPRINTF 1
| #define HAVE_PTRDIFF_T 1
| #define HAVE_PTRDIFF_T 1
| #define HAVE_DECL_MAP_ANONYMOUS 1
| #define HAVE_DECL_MAP_ANON 1
| #define HAVE_DECL_MAP_ALIGN 0
| #define HAVE_DECL_MAP_FIXED 1
| #define HAVE_DECL_MAP_NORESERVE 1
| #define HAVE_STRUCT_STAT_ST_BLKSIZE 1
| #define HAVE_POSIX_SPAWN 1
| #define HAVE_CLOCK_GETTIME 1
| #define HAVE_GETTIMEOFDAY 1
| #define HAVE_STRERROR 1
| #define SIZEOF_PTHREAD_T 8
| #define HAVE_SEMAPHORE_H 1
| #define HAVE_LIBRT 1
| #define HAVE_PTHREAD_ATTR_GETSTACK 1
| #define HAVE_PTHREAD_ATTR_GETSTACKSIZE 1
| #define HAVE_PTHREAD_BARRIERS 1
| #define x86_64 /**/
| #define amd64 1
| #define Linux /**/
| #define IS_X86_64_LINUX 1
| #define IS_AMD64_LINUX 1
| #define IS_LINUX 1
| /* end confdefs.h.  */
| #if defined(aix)  && !defined(FORCE_AIX4)
| #else
| #error not this architecture
| #endif
| 
| int
| main (void)
| {
| 
|   ;
|   return 0;
| }
configure:8929: g++ -E  conftest.cpp
conftest.cpp:57:2: error: #error not this architecture
   57 | #error not this architecture
      |  ^~~~~
configure:8929: $? = 1
configure: failed program was:
| /* confdefs.h */
| #define PACKAGE_NAME "Shore-Storage-Manager"
| #define PACKAGE_TARNAME "shore-storage-manager"
| #define PACKAGE_VERSION "6.0.1"
| #define PACKAGE_STRING "Shore-Storage-Manager 6.0.1"
| #define PACKAGE_BUGREPORT "Noone._Sadly-_this_is_unsupported_software."
| #define PACKAGE_URL ""
| #define PACKAGE "shore-storage-manager"
| #define VERSION "6.0.1"
| #define HAVE_DIRENT_H 1
| #define HAVE_STDIO_H 1
| #define HAVE_STDLIB_H 1
| #define HAVE_STRING_H 1
| #define HAVE_INTTYPES_H 1
| #define HAVE_STDINT_H 1
| #define HAVE_STRINGS_H 1
| #define HAVE_SYS_STAT_H 1
| #define HAVE_SYS_TYPES_H 1
| #define HAVE_UNISTD_H 1
| #define STDC_HEADERS 1
| #define HAVE_FCNTL_H 1
| #define HAVE_MEMORY_H 1
| #define HAVE_STRING_H 1
| #define HAVE_NETDB_H 1
| #define HAVE_NETINET_IN_H 1
| #define HAVE_SYS_IOCTL_H 1
| #define HAVE_SYS_PARAM_H 1
| #define HAVE_SYS_SOCKET_H 1
| #define HAVE_VPRINTF 1
| #define HAVE_PTRDIFF_T 1
| #define HAVE_PTRDIFF_T 1
| #define HAVE_DECL_MAP_ANONYMOUS 1
| #define HAVE_DECL_MAP_ANON 1
| #define HAVE_DECL_MAP_ALIGN 0
| #define HAVE_DECL_MAP_FIXED 1
| #define HAVE_DECL_MAP_NORESERVE 1
| #define HAVE_STRUCT_STAT_ST_BLKSIZE 1
| #define HAVE_POSIX_SPAWN 1
| #define HAVE_CLOCK_GETTIME 1
| #define HAVE_GETTIMEOFDAY 1
| #define HAVE_STRERROR 1
| #define SIZEOF_PTHREAD_T 8
| #define HAVE_SEMAPHORE_H 1
| #define HAVE_LIBRT 1
| #define HAVE_PTHREAD_ATTR_GETSTACK 1
| #define HAVE_PTHREAD_ATTR_GETSTACKSIZE 1
| #define HAVE_PTHREAD_BARRIERS 1
| #define x86_64 /**/
| #define amd64 1
| #define Linux /**/
| #define IS_X86_64_LINUX 1
| #define IS_AMD64_LINUX 1
| #define IS_LINUX 1
| /* end confdefs.h.  */
| #if defined(__ppc__) && defined(__APPLE__)
| #else
| #error not this architecture
| #endif
| 
| int
| main (void)
| {
| 
|   ;
|   return 0;
| }
configure:8964: g++ -E  conftest.cpp
conftest.cpp:57:2: error: #error not this architecture
   57 | #error not this architecture
      |  ^~~~~
configure:8964: $? = 1
configure: failed program was:
| /* confdefs.h */
| #define PACKAGE_NAME "Shore-Storage-Manager"
| #define PACKAGE_TARNAME "shore-storage-manager"
| #define PACKAGE_VERSION "6.0.1"
| #define PACKAGE_STRING "Shore-Storage-Manager 6.0.1"
| #define PACKAGE_BUGREPORT "Noone._Sadly-_this_is_unsupported_software."
| #define PACKAGE_URL ""
| #define PACKAGE "shore-storage-manager"
| #define VERSION "6.0.1"
| #define HAVE_DIRENT_H 1
| #define HAVE_STDIO_H 1
| #define HAVE_STDLIB_H 1
| #define HAVE_STRING_H 1
| #define HAVE_INTTYPES_H 1
| #define HAVE_STDINT_H 1
| #define HAVE_STRINGS_H 1
| #define HAVE_SYS_STAT_H 1
| #define HAVE_SYS_TYPES_H 1
| #define HAVE_UNISTD_H 1
| #define STDC_HEADERS 1
| #define HAVE_FCNTL_H 1
| #define HAVE_MEMORY_H 1
| #define HAVE_STRING_H 1
| #define HAVE_NETDB_H 1
| #define HAVE_NETINET_IN_H 1
| #define HAVE_SYS_IOCTL_H 1
| #define HAVE_SYS_PARAM_H 1
| #define HAVE_SYS_SOCKET_H 1
| #define HAVE_VPRINTF 1
| #define HAVE_PTRDIFF_T 1
| #define HAVE_PTRDIFF_T 1
| #define HAVE_DECL_MAP_ANONYMOUS 1
| #define HAVE_DECL_MAP_ANON 1
| #define HAVE_DECL_MAP_ALIGN 0
| #define HAVE_DECL_MAP_FIXED 1
| #define HAVE_DECL_MAP_NORESERVE 1
| #define HAVE_STRUCT_STAT_ST_BLKSIZE 1
| #define HAVE_POSIX_SPAWN 1
| #define HAVE_CLOCK_GETTIME 1
| #define HAVE_GETTIMEOFDAY 1
| #define HAVE_STRERROR 1
| #define SIZEOF_PTHREAD_T 8
| #define HAVE_SEMAPHORE_H 1
| #define HAVE_LIBRT 1
| #define HAVE_PTHREAD_ATTR_GETSTACK 1
| #define HAVE_PTHREAD_ATTR_GETSTACKSIZE 1
| #define HAVE_PTHREAD_BARRIERS 1
| #define x86_64 /**/
| #define amd64 1
| #define Linux /**/
| #define IS_X86_64_LINUX 1
| #define IS_AMD64_LINUX 1
| #define IS_LINUX 1
| /* end confdefs.h.  */
| #if defined(__i386__) && defined(__APPLE__)
| #else
| #error not this architecture
| #endif
| 
| int
| main (void)
| {
| 
|   ;
|   return 0;
| }
configure:9011: checking whether the ios headers exist without .h suffix
configure:9025: g++ -E  conftest.cpp
configure:9025: $? = 0
configure:9034: result: yes
configure:9117: checking for Hugepagesize
configure:9122: result: 2048
configure:9153: checking for posix_memalign
configure:9153: gcc -o conftest -g -O2   conftest.c -lrt  >&5
conftest.c:72:6: warning: conflicting types for built-in function 'posix_memalign'; expected 'int(void **, long unsigned int,  long unsigned int)' [-Wbuiltin-declaration-mismatch]
   72 | char posix_memalign ();
      |      ^~~~~~~~~~~~~~
configure:9153: $? = 0
configure:9153: result: yes
configure:9160: checking for memalign
configure:9160: gcc -o conftest -g -O2   conftest.c -lrt  >&5
configure:9160: $? = 0
configure:9160: result: yes
configure:9167: checking for valloc
configure:9167: gcc -o conftest -g -O2   conftest.c -lrt  >&5
configure:9167: $? = 0
configure:9167: result: yes
configure:9263: checking for time.h
configure:9263: gcc -c -g -O2  conftest.c >&5
configure:9263: $? = 0
configure:9263: result: yes
configure:9270: checking for gethrtime
configure:9270: gcc -o conftest -g -O2   conftest.c -lrt  >&5
/usr/bin/ld: /tmp/cc6xgltL.o: in function `main':
/home/wjy/SComet/benchmarks/Tailbench/tailbench/shore/shore-mt/conftest.c:87:(.text.startup+0xb): undefined reference to `gethrtime'
collect2: error: ld returned 1 exit status
configure:9270: $? = 1
configure: failed program was:
| /* confdefs.h */
| #define PACKAGE_NAME "Shore-Storage-Manager"
| #define PACKAGE_TARNAME "shore-storage-manager"
| #define PACKAGE_VERSION "6.0.1"
| #define PACKAGE_STRING "Shore-Storage-Manager 6.0.1"
| #define PACKAGE_BUGREPORT "Noone._Sadly-_this_is_unsupported_software."
| #define PACKAGE_URL ""
| #define PACKAGE "shore-storage-manager"
| #define VERSION "6.0.1"
| #define HAVE_DIRENT_H 1
| #define HAVE_STDIO_H 1
| #define HAVE_STDLIB_H 1
| #define HAVE_STRING_H 1
| #define HAVE_INTTYPES_H 1
| #define HAVE_STDINT_H 1
| #define HAVE_STRINGS_H 1
| #define HAVE_SYS_STAT_H 1
| #define HAVE_SYS_TYPES_H 1
| #define HAVE_UNISTD_H 1
| #define STDC_HEADERS 1
| #define HAVE_FCNTL_H 1
| #define HAVE_MEMORY_H 1
| #define HAVE_STRING_H 1
| #define HAVE_NETDB_H 1
| #define HAVE_NETINET_IN_H 1
| #define HAVE_SYS_IOCTL_H 1
| #define HAVE_SYS_PARAM_H 1
| #define HAVE_SYS_SOCKET_H 1
| #define HAVE_VPRINTF 1
| #define HAVE_PTRDIFF_T 1
| #define HAVE_PTRDIFF_T 1
| #define HAVE_DECL_MAP_ANONYMOUS 1
| #define HAVE_DECL_MAP_ANON 1
| #define HAVE_DECL_MAP_ALIGN 0
| #define HAVE_DECL_MAP_FIXED 1
| #define HAVE_DECL_MAP_NORESERVE 1
| #define HAVE_STRUCT_STAT_ST_BLKSIZE 1
| #define HAVE_POSIX_SPAWN 1
| #define HAVE_CLOCK_GETTIME 1
| #define HAVE_GETTIMEOFDAY 1
| #define HAVE_STRERROR 1
| #define SIZEOF_PTHREAD_T 8
| #define HAVE_SEMAPHORE_H 1
| #define HAVE_LIBRT 1
| #define HAVE_PTHREAD_ATTR_GETSTACK 1
| #define HAVE_PTHREAD_ATTR_GETSTACKSIZE 1
| #define HAVE_PTHREAD_BARRIERS 1
| #define x86_64 /**/
| #define amd64 1
| #define Linux /**/
| #define IS_X86_64_LINUX 1
| #define IS_AMD64_LINUX 1
| #define IS_LINUX 1
| #define HUGEPAGESIZE 2048
| #define HAVE_POSIX_MEMALIGN 1
| #define HAVE_MEMALIGN 1
| #define HAVE_VALLOC 1
| #define HAVE_TIME_H 1
| /* end confdefs.h.  */
| /* Define gethrtime to an innocuous variant, in case <limits.h> declares gethrtime.
|    For example, HP-UX 11i <limits.h> declares gettimeofday.  */
| #define gethrtime innocuous_gethrtime
| 
| /* System header to define __stub macros and hopefully few prototypes,
|    which can conflict with char gethrtime (); below.  */
| 
| #include <limits.h>
| #undef gethrtime
| 
| /* Override any GCC internal prototype to avoid an error.
|    Use char because int might match the return type of a GCC
|    builtin and then its argument prototype would still apply.  */
| #ifdef __cplusplus
| extern "C"
| #endif
| char gethrtime ();
| /* The GNU C library defines this for functions which it implements
|     to always fail with ENOSYS.  Some functions are actually named
|     something starting with __ and the normal name is an alias.  */
| #if defined __stub_gethrtime || defined __stub___gethrtime
| choke me
| #endif
| 
| int
| main (void)
| {
| return gethrtime ();
|   ;
|   return 0;
| }
configure:9270: result: no
configure:9277: checking for getopt
configure:9277: gcc -o conftest -g -O2   conftest.c -lrt  >&5
configure:9277: $? = 0
configure:9277: result: yes
configure:9284: checking for uname
configure:9284: gcc -o conftest -g -O2   conftest.c -lrt  >&5
configure:9284: $? = 0
configure:9284: result: yes
configure:9469: result: Debug level 0 (optimized)
configure:9511: result: Debugger symbols true
configure:9680: checking whether to enable DORA-support
configure:9705: result: yes
configure:9718: checking whether to enable PLP tracing
configure:9748: result: no
configure:9755: checking whether to enable HISTOGRAM-support
configure:9785: result: no
configure:9961: checking that generated files are newer than configure
configure:9967: result: done
configure:10147: creating ./config.status

## ---------------- ##
## Cache variables. ##
## ---------------- ##

ac_cv_c_bigendian=no
ac_cv_c_compiler_gnu=yes
ac_cv_c_undeclared_builtin_options='none needed'
ac_cv_cxx_compiler_gnu=yes
ac_cv_env_CCASFLAGS_set=
ac_cv_env_CCASFLAGS_value=
ac_cv_env_CCAS_set=
ac_cv_env_CCAS_value=
ac_cv_env_CCC_set=
ac_cv_env_CCC_value=
ac_cv_env_CC_set=
ac_cv_env_CC_value=
ac_cv_env_CFLAGS_set=
ac_cv_env_CFLAGS_value=
ac_cv_env_CPPFLAGS_set=
ac_cv_env_CPPFLAGS_value=
ac_cv_env_CPP_set=
ac_cv_env_CPP_value=
ac_cv_env_CXXCPP_set=
ac_cv_env_CXXCPP_value=
ac_cv_env_CXXFLAGS_set=set
ac_cv_env_CXXFLAGS_value='-std=c++98 -g'
ac_cv_env_CXX_set=
ac_cv_env_CXX_value=
ac_cv_env_LDFLAGS_set=
ac_cv_env_LDFLAGS_value=
ac_cv_env_LIBS_set=
ac_cv_env_LIBS_value=
ac_cv_env_build_alias_set=
ac_cv_env_build_alias_value=
ac_cv_env_host_alias_set=
ac_cv_env_host_alias_value=
ac_cv_env_target_alias_set=
ac_cv_env_target_alias_value=
ac_cv_func_clock_gettime=yes
ac_cv_func_gethrtime=no
ac_cv_func_getopt=yes
ac_cv_func_getpagesizes=no
ac_cv_func_gettimeofday=yes
ac_cv_func_memalign=yes
ac_cv_func_membar_enter=no
ac_cv_func_memcntl=no
ac_cv_func_posix_memalign=yes
ac_cv_func_posix_spawn=yes
ac_cv_func_strerror=yes
ac_cv_func_uname=yes
ac_cv_func_valloc=yes
ac_cv_func_vprintf=yes
ac_cv_have_decl_MAP_ALIGN=no
ac_cv_have_decl_MAP_ANON=yes
ac_cv_have_decl_MAP_ANONYMOUS=yes
ac_cv_have_decl_MAP_FIXED=yes
ac_cv_have_decl_MAP_NORESERVE=yes
ac_cv_header_atomic_h=no
ac_cv_header_dirent_dirent_h=yes
ac_cv_header_fcntl_h=yes
ac_cv_header_inttypes_h=yes
ac_cv_header_memory_h=yes
ac_cv_header_netdb_h=yes
ac_cv_header_netinet_in_h=yes
ac_cv_header_semaphore_h=yes
ac_cv_header_stdint_h=yes
ac_cv_header_stdio_h=yes
ac_cv_header_stdlib_h=yes
ac_cv_header_string_h=yes
ac_cv_header_strings_h=yes
ac_cv_header_sys_ioctl_h=yes
ac_cv_header_sys_param_h=yes
ac_cv_header_sys_socket_h=yes
ac_cv_header_sys_stat_h=yes
ac_cv_header_sys_types_h=yes
ac_cv_header_time_h=yes
ac_cv_header_unistd_h=yes
ac_cv_lib_pthread_pthread_attr_getstack=yes
ac_cv_lib_pthread_pthread_attr_getstacksize=yes
ac_cv_lib_pthread_pthread_barrier_wait=yes
ac_cv_lib_rt_clock_gettime=yes
ac_cv_member_struct_stat_st_blksize=yes
ac_cv_objext=o
ac_cv_path_EGREP='/usr/bin/grep -E'
ac_cv_path_GREP=/usr/bin/grep
ac_cv_path_PERL=/usr/bin/perl
ac_cv_path_install='/usr/bin/install -c'
ac_cv_path_mkdir=/usr/bin/mkdir
ac_cv_prog_AWK=gawk
ac_cv_prog_CPP='gcc -E'
ac_cv_prog_CXXCPP='g++ -E'
ac_cv_prog_ac_ct_CC=gcc
ac_cv_prog_ac_ct_CXX=g++
ac_cv_prog_ac_ct_RANLIB=ranlib
ac_cv_prog_ac_ct_RMM=rm
ac_cv_prog_cc_c11=
ac_cv_prog_cc_g=yes
ac_cv_prog_cc_stdc=
ac_cv_prog_cxx_cxx11=no
ac_cv_prog_cxx_cxx98=
ac_cv_prog_cxx_g=yes
ac_cv_prog_cxx_stdcxx=
ac_cv_prog_make_make_set=yes
ac_cv_search_opendir='none required'
ac_cv_sizeof_pthread_t=8
ac_cv_type_char_t=no
ac_cv_type_long_t=no
ac_cv_type_mode_t=yes
ac_cv_type_off_t=yes
ac_cv_type_pid_t=yes
ac_cv_type_ptrdiff_t=yes
ac_cv_type_short_t=no
ac_cv_type_size_t=yes
ac_cv_type_uchar_t=no
ac_cv_type_uid_t=yes
ac_cv_type_ulong_t=no
ac_cv_type_ushort_t=no
am_cv_CCAS_dependencies_compiler_type=gcc3
am_cv_CC_dependencies_compiler_type=gcc3
am_cv_CXX_dependencies_compiler_type=gcc3
am_cv_make_support_nested_variables=yes
am_cv_prog_cc_c_o=yes

## ----------------- ##
## Output variables. ##
## ----------------- ##

ACLOCAL='aclocal-1.16'
AMDEPBACKSLASH='\'
AMDEP_FALSE='#'
AMDEP_TRUE=''
AMTAR='$${TAR-tar}'
AM_BACKSLASH='\'
AM_DEFAULT_V='$(AM_DEFAULT_VERBOSITY)'
AM_DEFAULT_VERBOSITY='1'
AM_V='$(V)'
AUTOCONF='autoconf'
AUTOHEADER='autoheader'
AUTOMAKE='automake-1.16'
AWK='gawk'
CC='gcc'
CCAS='gcc'
CCASDEPMODE='depmode=gcc3'
CCASFLAGS='-g -O2'
CCDEPMODE='depmode=gcc3'
CFLAGS='-g -O2'
COMPILER_IS_GCC_FALSE='#'
COMPILER_IS_GCC_TRUE=''
COMPILER_IS_SUNCC_FALSE=''
COMPILER_IS_SUNCC_TRUE='#'
COMPILER_IS_UNKNOWN_FALSE='#'
COMPILER_IS_UNKNOWN_TRUE=''
CPP='gcc -E'
CPPFLAGS=''
CSCOPE='cscope'
CTAGS='ctags'
CXX='g++'
CXXCPP='g++ -E'
CXXDEPMODE='depmode=gcc3'
CXXFLAGS='-std=c++98 -g'
CYGPATH_W='echo'
DEBUGGERSYMBOLS_FALSE='#'
DEBUGGERSYMBOLS_TRUE=''
DEBUGLEVEL0_FALSE='#'
DEBUGLEVEL0_TRUE=''
DEBUGLEVEL1_FALSE=''
DEBUGLEVEL1_TRUE='#'
DEBUGLEVEL2_FALSE=''
DEBUGLEVEL2_TRUE='#'
DEBUGLEVEL3_FALSE=''
DEBUGLEVEL3_TRUE='#'
DEFS='-DHAVE_CONFIG_H'
DEPDIR='.deps'
DISABLE_OPTIMIZATIONS_FALSE=''
DISABLE_OPTIMIZATIONS_TRUE='#'
DTRACE=''
ECHO_C=''
ECHO_N='-n'
ECHO_T=''
EGREP='/usr/bin/grep -E'
ENABLE_ARCH_LP64_FALSE='#'
ENABLE_ARCH_LP64_TRUE=''
ETAGS='etags'
EXEEXT=''
EXPLICIT_TEMPLATE_FALSE=''
EXPLICIT_TEMPLATE_TRUE='#'
GCC_BROKEN_WARNINGS_FALSE=''
GCC_BROKEN_WARNINGS_TRUE='#'
GCC_VER_34_WARNINGS_FALSE='#'
GCC_VER_34_WARNINGS_TRUE=''
GCC_VER_3_WARNINGS_FALSE=''
GCC_VER_3_WARNINGS_TRUE='#'
GREP='/usr/bin/grep'
INSTALL_DATA='${INSTALL} -m 644'
INSTALL_PROGRAM='${INSTALL}'
INSTALL_SCRIPT='${INSTALL}'
INSTALL_STRIP_PROGRAM='$(install_sh) -c -s'
LDFLAGS=''
LIBOBJS=''
LIBS='-lrt '
LTLIBOBJS=''
MAKEINFO='makeinfo'
MKDIR_P='/usr/bin/mkdir -p'
NOPEDANTIC_FALSE='#'
NOPEDANTIC_TRUE=''
OBJEXT='o'
PACKAGE='shore-storage-manager'
PACKAGE_BUGREPORT='Noone._Sadly-_this_is_unsupported_software.'
PACKAGE_NAME='Shore-Storage-Manager'
PACKAGE_STRING='Shore-Storage-Manager 6.0.1'
PACKAGE_TARNAME='shore-storage-manager'
PACKAGE_URL=''
PACKAGE_VERSION='6.0.1'
PATH_SEPARATOR=':'
PERL='/usr/bin/perl'
PURECOV_FALSE=''
PURECOV_TRUE='#'
PURIFY_FALSE=''
PURIFY_TRUE='#'
QUANTIFY_FALSE=''
QUANTIFY_TRUE='#'
RANLIB='ranlib'
RMM='rm'
SET_MAKE=''
SHELL='/bin/bash'
STRIP=''
TRACE_FALSE=''
TRACE_TRUE='#'
USE_DORA_FALSE='#'
USE_DORA_TRUE=''
USE_HISTOGRAM_FALSE=''
USE_HISTOGRAM_TRUE='#'
USE_IOS_COMPAT_FALSE=''
USE_IOS_COMPAT_TRUE='#'
USE_PLPTRACING_FALSE=''
USE_PLPTRACING_TRUE='#'
VERSION='6.0.1'
ac_ct_CC='gcc'
ac_ct_CXX='g++'
am__EXEEXT_FALSE=''
am__EXEEXT_TRUE='#'
am__fastdepCCAS_FALSE='#'
am__fastdepCCAS_TRUE=''
am__fastdepCC_FALSE='#'
am__fastdepCC_TRUE=''
am__fastdepCXX_FALSE='#'
am__fastdepCXX_TRUE=''
am__include='include'
am__isrc=''
am__leading_dot='.'
am__nodep='_no'
am__quote=''
am__tar='$${TAR-tar} chof - "$$tardir"'
am__untar='$${TAR-tar} xf -'
bindir='${exec_prefix}/bin'
build_alias=''
datadir='${datarootdir}'
datarootdir='${prefix}/share'
docdir='${datarootdir}/doc/${PACKAGE_TARNAME}'
dvidir='${docdir}'
exec_prefix='${prefix}'
host_alias=''
htmldir='${docdir}'
includedir='${prefix}/include'
infodir='${datarootdir}/info'
install_sh='${SHELL} /home/wjy/SComet/benchmarks/Tailbench/tailbench/shore/shore-mt/config/install-sh'
libdir='${exec_prefix}/lib'
libexecdir='${exec_prefix}/libexec'
localedir='${datarootdir}/locale'
localstatedir='${prefix}/var'
mandir='${datarootdir}/man'
mkdir_p='$(MKDIR_P)'
oldincludedir='/usr/include'
pdfdir='${docdir}'
prefix='/usr/local'
program_transform_name='s,x,x,'
psdir='${docdir}'
runstatedir='${localstatedir}/run'
sbindir='${exec_prefix}/sbin'
sharedstatedir='${prefix}/com'
sysconfdir='${prefix}/etc'
target_alias=''
uname_machine='x86_64'

## ----------- ##
## confdefs.h. ##
## ----------- ##

/* confdefs.h */
#define PACKAGE_NAME "Shore-Storage-Manager"
#define PACKAGE_TARNAME "shore-storage-manager"
#define PACKAGE_VERSION "6.0.1"
#define PACKAGE_STRING "Shore-Storage-Manager 6.0.1"
#define PACKAGE_BUGREPORT "Noone._Sadly-_this_is_unsupported_software."
#define PACKAGE_URL ""
#define PACKAGE "shore-storage-manager"
#define VERSION "6.0.1"
#define HAVE_DIRENT_H 1
#define HAVE_STDIO_H 1
#define HAVE_STDLIB_H 1
#define HAVE_STRING_H 1
#define HAVE_INTTYPES_H 1
#define HAVE_STDINT_H 1
#define HAVE_STRINGS_H 1
#define HAVE_SYS_STAT_H 1
#define HAVE_SYS_TYPES_H 1
#define HAVE_UNISTD_H 1
#define STDC_HEADERS 1
#define HAVE_FCNTL_H 1
#define HAVE_MEMORY_H 1
#define HAVE_STRING_H 1
#define HAVE_NETDB_H 1
#define HAVE_NETINET_IN_H 1
#define HAVE_SYS_IOCTL_H 1
#define HAVE_SYS_PARAM_H 1
#define HAVE_SYS_SOCKET_H 1
#define HAVE_VPRINTF 1
#define HAVE_PTRDIFF_T 1
#define HAVE_PTRDIFF_T 1
#define HAVE_DECL_MAP_ANONYMOUS 1
#define HAVE_DECL_MAP_ANON 1
#define HAVE_DECL_MAP_ALIGN 0
#define HAVE_DECL_MAP_FIXED 1
#define HAVE_DECL_MAP_NORESERVE 1
#define HAVE_STRUCT_STAT_ST_BLKSIZE 1
#define HAVE_POSIX_SPAWN 1
#define HAVE_CLOCK_GETTIME 1
#define HAVE_GETTIMEOFDAY 1
#define HAVE_STRERROR 1
#define SIZEOF_PTHREAD_T 8
#define HAVE_SEMAPHORE_H 1
#define HAVE_LIBRT 1
#define HAVE_PTHREAD_ATTR_GETSTACK 1
#define HAVE_PTHREAD_ATTR_GETSTACKSIZE 1
#define HAVE_PTHREAD_BARRIERS 1
#define x86_64 /**/
#define amd64 1
#define Linux /**/
#define IS_X86_64_LINUX 1
#define IS_AMD64_LINUX 1
#define IS_LINUX 1
#define HUGEPAGESIZE 2048
#define HAVE_POSIX_MEMALIGN 1
#define HAVE_MEMALIGN 1
#define HAVE_VALLOC 1
#define HAVE_TIME_H 1
#define HAVE_GETOPT 1
#define HAVE_UNAME 1
#define W_DEBUG_RC 0
#define TRACECODE 0
#define W_DEBUG_LEVEL 0
#define SM_DORA 1

configure: exit 0

## ---------------------- ##
## Running config.status. ##
## ---------------------- ##

This file was extended by Shore-Storage-Manager config.status 6.0.1, which was
generated by GNU Autoconf 2.71.  Invocation command line was

  CONFIG_FILES    = 
  CONFIG_HEADERS  = 
  CONFIG_LINKS    = 
  CONFIG_COMMANDS = 
  $ ./config.status 

on galaxy03-mars

config.status:987: creating Makefile
config.status:987: creating config/Makefile
config.status:987: creating tools/Makefile
config.status:987: creating src/Makefile
config.status:987: creating src/atomic_ops/Makefile
config.status:987: creating src/fc/Makefile
config.status:987: creating src/fc/tests/Makefile
config.status:987: creating src/sthread/Makefile
config.status:987: creating src/sthread/tests/Makefile
config.status:987: creating src/common/Makefile
config.status:987: creating src/common/tests/Makefile
config.status:987: creating src/sm/Makefile
config.status:987: creating src/sm/tests/Makefile
config.status:987: creating src/sm/smsh/Makefile
config.status:987: creating src/sm/smsh/scripts/Makefile
config.status:987: creating src/sm/smsh/lib/Makefile
config.status:987: creating src/atomic_ops/asm_linkage/Makefile
config.status:987: creating src/atomic_ops/asm_linkage/usr/Makefile
config.status:987: creating src/atomic_ops/asm_linkage/usr/src/Makefile
config.status:987: creating src/atomic_ops/asm_linkage/usr/src/uts/Makefile
config.status:987: creating src/atomic_ops/asm_linkage/usr/src/uts/intel/Makefile
config.status:987: creating src/atomic_ops/asm_linkage/usr/src/uts/intel/ia32/Makefile
config.status:987: creating src/atomic_ops/asm_linkage/usr/src/uts/intel/ia32/sys/Makefile
config.status:987: creating src/atomic_ops/asm_linkage/usr/src/uts/intel/sys/Makefile
config.status:987: creating src/atomic_ops/asm_linkage/usr/src/uts/sparc/Makefile
config.status:987: creating src/atomic_ops/asm_linkage/usr/src/uts/sparc/sys/Makefile
config.status:987: creating src/atomic_ops/atomic_ops/Makefile
config.status:987: creating src/atomic_ops/atomic_ops/amd64/Makefile
config.status:987: creating src/atomic_ops/atomic_ops/i386/Makefile
config.status:987: creating src/atomic_ops/atomic_ops/sparc/Makefile
config.status:987: creating src/atomic_ops/atomic_ops/sparcv9/Makefile
config.status:987: creating config/shore-config.h
config.status:1168: config/shore-config.h is unchanged
config.status:1216: executing depfiles commands
